#
# A fatal error has been detected by the Java Runtime Environment:
#
#  SIGSEGV (0xb) at pc=0x00007ff136ca5414, pid=11600, tid=140673995556608
#
# JRE version: OpenJDK Runtime Environment (7.0_79-b14) (build 1.7.0_79-b14)
# Java VM: OpenJDK 64-Bit Server VM (24.79-b02 mixed mode linux-amd64 compressed oops)
# Derivative: IcedTea 2.5.6
# Distribution: Ubuntu 14.04 LTS, package 7u79-2.5.6-0ubuntu1.14.04.1
# Problematic frame:
# C  [libpthread.so.0+0xa414]  pthread_mutex_lock+0x4
#
# Failed to write core dump. Core dumps have been disabled. To enable core dumping, try "ulimit -c unlimited" before starting Java again
#
# If you would like to submit a bug report, please include
# instructions on how to reproduce the bug and visit:
#   http://icedtea.classpath.org/bugzilla
# The crash happened outside the Java Virtual Machine in native code.
# See problematic frame for where to report the bug.
#

---------------  T H R E A D  ---------------

Current thread (0x00007ff13000a000):  JavaThread "main" [_thread_in_native, id=11605, stack(0x00007ff13778c000,0x00007ff13788d000)]

siginfo:si_signo=SIGSEGV: si_errno=0, si_code=1 (SEGV_MAPERR), si_addr=0x0000000000000010

Registers:
RAX=0x00007ff136ca5410, RBX=0x00007ff13788b0e0, RCX=0x000000000000015b, RDX=0x00007ff13788b0d0
RSP=0x00007ff13788b060, RBP=0x00007ff130200710, RSI=0x00007ff13788b0c0, RDI=0x0000000000000000
R8 =0x00007ff13788b0e0, R9 =0x00000000000001fd, R10=0x00007ff130096920, R11=0x00007ff12199dd07
R12=0x00007ff13788b0bc, R13=0x00007ff13000a1d8, R14=0x00007ff1303cadd0, R15=0x00007ff1301b3780
RIP=0x00007ff136ca5414, EFLAGS=0x0000000000010206, CSGSFS=0x0000000000000033, ERR=0x0000000000000004
  TRAPNO=0x000000000000000e

Top of Stack: (sp=0x00007ff13788b060)
0x00007ff13788b060:   00007ff1303cadd0 00007ff1219360da
0x00007ff13788b070:   00007ff13788b0c0 00007ff13788b0d0
0x00007ff13788b080:   00007ff1303cadd0 00007ff1303cad90
0x00007ff13788b090:   00007ff1301b3780 00007ff1303cadd0
0x00007ff13788b0a0:   00007ff1303cad90 00007ff121913a42
0x00007ff13788b0b0:   00007ff13788b1e0 00007ff1376a6515
0x00007ff13788b0c0:   0000015c0000015b 00007ff100000000
0x00007ff13788b0d0:   0000015500000154 00007ff100000000
0x00007ff13788b0e0:   00007ff1301b3780 00007ff1303cad90
0x00007ff13788b0f0:   00007ff13788b1e8 00007ff13788b150
0x00007ff13788b100:   00007ff13788b1e0 00007ff121e689f7
0x00007ff13788b110:   00007ff13000a000 00007ff1303cad90
0x00007ff13788b120:   0000000779e045c0 0000000779e045c0
0x00007ff13788b130:   0000000000000000 0000000779e045c0
0x00007ff13788b140:   00007ff13788b1f8 00007ff13000a000
0x00007ff13788b150:   00007ff13788b1c0 00007ff12d012d98
0x00007ff13788b160:   00007ff13000af58 00007ff13000af58
0x00007ff13788b170:   00007ff1fffffffe 0000000000000000
0x00007ff13788b180:   00007ff13788b180 0000000779e045c0
0x00007ff13788b190:   00007ff13788b1f8 0000000779e08fc8
0x00007ff13788b1a0:   0000000000000000 0000000779e045c0
0x00007ff13788b1b0:   0000000000000000 00007ff13788b1e0
0x00007ff13788b1c0:   00007ff13788b240 00007ff12d006233
0x00007ff13788b1d0:   00000007d6caa550 00007ff12d00ecdb
0x00007ff13788b1e0:   00000007d75c5718 00000007d6ad2c60
0x00007ff13788b1f0:   00007ff1301b3780 00007ff12d006175
0x00007ff13788b200:   00007ff13788b200 0000000779da6314
0x00007ff13788b210:   00007ff13788b258 0000000779dc1ba0
0x00007ff13788b220:   0000000000000000 0000000779da63e0
0x00007ff13788b230:   00007ff13788b1e0 00007ff13788b260
0x00007ff13788b240:   00007ff13788b2a0 00007ff12d006058
0x00007ff13788b250:   0000000000000000 0000000000000000 

Instructions: (pc=0x00007ff136ca5414)
0x00007ff136ca53f4:   0f 1f 40 00 c7 47 10 ff ff ff ff 31 c0 c3 66 2e
0x00007ff136ca5404:   0f 1f 84 00 00 00 00 00 0f 1f 40 00 48 83 ec 08
0x00007ff136ca5414:   8b 77 10 49 89 f8 89 f0 89 f2 25 7f 01 00 00 83
0x00007ff136ca5424:   e2 7c 0f 85 bf 00 00 00 85 c0 75 70 8b 15 ee 30 

Register to memory mapping:

RAX=0x00007ff136ca5410: pthread_mutex_lock+0 in /lib/x86_64-linux-gnu/libpthread.so.0 at 0x00007ff136c9b000
RBX=0x00007ff13788b0e0 is pointing into the stack for thread: 0x00007ff13000a000
RCX=0x000000000000015b is an unknown value
RDX=0x00007ff13788b0d0 is pointing into the stack for thread: 0x00007ff13000a000
RSP=0x00007ff13788b060 is pointing into the stack for thread: 0x00007ff13000a000
RBP=0x00007ff130200710 is an unknown value
RSI=0x00007ff13788b0c0 is pointing into the stack for thread: 0x00007ff13000a000
RDI=0x0000000000000000 is an unknown value
R8 =0x00007ff13788b0e0 is pointing into the stack for thread: 0x00007ff13000a000
R9 =0x00000000000001fd is an unknown value
R10=0x00007ff130096920 is an unknown value
R11=0x00007ff12199dd07: <offset 0xabd07> in /usr/lib/x86_64-linux-gnu/libX11.so.6 at 0x00007ff1218f2000
R12=0x00007ff13788b0bc is pointing into the stack for thread: 0x00007ff13000a000
R13=0x00007ff13000a1d8 is an unknown value
R14=0x00007ff1303cadd0 is an unknown value
R15=0x00007ff1301b3780 is an unknown value


Stack: [0x00007ff13778c000,0x00007ff13788d000],  sp=0x00007ff13788b060,  free space=1020k
Native frames: (J=compiled Java code, j=interpreted, Vv=VM code, C=native code)
C  [libpthread.so.0+0xa414]  pthread_mutex_lock+0x4
C  0x00007ff1301ff720

Java frames: (J=compiled Java code, j=interpreted, Vv=VM code)
j  sun.awt.X11.XlibWrapper.XGetDefault(JLjava/lang/String;Ljava/lang/String;)Ljava/lang/String;+0
j  sun.awt.X11.XToolkit.initializeMultiClickTime()V+12
j  sun.awt.X11.XToolkit.getMultiClickTime()I+6
j  sun.awt.X11.XToolkit.initializeDesktopProperties()V+82
j  java.awt.Toolkit.getDesktopProperty(Ljava/lang/String;)Ljava/lang/Object;+32
j  sun.swing.SwingUtilities2$AATextInfo.getAATextInfo(Z)Lsun/swing/SwingUtilities2$AATextInfo;+11
j  javax.swing.plaf.metal.MetalLookAndFeel.initComponentDefaults(Ljavax/swing/UIDefaults;)V+12100
j  javax.swing.plaf.basic.BasicLookAndFeel.getDefaults()Ljavax/swing/UIDefaults;+25
j  javax.swing.plaf.metal.MetalLookAndFeel.getDefaults()Ljavax/swing/UIDefaults;+9
j  javax.swing.UIManager.setLookAndFeel(Ljavax/swing/LookAndFeel;)V+79
j  javax.swing.UIManager.setLookAndFeel(Ljava/lang/String;)V+16
j  javax.swing.UIManager.initializeDefaultLAF(Ljava/util/Properties;)V+55
j  javax.swing.UIManager.initialize()V+9
j  javax.swing.UIManager.maybeInitialize()V+22
j  javax.swing.UIManager.getLookAndFeelDefaults()Ljavax/swing/UIDefaults;+0
j  org.scify.talkandplay.gui.ApplicationLauncher.setUIFont(Ljavax/swing/plaf/FontUIResource;)V+0
j  org.scify.talkandplay.gui.ApplicationLauncher.main([Ljava/lang/String;)V+30
v  ~StubRoutines::call_stub

---------------  P R O C E S S  ---------------

Java Threads: ( => current thread )
  0x00007ff130209000 JavaThread "AWT-XAWT" daemon [_thread_in_native, id=11619, stack(0x00007ff118818000,0x00007ff118919000)]
  0x00007ff1301e9800 JavaThread "Java2D Disposer" daemon [_thread_blocked, id=11618, stack(0x00007ff120039000,0x00007ff12013a000)]
  0x00007ff1300ae800 JavaThread "Service Thread" daemon [_thread_blocked, id=11616, stack(0x00007ff122475000,0x00007ff122576000)]
  0x00007ff1300ac000 JavaThread "C2 CompilerThread1" daemon [_thread_blocked, id=11615, stack(0x00007ff122576000,0x00007ff122677000)]
  0x00007ff1300a9800 JavaThread "C2 CompilerThread0" daemon [_thread_blocked, id=11614, stack(0x00007ff122677000,0x00007ff122778000)]
  0x00007ff1300a7000 JavaThread "Signal Dispatcher" daemon [_thread_blocked, id=11613, stack(0x00007ff122778000,0x00007ff122879000)]
  0x00007ff13007c000 JavaThread "Finalizer" daemon [_thread_blocked, id=11612, stack(0x00007ff122b43000,0x00007ff122c44000)]
  0x00007ff13007a000 JavaThread "Reference Handler" daemon [_thread_blocked, id=11611, stack(0x00007ff122c44000,0x00007ff122d45000)]
=>0x00007ff13000a000 JavaThread "main" [_thread_in_native, id=11605, stack(0x00007ff13778c000,0x00007ff13788d000)]

Other Threads:
  0x00007ff130075800 VMThread [stack: 0x00007ff122d45000,0x00007ff122e46000] [id=11610]
  0x00007ff1300b9800 WatcherThread [stack: 0x00007ff122374000,0x00007ff122475000] [id=11617]

VM state:not at safepoint (normal execution)

VM Mutex/Monitor currently owned by a thread: None

Heap
 PSYoungGen      total 37376K, used 11754K [0x00000007d6a80000, 0x00000007d9400000, 0x0000000800000000)
  eden space 32256K, 36% used [0x00000007d6a80000,0x00000007d75fa8f0,0x00000007d8a00000)
  from space 5120K, 0% used [0x00000007d8f00000,0x00000007d8f00000,0x00000007d9400000)
  to   space 5120K, 0% used [0x00000007d8a00000,0x00000007d8a00000,0x00000007d8f00000)
 ParOldGen       total 84480K, used 0K [0x0000000784000000, 0x0000000789280000, 0x00000007d6a80000)
  object space 84480K, 0% used [0x0000000784000000,0x0000000784000000,0x0000000789280000)
 PSPermGen       total 21504K, used 7368K [0x0000000779a00000, 0x000000077af00000, 0x0000000784000000)
  object space 21504K, 34% used [0x0000000779a00000,0x000000077a132218,0x000000077af00000)

Card table byte_map: [0x00007ff12cbcc000,0x00007ff12d000000] byte_map_base: 0x00007ff128fff000

Polling page: 0x00007ff1378af000

Code Cache  [0x00007ff12d000000, 0x00007ff12d270000, 0x00007ff130000000)
 total_blobs=377 nmethods=50 adapters=280 free_code_cache=48600Kb largest_free_block=49756736

Compilation events (10 events):
Event: 0.262 Thread 0x00007ff1300a9800 nmethod 46 0x00007ff12d085c50 code [0x00007ff12d085d80, 0x00007ff12d085df8]
Event: 0.262 Thread 0x00007ff1300a9800   47             java.lang.Class::searchMethods (90 bytes)
Event: 0.264 Thread 0x00007ff1300ac000 nmethod 44 0x00007ff12d08b210 code [0x00007ff12d08b3c0, 0x00007ff12d08c088]
Event: 0.265 Thread 0x00007ff1300a9800 nmethod 47 0x00007ff12d083910 code [0x00007ff12d083aa0, 0x00007ff12d083e10]
Event: 0.349 Thread 0x00007ff1300ac000   48             java.util.HashMap::transfer (115 bytes)
Event: 0.352 Thread 0x00007ff1300ac000 nmethod 48 0x00007ff12d0800d0 code [0x00007ff12d080240, 0x00007ff12d080528]
Event: 0.370 Thread 0x00007ff1300a9800   49             java.util.HashMap::getEntry (86 bytes)
Event: 0.373 Thread 0x00007ff1300a9800 nmethod 49 0x00007ff12d089350 code [0x00007ff12d0894c0, 0x00007ff12d0896e8]
Event: 0.378 Thread 0x00007ff1300ac000   50             java.util.ArrayList::access$100 (5 bytes)
Event: 0.379 Thread 0x00007ff1300ac000 nmethod 50 0x00007ff12d0898d0 code [0x00007ff12d089a00, 0x00007ff12d089a58]

GC Heap History (0 events):
No events

Deoptimization events (8 events):
Event: 0.194 Thread 0x00007ff13000a000 Uncommon trap: reason=class_check action=maybe_recompile pc=0x00007ff12d072f74 method=java.util.Properties$LineReader.readLine()I @ 62
Event: 0.194 Thread 0x00007ff13000a000 Uncommon trap: reason=class_check action=maybe_recompile pc=0x00007ff12d072f74 method=java.util.Properties$LineReader.readLine()I @ 62
Event: 0.266 Thread 0x00007ff13000a000 Uncommon trap: reason=bimorphic action=maybe_recompile pc=0x00007ff12d0816fc method=java.util.HashMap.getEntry(Ljava/lang/Object;)Ljava/util/HashMap$Entry; @ 68
Event: 0.266 Thread 0x00007ff13000a000 Uncommon trap: reason=bimorphic action=maybe_recompile pc=0x00007ff12d0816fc method=java.util.HashMap.getEntry(Ljava/lang/Object;)Ljava/util/HashMap$Entry; @ 68
Event: 0.267 Thread 0x00007ff13000a000 Uncommon trap: reason=bimorphic action=maybe_recompile pc=0x00007ff12d0816fc method=java.util.HashMap.getEntry(Ljava/lang/Object;)Ljava/util/HashMap$Entry; @ 68
Event: 0.267 Thread 0x00007ff13000a000 Uncommon trap: reason=bimorphic action=maybe_recompile pc=0x00007ff12d0816fc method=java.util.HashMap.getEntry(Ljava/lang/Object;)Ljava/util/HashMap$Entry; @ 68
Event: 0.267 Thread 0x00007ff13000a000 Uncommon trap: reason=bimorphic action=maybe_recompile pc=0x00007ff12d07fce0 method=java.util.HashMap.getEntry(Ljava/lang/Object;)Ljava/util/HashMap$Entry; @ 68
Event: 0.389 Thread 0x00007ff13000a000 Uncommon trap: reason=class_check action=maybe_recompile pc=0x00007ff12d072f74 method=java.util.Properties$LineReader.readLine()I @ 62

Internal exceptions (10 events):
Event: 0.358 Thread 0x00007ff13000a000 Threw 0x00000007d74f8f88 at /build/openjdk-7-FO0dNI/openjdk-7-7u79-2.5.6/build/openjdk/hotspot/src/share/vm/prims/jvm.cpp:1284
Event: 0.358 Thread 0x00007ff13000a000 Threw 0x00000007d74fdc30 at /build/openjdk-7-FO0dNI/openjdk-7-7u79-2.5.6/build/openjdk/hotspot/src/share/vm/prims/jvm.cpp:1284
Event: 0.359 Thread 0x00007ff13000a000 Threw 0x00000007d75040c0 at /build/openjdk-7-FO0dNI/openjdk-7-7u79-2.5.6/build/openjdk/hotspot/src/share/vm/prims/jvm.cpp:1284
Event: 0.360 Thread 0x00007ff13000a000 Threw 0x00000007d750a358 at /build/openjdk-7-FO0dNI/openjdk-7-7u79-2.5.6/build/openjdk/hotspot/src/share/vm/prims/jvm.cpp:1284
Event: 0.369 Thread 0x00007ff13000a000 Threw 0x00000007d7536330 at /build/openjdk-7-FO0dNI/openjdk-7-7u79-2.5.6/build/openjdk/hotspot/src/share/vm/prims/jvm.cpp:1284
Event: 0.380 Thread 0x00007ff13000a000 Threw 0x00000007d7576858 at /build/openjdk-7-FO0dNI/openjdk-7-7u79-2.5.6/build/openjdk/hotspot/src/share/vm/prims/jvm.cpp:1284
Event: 0.382 Thread 0x00007ff13000a000 Threw 0x00000007d75804c8 at /build/openjdk-7-FO0dNI/openjdk-7-7u79-2.5.6/build/openjdk/hotspot/src/share/vm/prims/jvm.cpp:1284
Event: 0.383 Thread 0x00007ff13000a000 Threw 0x00000007d75862f0 at /build/openjdk-7-FO0dNI/openjdk-7-7u79-2.5.6/build/openjdk/hotspot/src/share/vm/prims/jvm.cpp:1284
Event: 0.383 Thread 0x00007ff13000a000 Threw 0x00000007d758bfe0 at /build/openjdk-7-FO0dNI/openjdk-7-7u79-2.5.6/build/openjdk/hotspot/src/share/vm/prims/jvm.cpp:1284
Event: 0.383 Thread 0x00007ff13000a000 Threw 0x00000007d75919a0 at /build/openjdk-7-FO0dNI/openjdk-7-7u79-2.5.6/build/openjdk/hotspot/src/share/vm/prims/jvm.cpp:1284

Events (10 events):
Event: 0.393 loading class 0x00007ff13403c2b0
Event: 0.393 loading class 0x00007ff13403c2b0 done
Event: 0.393 loading class 0x00007ff100113980
Event: 0.394 loading class 0x00007ff100113980 done
Event: 0.394 loading class 0x00007ff100114900
Event: 0.394 loading class 0x00007ff100114900 done
Event: 0.394 loading class 0x00007ff100062460
Event: 0.394 loading class 0x00007ff100062460 done
Event: 0.394 loading class 0x00007ff0f4043460
Event: 0.395 loading class 0x00007ff0f4043460 done


Dynamic libraries:
00400000-00401000 r-xp 00000000 08:02 17045711                           /usr/lib/jvm/java-7-openjdk-amd64/jre/bin/java
00600000-00601000 r--p 00000000 08:02 17045711                           /usr/lib/jvm/java-7-openjdk-amd64/jre/bin/java
00601000-00602000 rw-p 00001000 08:02 17045711                           /usr/lib/jvm/java-7-openjdk-amd64/jre/bin/java
00ca2000-00cc3000 rw-p 00000000 00:00 0                                  [heap]
779a00000-77af00000 rw-p 00000000 00:00 0 
77af00000-784000000 rw-p 00000000 00:00 0 
784000000-789280000 rw-p 00000000 00:00 0 
789280000-7d6a80000 rw-p 00000000 00:00 0 
7d6a80000-7d9400000 rw-p 00000000 00:00 0 
7d9400000-800000000 rw-p 00000000 00:00 0 
7ff0e21be000-7ff0e21c0000 r-xp 00000000 08:02 16916095                   /usr/lib/x86_64-linux-gnu/libxcb-shm.so.0.0.0
7ff0e21c0000-7ff0e23bf000 ---p 00002000 08:02 16916095                   /usr/lib/x86_64-linux-gnu/libxcb-shm.so.0.0.0
7ff0e23bf000-7ff0e23c0000 r--p 00001000 08:02 16916095                   /usr/lib/x86_64-linux-gnu/libxcb-shm.so.0.0.0
7ff0e23c0000-7ff0e23c1000 rw-p 00002000 08:02 16916095                   /usr/lib/x86_64-linux-gnu/libxcb-shm.so.0.0.0
7ff0e23c1000-7ff0e23c7000 r-xp 00000000 08:02 16916107                   /usr/lib/x86_64-linux-gnu/libxcb-xv.so.0.0.0
7ff0e23c7000-7ff0e25c6000 ---p 00006000 08:02 16916107                   /usr/lib/x86_64-linux-gnu/libxcb-xv.so.0.0.0
7ff0e25c6000-7ff0e25c7000 r--p 00005000 08:02 16916107                   /usr/lib/x86_64-linux-gnu/libxcb-xv.so.0.0.0
7ff0e25c7000-7ff0e25c8000 rw-p 00006000 08:02 16916107                   /usr/lib/x86_64-linux-gnu/libxcb-xv.so.0.0.0
7ff0e25c8000-7ff0e25cf000 r-xp 00000000 08:02 17304584                   /usr/lib/vlc/plugins/video_output/libxcb_xv_plugin.so
7ff0e25cf000-7ff0e27ce000 ---p 00007000 08:02 17304584                   /usr/lib/vlc/plugins/video_output/libxcb_xv_plugin.so
7ff0e27ce000-7ff0e27cf000 r--p 00006000 08:02 17304584                   /usr/lib/vlc/plugins/video_output/libxcb_xv_plugin.so
7ff0e27cf000-7ff0e27d0000 rw-p 00007000 08:02 17304584                   /usr/lib/vlc/plugins/video_output/libxcb_xv_plugin.so
7ff0e27d0000-7ff0e28b9000 r-xp 00000000 08:02 16915012                   /usr/lib/x86_64-linux-gnu/libasound.so.2.0.0
7ff0e28b9000-7ff0e2ab8000 ---p 000e9000 08:02 16915012                   /usr/lib/x86_64-linux-gnu/libasound.so.2.0.0
7ff0e2ab8000-7ff0e2abf000 r--p 000e8000 08:02 16915012                   /usr/lib/x86_64-linux-gnu/libasound.so.2.0.0
7ff0e2abf000-7ff0e2ac0000 rw-p 000ef000 08:02 16915012                   /usr/lib/x86_64-linux-gnu/libasound.so.2.0.0
7ff0e2ac0000-7ff0e2ac5000 r-xp 00000000 08:02 17308513                   /usr/lib/vlc/plugins/audio_output/libalsa_plugin.so
7ff0e2ac5000-7ff0e2cc4000 ---p 00005000 08:02 17308513                   /usr/lib/vlc/plugins/audio_output/libalsa_plugin.so
7ff0e2cc4000-7ff0e2cc5000 r--p 00004000 08:02 17308513                   /usr/lib/vlc/plugins/audio_output/libalsa_plugin.so
7ff0e2cc5000-7ff0e2cc6000 rw-p 00005000 08:02 17308513                   /usr/lib/vlc/plugins/audio_output/libalsa_plugin.so
7ff0e2cc6000-7ff0e2cca000 r-xp 00000000 08:02 4195521                    /lib/x86_64-linux-gnu/libuuid.so.1.3.0
7ff0e2cca000-7ff0e2ec9000 ---p 00004000 08:02 4195521                    /lib/x86_64-linux-gnu/libuuid.so.1.3.0
7ff0e2ec9000-7ff0e2eca000 r--p 00003000 08:02 4195521                    /lib/x86_64-linux-gnu/libuuid.so.1.3.0
7ff0e2eca000-7ff0e2ecb000 rw-p 00004000 08:02 4195521                    /lib/x86_64-linux-gnu/libuuid.so.1.3.0
7ff0e2ecb000-7ff0e2f2a000 r-xp 00000000 08:02 16914965                   /usr/lib/x86_64-linux-gnu/libXt.so.6.0.0
7ff0e2f2a000-7ff0e312a000 ---p 0005f000 08:02 16914965                   /usr/lib/x86_64-linux-gnu/libXt.so.6.0.0
7ff0e312a000-7ff0e312b000 r--p 0005f000 08:02 16914965                   /usr/lib/x86_64-linux-gnu/libXt.so.6.0.0
7ff0e312b000-7ff0e3130000 rw-p 00060000 08:02 16914965                   /usr/lib/x86_64-linux-gnu/libXt.so.6.0.0
7ff0e3130000-7ff0e3131000 rw-p 00000000 00:00 0 
7ff0e3131000-7ff0e3148000 r-xp 00000000 08:02 16914786                   /usr/lib/x86_64-linux-gnu/libICE.so.6.3.0
7ff0e3148000-7ff0e3347000 ---p 00017000 08:02 16914786                   /usr/lib/x86_64-linux-gnu/libICE.so.6.3.0
7ff0e3347000-7ff0e3348000 r--p 00016000 08:02 16914786                   /usr/lib/x86_64-linux-gnu/libICE.so.6.3.0
7ff0e3348000-7ff0e3349000 rw-p 00017000 08:02 16914786                   /usr/lib/x86_64-linux-gnu/libICE.so.6.3.0
7ff0e3349000-7ff0e334d000 rw-p 00000000 00:00 0 
7ff0e334d000-7ff0e3db3000 r-xp 00000000 08:02 16914876                   /usr/lib/x86_64-linux-gnu/libQtGui.so.4.8.6
7ff0e3db3000-7ff0e3fb3000 ---p 00a66000 08:02 16914876                   /usr/lib/x86_64-linux-gnu/libQtGui.so.4.8.6
7ff0e3fb3000-7ff0e3ff5000 r--p 00a66000 08:02 16914876                   /usr/lib/x86_64-linux-gnu/libQtGui.so.4.8.6
7ff0e3ff5000-7ff0e3ffc000 rw-p 00aa8000 08:02 16914876                   /usr/lib/x86_64-linux-gnu/libQtGui.so.4.8.6
7ff0e3ffc000-7ff0e4000000 rw-p 00000000 00:00 0 
7ff0e4000000-7ff0e4021000 rw-p 00000000 00:00 0 
7ff0e4021000-7ff0e8000000 ---p 00000000 00:00 0 
7ff0e8126000-7ff0e812d000 r-xp 00000000 08:02 16915739                   /usr/lib/x86_64-linux-gnu/libogg.so.0.8.1
7ff0e812d000-7ff0e832d000 ---p 00007000 08:02 16915739                   /usr/lib/x86_64-linux-gnu/libogg.so.0.8.1
7ff0e832d000-7ff0e832e000 r--p 00007000 08:02 16915739                   /usr/lib/x86_64-linux-gnu/libogg.so.0.8.1
7ff0e832e000-7ff0e832f000 rw-p 00008000 08:02 16915739                   /usr/lib/x86_64-linux-gnu/libogg.so.0.8.1
7ff0e832f000-7ff0e835b000 r-xp 00000000 08:02 16916027                   /usr/lib/x86_64-linux-gnu/libvorbis.so.0.4.5
7ff0e835b000-7ff0e855a000 ---p 0002c000 08:02 16916027                   /usr/lib/x86_64-linux-gnu/libvorbis.so.0.4.5
7ff0e855a000-7ff0e855b000 r--p 0002b000 08:02 16916027                   /usr/lib/x86_64-linux-gnu/libvorbis.so.0.4.5
7ff0e855b000-7ff0e855c000 rw-p 0002c000 08:02 16916027                   /usr/lib/x86_64-linux-gnu/libvorbis.so.0.4.5
7ff0e855c000-7ff0e880f000 r-xp 00000000 08:02 16916029                   /usr/lib/x86_64-linux-gnu/libvorbisenc.so.2.0.8
7ff0e880f000-7ff0e8a0e000 ---p 002b3000 08:02 16916029                   /usr/lib/x86_64-linux-gnu/libvorbisenc.so.2.0.8
7ff0e8a0e000-7ff0e8a2a000 r--p 002b2000 08:02 16916029                   /usr/lib/x86_64-linux-gnu/libvorbisenc.so.2.0.8
7ff0e8a2a000-7ff0e8a2b000 rw-p 002ce000 08:02 16916029                   /usr/lib/x86_64-linux-gnu/libvorbisenc.so.2.0.8
7ff0e8a2b000-7ff0e8a5b000 r-xp 00000000 08:02 16912470                   /usr/lib/x86_64-linux-gnu/libFLAC.so.8.3.0
7ff0e8a5b000-7ff0e8c5a000 ---p 00030000 08:02 16912470                   /usr/lib/x86_64-linux-gnu/libFLAC.so.8.3.0
7ff0e8c5a000-7ff0e8c5b000 r--p 0002f000 08:02 16912470                   /usr/lib/x86_64-linux-gnu/libFLAC.so.8.3.0
7ff0e8c5b000-7ff0e8c5c000 rw-p 00030000 08:02 16912470                   /usr/lib/x86_64-linux-gnu/libFLAC.so.8.3.0
7ff0e8c5c000-7ff0e8c61000 r-xp 00000000 08:02 16915020                   /usr/lib/x86_64-linux-gnu/libasyncns.so.0.3.1
7ff0e8c61000-7ff0e8e60000 ---p 00005000 08:02 16915020                   /usr/lib/x86_64-linux-gnu/libasyncns.so.0.3.1
7ff0e8e60000-7ff0e8e61000 r--p 00004000 08:02 16915020                   /usr/lib/x86_64-linux-gnu/libasyncns.so.0.3.1
7ff0e8e61000-7ff0e8e62000 rw-p 00005000 08:02 16915020                   /usr/lib/x86_64-linux-gnu/libasyncns.so.0.3.1
7ff0e8e62000-7ff0e8ec3000 r-xp 00000000 08:02 16915920                   /usr/lib/x86_64-linux-gnu/libsndfile.so.1.0.25
7ff0e8ec3000-7ff0e90c3000 ---p 00061000 08:02 16915920                   /usr/lib/x86_64-linux-gnu/libsndfile.so.1.0.25
7ff0e90c3000-7ff0e90c5000 r--p 00061000 08:02 16915920                   /usr/lib/x86_64-linux-gnu/libsndfile.so.1.0.25
7ff0e90c5000-7ff0e90c6000 rw-p 00063000 08:02 16915920                   /usr/lib/x86_64-linux-gnu/libsndfile.so.1.0.25
7ff0e90c6000-7ff0e90ca000 rw-p 00000000 00:00 0 
7ff0e90ca000-7ff0e90d2000 r-xp 00000000 08:02 4198415                    /lib/x86_64-linux-gnu/libwrap.so.0.7.6
7ff0e90d2000-7ff0e92d1000 ---p 00008000 08:02 4198415                    /lib/x86_64-linux-gnu/libwrap.so.0.7.6
7ff0e92d1000-7ff0e92d2000 r--p 00007000 08:02 4198415                    /lib/x86_64-linux-gnu/libwrap.so.0.7.6
7ff0e92d2000-7ff0e92d3000 rw-p 00008000 08:02 4198415                    /lib/x86_64-linux-gnu/libwrap.so.0.7.6
7ff0e92d3000-7ff0e92d4000 rw-p 00000000 00:00 0 
7ff0e93d4000-7ff0e93db000 r-xp 00000000 08:02 16914914                   /usr/lib/x86_64-linux-gnu/libSM.so.6.0.1
7ff0e93db000-7ff0e95da000 ---p 00007000 08:02 16914914                   /usr/lib/x86_64-linux-gnu/libSM.so.6.0.1
7ff0e95da000-7ff0e95db000 r--p 00006000 08:02 16914914                   /usr/lib/x86_64-linux-gnu/libSM.so.6.0.1
7ff0e95db000-7ff0e95dc000 rw-p 00007000 08:02 16914914                   /usr/lib/x86_64-linux-gnu/libSM.so.6.0.1
7ff0e95dc000-7ff0e98b4000 r-xp 00000000 08:02 16914892                   /usr/lib/x86_64-linux-gnu/libQtCore.so.4.8.6
7ff0e98b4000-7ff0e9ab4000 ---p 002d8000 08:02 16914892                   /usr/lib/x86_64-linux-gnu/libQtCore.so.4.8.6
7ff0e9ab4000-7ff0e9abf000 r--p 002d8000 08:02 16914892                   /usr/lib/x86_64-linux-gnu/libQtCore.so.4.8.6
7ff0e9abf000-7ff0e9ac0000 rw-p 002e3000 08:02 16914892                   /usr/lib/x86_64-linux-gnu/libQtCore.so.4.8.6
7ff0e9ac0000-7ff0e9ac1000 rw-p 00000000 00:00 0 
7ff0e9ac1000-7ff0e9acb000 r-xp 00000000 08:02 4198174                    /lib/x86_64-linux-gnu/libjson-c.so.2.0.0
7ff0e9acb000-7ff0e9cca000 ---p 0000a000 08:02 4198174                    /lib/x86_64-linux-gnu/libjson-c.so.2.0.0
7ff0e9cca000-7ff0e9ccb000 r--p 00009000 08:02 4198174                    /lib/x86_64-linux-gnu/libjson-c.so.2.0.0
7ff0e9ccb000-7ff0e9ccc000 rw-p 0000a000 08:02 4198174                    /lib/x86_64-linux-gnu/libjson-c.so.2.0.0
7ff0e9ccc000-7ff0e9d32000 r-xp 00000000 08:02 17306819                   /usr/lib/x86_64-linux-gnu/pulseaudio/libpulsecommon-4.0.so
7ff0e9d32000-7ff0e9f31000 ---p 00066000 08:02 17306819                   /usr/lib/x86_64-linux-gnu/pulseaudio/libpulsecommon-4.0.so
7ff0e9f31000-7ff0e9f32000 r--p 00065000 08:02 17306819                   /usr/lib/x86_64-linux-gnu/pulseaudio/libpulsecommon-4.0.so
7ff0e9f32000-7ff0e9f33000 rw-p 00066000 08:02 17306819                   /usr/lib/x86_64-linux-gnu/pulseaudio/libpulsecommon-4.0.so
7ff0e9f9a000-7ff0e9fb1000 r-xp 00000000 08:02 16915032                   /usr/lib/x86_64-linux-gnu/libaudio.so.2.4
7ff0e9fb1000-7ff0ea1b0000 ---p 00017000 08:02 16915032                   /usr/lib/x86_64-linux-gnu/libaudio.so.2.4
7ff0ea1b0000-7ff0ea1b1000 r--p 00016000 08:02 16915032                   /usr/lib/x86_64-linux-gnu/libaudio.so.2.4
7ff0ea1b1000-7ff0ea1b2000 rw-p 00017000 08:02 16915032                   /usr/lib/x86_64-linux-gnu/libaudio.so.2.4
7ff0ea1b2000-7ff0ea414000 r-xp 00000000 08:02 17304260                   /usr/lib/vlc/plugins/gui/libqt4_plugin.so
7ff0ea414000-7ff0ea613000 ---p 00262000 08:02 17304260                   /usr/lib/vlc/plugins/gui/libqt4_plugin.so
7ff0ea613000-7ff0ea62c000 r--p 00261000 08:02 17304260                   /usr/lib/vlc/plugins/gui/libqt4_plugin.so
7ff0ea62c000-7ff0ea630000 rw-p 0027a000 08:02 17304260                   /usr/lib/vlc/plugins/gui/libqt4_plugin.so
7ff0ea630000-7ff0ea677000 r-xp 00000000 08:02 16909601                   /usr/lib/x86_64-linux-gnu/libpulse.so.0.16.2
7ff0ea677000-7ff0ea877000 ---p 00047000 08:02 16909601                   /usr/lib/x86_64-linux-gnu/libpulse.so.0.16.2
7ff0ea877000-7ff0ea878000 r--p 00047000 08:02 16909601                   /usr/lib/x86_64-linux-gnu/libpulse.so.0.16.2
7ff0ea878000-7ff0ea879000 rw-p 00048000 08:02 16909601                   /usr/lib/x86_64-linux-gnu/libpulse.so.0.16.2
7ff0ea879000-7ff0ea87c000 r-xp 00000000 08:02 16909602                   /usr/lib/x86_64-linux-gnu/libpulse-simple.so.0.0.4
7ff0ea87c000-7ff0eaa7b000 ---p 00003000 08:02 16909602                   /usr/lib/x86_64-linux-gnu/libpulse-simple.so.0.0.4
7ff0eaa7b000-7ff0eaa7c000 r--p 00002000 08:02 16909602                   /usr/lib/x86_64-linux-gnu/libpulse-simple.so.0.0.4
7ff0eaa7c000-7ff0eaa7d000 rw-p 00003000 08:02 16909602                   /usr/lib/x86_64-linux-gnu/libpulse-simple.so.0.0.4
7ff0eac7c000-7ff0eac84000 r-xp 00000000 08:02 4198317                    /lib/x86_64-linux-gnu/libnih-dbus.so.1.0.0
7ff0eac84000-7ff0eae84000 ---p 00008000 08:02 4198317                    /lib/x86_64-linux-gnu/libnih-dbus.so.1.0.0
7ff0eae84000-7ff0eae85000 r--p 00008000 08:02 4198317                    /lib/x86_64-linux-gnu/libnih-dbus.so.1.0.0
7ff0eae85000-7ff0eae86000 rw-p 00009000 08:02 4198317                    /lib/x86_64-linux-gnu/libnih-dbus.so.1.0.0
7ff0eae86000-7ff0eae9d000 r-xp 00000000 08:02 4198319                    /lib/x86_64-linux-gnu/libnih.so.1.0.0
7ff0eae9d000-7ff0eb09c000 ---p 00017000 08:02 4198319                    /lib/x86_64-linux-gnu/libnih.so.1.0.0
7ff0eb09c000-7ff0eb09d000 r--p 00016000 08:02 4198319                    /lib/x86_64-linux-gnu/libnih.so.1.0.0
7ff0eb09d000-7ff0eb09e000 rw-p 00017000 08:02 4198319                    /lib/x86_64-linux-gnu/libnih.so.1.0.0
7ff0eb09e000-7ff0eb0b7000 r-xp 00000000 08:02 4195527                    /lib/x86_64-linux-gnu/libcgmanager.so.0.0.0
7ff0eb0b7000-7ff0eb2b6000 ---p 00019000 08:02 4195527                    /lib/x86_64-linux-gnu/libcgmanager.so.0.0.0
7ff0eb2b6000-7ff0eb2b8000 r--p 00018000 08:02 4195527                    /lib/x86_64-linux-gnu/libcgmanager.so.0.0.0
7ff0eb2b8000-7ff0eb2b9000 rw-p 0001a000 08:02 4195527                    /lib/x86_64-linux-gnu/libcgmanager.so.0.0.0
7ff0eb2b9000-7ff0eb2c9000 r-xp 00000000 08:02 4194550                    /lib/x86_64-linux-gnu/libudev.so.1.3.5
7ff0eb2c9000-7ff0eb4c8000 ---p 00010000 08:02 4194550                    /lib/x86_64-linux-gnu/libudev.so.1.3.5
7ff0eb4c8000-7ff0eb4c9000 r--p 0000f000 08:02 4194550                    /lib/x86_64-linux-gnu/libudev.so.1.3.5
7ff0eb4c9000-7ff0eb4ca000 rw-p 00010000 08:02 4194550                    /lib/x86_64-linux-gnu/libudev.so.1.3.5
7ff0eb4ca000-7ff0eb4df000 r-xp 00000000 08:02 4198409                    /lib/x86_64-linux-gnu/libusb-1.0.so.0.1.0
7ff0eb4df000-7ff0eb6df000 ---p 00015000 08:02 4198409                    /lib/x86_64-linux-gnu/libusb-1.0.so.0.1.0
7ff0eb6df000-7ff0eb6e0000 r--p 00015000 08:02 4198409                    /lib/x86_64-linux-gnu/libusb-1.0.so.0.1.0
7ff0eb6e0000-7ff0eb6e1000 rw-p 00016000 08:02 4198409                    /lib/x86_64-linux-gnu/libusb-1.0.so.0.1.0
7ff0eb6e1000-7ff0eb731000 r-xp 00000000 08:02 16915688                   /usr/lib/x86_64-linux-gnu/libmtp.so.9.1.0
7ff0eb731000-7ff0eb930000 ---p 00050000 08:02 16915688                   /usr/lib/x86_64-linux-gnu/libmtp.so.9.1.0
7ff0eb930000-7ff0eb936000 r--p 0004f000 08:02 16915688                   /usr/lib/x86_64-linux-gnu/libmtp.so.9.1.0
7ff0eb936000-7ff0eb940000 rw-p 00055000 08:02 16915688                   /usr/lib/x86_64-linux-gnu/libmtp.so.9.1.0
7ff0eb940000-7ff0eb9c3000 r-xp 00000000 08:02 16915179                   /usr/lib/x86_64-linux-gnu/libdirac_encoder.so.0.1.0
7ff0eb9c3000-7ff0ebbc2000 ---p 00083000 08:02 16915179                   /usr/lib/x86_64-linux-gnu/libdirac_encoder.so.0.1.0
7ff0ebbc2000-7ff0ebbc5000 r--p 00082000 08:02 16915179                   /usr/lib/x86_64-linux-gnu/libdirac_encoder.so.0.1.0
7ff0ebbc5000-7ff0ebbc6000 rw-p 00085000 08:02 16915179                   /usr/lib/x86_64-linux-gnu/libdirac_encoder.so.0.1.0
7ff0ebbc6000-7ff0ebbc7000 rw-p 00000000 00:00 0 
7ff0ebbca000-7ff0ebbcc000 r-xp 00000000 08:02 17308493                   /usr/lib/vlc/plugins/services_discovery/libmtp_plugin.so
7ff0ebbcc000-7ff0ebdcb000 ---p 00002000 08:02 17308493                   /usr/lib/vlc/plugins/services_discovery/libmtp_plugin.so
7ff0ebdcb000-7ff0ebdcc000 r--p 00001000 08:02 17308493                   /usr/lib/vlc/plugins/services_discovery/libmtp_plugin.so
7ff0ebdcc000-7ff0ebdcd000 rw-p 00002000 08:02 17308493                   /usr/lib/vlc/plugins/services_discovery/libmtp_plugin.so
7ff0ebdcd000-7ff0ebdfe000 r-xp 00000000 08:02 16915579                   /usr/lib/x86_64-linux-gnu/libidn.so.11.6.11
7ff0ebdfe000-7ff0ebffe000 ---p 00031000 08:02 16915579                   /usr/lib/x86_64-linux-gnu/libidn.so.11.6.11
7ff0ebffe000-7ff0ebfff000 r--p 00031000 08:02 16915579                   /usr/lib/x86_64-linux-gnu/libidn.so.11.6.11
7ff0ebfff000-7ff0ec000000 rw-p 00032000 08:02 16915579                   /usr/lib/x86_64-linux-gnu/libidn.so.11.6.11
7ff0ec000000-7ff0ec021000 rw-p 00000000 00:00 0 
7ff0ec021000-7ff0f0000000 ---p 00000000 00:00 0 
7ff0f0000000-7ff0f0021000 rw-p 00000000 00:00 0 
7ff0f0021000-7ff0f4000000 ---p 00000000 00:00 0 
7ff0f4000000-7ff0f41fd000 rw-p 00000000 00:00 0 
7ff0f41fd000-7ff0f8000000 ---p 00000000 00:00 0 
7ff0f8000000-7ff0f8021000 rw-p 00000000 00:00 0 
7ff0f8021000-7ff0fc000000 ---p 00000000 00:00 0 
7ff0fc000000-7ff0fc021000 rw-p 00000000 00:00 0 
7ff0fc021000-7ff100000000 ---p 00000000 00:00 0 
7ff100000000-7ff1001e3000 rw-p 00000000 00:00 0 
7ff1001e3000-7ff104000000 ---p 00000000 00:00 0 
7ff104000000-7ff104021000 rw-p 00000000 00:00 0 
7ff104021000-7ff108000000 ---p 00000000 00:00 0 
7ff108000000-7ff108021000 rw-p 00000000 00:00 0 
7ff108021000-7ff10c000000 ---p 00000000 00:00 0 
7ff10c000000-7ff10c021000 rw-p 00000000 00:00 0 
7ff10c021000-7ff110000000 ---p 00000000 00:00 0 
7ff110000000-7ff110021000 rw-p 00000000 00:00 0 
7ff110021000-7ff114000000 ---p 00000000 00:00 0 
7ff114000000-7ff114021000 rw-p 00000000 00:00 0 
7ff114021000-7ff118000000 ---p 00000000 00:00 0 
7ff118001000-7ff1180df000 r-xp 00000000 08:02 16909566                   /usr/lib/libvlccore.so.7.0.0
7ff1180df000-7ff1182df000 ---p 000de000 08:02 16909566                   /usr/lib/libvlccore.so.7.0.0
7ff1182df000-7ff1182e2000 r--p 000de000 08:02 16909566                   /usr/lib/libvlccore.so.7.0.0
7ff1182e2000-7ff1182e3000 rw-p 000e1000 08:02 16909566                   /usr/lib/libvlccore.so.7.0.0
7ff1182e3000-7ff1182fd000 r-xp 00000000 08:02 16911282                   /usr/lib/libvlc.so.5.4.0
7ff1182fd000-7ff1184fc000 ---p 0001a000 08:02 16911282                   /usr/lib/libvlc.so.5.4.0
7ff1184fc000-7ff1184fd000 r--p 00019000 08:02 16911282                   /usr/lib/libvlc.so.5.4.0
7ff1184fd000-7ff1184fe000 rw-p 0001a000 08:02 16911282                   /usr/lib/libvlc.so.5.4.0
7ff1184fe000-7ff118515000 r-xp 00000000 08:02 13894334                   /tmp/jna--768653825/jna3322047056420620987.tmp (deleted)
7ff118515000-7ff118614000 ---p 00017000 08:02 13894334                   /tmp/jna--768653825/jna3322047056420620987.tmp (deleted)
7ff118614000-7ff118616000 rw-p 00016000 08:02 13894334                   /tmp/jna--768653825/jna3322047056420620987.tmp (deleted)
7ff118616000-7ff118617000 r-xp 00000000 08:02 17045667                   /usr/lib/jvm/java-7-openjdk-amd64/jre/lib/amd64/libjawt.so
7ff118617000-7ff118816000 ---p 00001000 08:02 17045667                   /usr/lib/jvm/java-7-openjdk-amd64/jre/lib/amd64/libjawt.so
7ff118816000-7ff118817000 r--p 00000000 08:02 17045667                   /usr/lib/jvm/java-7-openjdk-amd64/jre/lib/amd64/libjawt.so
7ff118817000-7ff118818000 rw-p 00001000 08:02 17045667                   /usr/lib/jvm/java-7-openjdk-amd64/jre/lib/amd64/libjawt.so
7ff118818000-7ff11881b000 ---p 00000000 00:00 0 
7ff11881b000-7ff118919000 rw-p 00000000 00:00 0                          [stack:11619]
7ff118919000-7ff11891e000 r-xp 00000000 08:02 16908996                   /usr/lib/x86_64-linux-gnu/libXfixes.so.3.1.0
7ff11891e000-7ff118b1d000 ---p 00005000 08:02 16908996                   /usr/lib/x86_64-linux-gnu/libXfixes.so.3.1.0
7ff118b1d000-7ff118b1e000 r--p 00004000 08:02 16908996                   /usr/lib/x86_64-linux-gnu/libXfixes.so.3.1.0
7ff118b1e000-7ff118b1f000 rw-p 00005000 08:02 16908996                   /usr/lib/x86_64-linux-gnu/libXfixes.so.3.1.0
7ff118b1f000-7ff118b28000 r-xp 00000000 08:02 16914935                   /usr/lib/x86_64-linux-gnu/libXcursor.so.1.0.2
7ff118b28000-7ff118d27000 ---p 00009000 08:02 16914935                   /usr/lib/x86_64-linux-gnu/libXcursor.so.1.0.2
7ff118d27000-7ff118d28000 r--p 00008000 08:02 16914935                   /usr/lib/x86_64-linux-gnu/libXcursor.so.1.0.2
7ff118d28000-7ff118d29000 rw-p 00009000 08:02 16914935                   /usr/lib/x86_64-linux-gnu/libXcursor.so.1.0.2
7ff118d29000-7ff118d2d000 r-xp 00000000 08:02 4198287                    /lib/x86_64-linux-gnu/libgpg-error.so.0.10.0
7ff118d2d000-7ff118f2c000 ---p 00004000 08:02 4198287                    /lib/x86_64-linux-gnu/libgpg-error.so.0.10.0
7ff118f2c000-7ff118f2d000 r--p 00003000 08:02 4198287                    /lib/x86_64-linux-gnu/libgpg-error.so.0.10.0
7ff118f2d000-7ff118f2e000 rw-p 00004000 08:02 4198287                    /lib/x86_64-linux-gnu/libgpg-error.so.0.10.0
7ff118f2e000-7ff118f30000 r-xp 00000000 08:02 4198297                    /lib/x86_64-linux-gnu/libkeyutils.so.1.4
7ff118f30000-7ff119130000 ---p 00002000 08:02 4198297                    /lib/x86_64-linux-gnu/libkeyutils.so.1.4
7ff119130000-7ff119131000 r--p 00002000 08:02 4198297                    /lib/x86_64-linux-gnu/libkeyutils.so.1.4
7ff119131000-7ff119132000 rw-p 00003000 08:02 4198297                    /lib/x86_64-linux-gnu/libkeyutils.so.1.4
7ff119132000-7ff11916f000 r-xp 00000000 08:02 4198358                    /lib/x86_64-linux-gnu/libpcre.so.3.13.1
7ff11916f000-7ff11936e000 ---p 0003d000 08:02 4198358                    /lib/x86_64-linux-gnu/libpcre.so.3.13.1
7ff11936e000-7ff11936f000 r--p 0003c000 08:02 4198358                    /lib/x86_64-linux-gnu/libpcre.so.3.13.1
7ff11936f000-7ff119370000 rw-p 0003d000 08:02 4198358                    /lib/x86_64-linux-gnu/libpcre.so.3.13.1
7ff119370000-7ff119395000 r-xp 00000000 08:02 4198370                    /lib/x86_64-linux-gnu/libpng12.so.0.50.0
7ff119395000-7ff119594000 ---p 00025000 08:02 4198370                    /lib/x86_64-linux-gnu/libpng12.so.0.50.0
7ff119594000-7ff119595000 r--p 00024000 08:02 4198370                    /lib/x86_64-linux-gnu/libpng12.so.0.50.0
7ff119595000-7ff119596000 rw-p 00025000 08:02 4198370                    /lib/x86_64-linux-gnu/libpng12.so.0.50.0
7ff119596000-7ff1195da000 r-xp 00000000 08:02 4198327                    /lib/x86_64-linux-gnu/libdbus-1.so.3.7.6
7ff1195da000-7ff1197d9000 ---p 00044000 08:02 4198327                    /lib/x86_64-linux-gnu/libdbus-1.so.3.7.6
7ff1197d9000-7ff1197da000 r--p 00043000 08:02 4198327                    /lib/x86_64-linux-gnu/libdbus-1.so.3.7.6
7ff1197da000-7ff1197db000 rw-p 00044000 08:02 4198327                    /lib/x86_64-linux-gnu/libdbus-1.so.3.7.6
7ff1197db000-7ff119816000 r-xp 00000000 08:02 16915779                   /usr/lib/x86_64-linux-gnu/libp11-kit.so.0.0.0
7ff119816000-7ff119a15000 ---p 0003b000 08:02 16915779                   /usr/lib/x86_64-linux-gnu/libp11-kit.so.0.0.0
7ff119a15000-7ff119a1b000 r--p 0003a000 08:02 16915779                   /usr/lib/x86_64-linux-gnu/libp11-kit.so.0.0.0
7ff119a1b000-7ff119a1d000 rw-p 00040000 08:02 16915779                   /usr/lib/x86_64-linux-gnu/libp11-kit.so.0.0.0
7ff119a1d000-7ff119a2f000 r-xp 00000000 08:02 16920900                   /usr/lib/x86_64-linux-gnu/libtasn1.so.6.2.0
7ff119a2f000-7ff119c2f000 ---p 00012000 08:02 16920900                   /usr/lib/x86_64-linux-gnu/libtasn1.so.6.2.0
7ff119c2f000-7ff119c30000 r--p 00012000 08:02 16920900                   /usr/lib/x86_64-linux-gnu/libtasn1.so.6.2.0
7ff119c30000-7ff119c31000 rw-p 00013000 08:02 16920900                   /usr/lib/x86_64-linux-gnu/libtasn1.so.6.2.0
7ff119c31000-7ff119cad000 r-xp 00000000 08:02 4195551                    /lib/x86_64-linux-gnu/libgcrypt.so.11.8.2
7ff119cad000-7ff119ead000 ---p 0007c000 08:02 4195551                    /lib/x86_64-linux-gnu/libgcrypt.so.11.8.2
7ff119ead000-7ff119eae000 r--p 0007c000 08:02 4195551                    /lib/x86_64-linux-gnu/libgcrypt.so.11.8.2
7ff119eae000-7ff119eb1000 rw-p 0007d000 08:02 4195551                    /lib/x86_64-linux-gnu/libgcrypt.so.11.8.2
7ff119eb1000-7ff119ebb000 r-xp 00000000 08:02 16909493                   /usr/lib/x86_64-linux-gnu/libkrb5support.so.0.1
7ff119ebb000-7ff11a0ba000 ---p 0000a000 08:02 16909493                   /usr/lib/x86_64-linux-gnu/libkrb5support.so.0.1
7ff11a0ba000-7ff11a0bb000 r--p 00009000 08:02 16909493                   /usr/lib/x86_64-linux-gnu/libkrb5support.so.0.1
7ff11a0bb000-7ff11a0bc000 rw-p 0000a000 08:02 16909493                   /usr/lib/x86_64-linux-gnu/libkrb5support.so.0.1
7ff11a0bc000-7ff11a0bf000 r-xp 00000000 08:02 4194567                    /lib/x86_64-linux-gnu/libcom_err.so.2.1
7ff11a0bf000-7ff11a2be000 ---p 00003000 08:02 4194567                    /lib/x86_64-linux-gnu/libcom_err.so.2.1
7ff11a2be000-7ff11a2bf000 r--p 00002000 08:02 4194567                    /lib/x86_64-linux-gnu/libcom_err.so.2.1
7ff11a2bf000-7ff11a2c0000 rw-p 00003000 08:02 4194567                    /lib/x86_64-linux-gnu/libcom_err.so.2.1
7ff11a2c0000-7ff11a2ec000 r-xp 00000000 08:02 16908635                   /usr/lib/x86_64-linux-gnu/libk5crypto.so.3.1
7ff11a2ec000-7ff11a4eb000 ---p 0002c000 08:02 16908635                   /usr/lib/x86_64-linux-gnu/libk5crypto.so.3.1
7ff11a4eb000-7ff11a4ed000 r--p 0002b000 08:02 16908635                   /usr/lib/x86_64-linux-gnu/libk5crypto.so.3.1
7ff11a4ed000-7ff11a4ee000 rw-p 0002d000 08:02 16908635                   /usr/lib/x86_64-linux-gnu/libk5crypto.so.3.1
7ff11a4ee000-7ff11a4ef000 rw-p 00000000 00:00 0 
7ff11a4ef000-7ff11a5ab000 r-xp 00000000 08:02 16909457                   /usr/lib/x86_64-linux-gnu/libkrb5.so.3.3
7ff11a5ab000-7ff11a7ab000 ---p 000bc000 08:02 16909457                   /usr/lib/x86_64-linux-gnu/libkrb5.so.3.3
7ff11a7ab000-7ff11a7b8000 r--p 000bc000 08:02 16909457                   /usr/lib/x86_64-linux-gnu/libkrb5.so.3.3
7ff11a7b8000-7ff11a7ba000 rw-p 000c9000 08:02 16909457                   /usr/lib/x86_64-linux-gnu/libkrb5.so.3.3
7ff11a7ba000-7ff11a7bf000 r-xp 00000000 08:02 16914939                   /usr/lib/x86_64-linux-gnu/libXdmcp.so.6.0.0
7ff11a7bf000-7ff11a9be000 ---p 00005000 08:02 16914939                   /usr/lib/x86_64-linux-gnu/libXdmcp.so.6.0.0
7ff11a9be000-7ff11a9bf000 r--p 00004000 08:02 16914939                   /usr/lib/x86_64-linux-gnu/libXdmcp.so.6.0.0
7ff11a9bf000-7ff11a9c0000 rw-p 00005000 08:02 16914939                   /usr/lib/x86_64-linux-gnu/libXdmcp.so.6.0.0
7ff11a9c0000-7ff11a9c2000 r-xp 00000000 08:02 16914928                   /usr/lib/x86_64-linux-gnu/libXau.so.6.0.0
7ff11a9c2000-7ff11abc2000 ---p 00002000 08:02 16914928                   /usr/lib/x86_64-linux-gnu/libXau.so.6.0.0
7ff11abc2000-7ff11abc3000 r--p 00002000 08:02 16914928                   /usr/lib/x86_64-linux-gnu/libXau.so.6.0.0
7ff11abc3000-7ff11abc4000 rw-p 00003000 08:02 16914928                   /usr/lib/x86_64-linux-gnu/libXau.so.6.0.0
7ff11abc4000-7ff11abcb000 r-xp 00000000 08:02 16915241                   /usr/lib/x86_64-linux-gnu/libffi.so.6.0.1
7ff11abcb000-7ff11adca000 ---p 00007000 08:02 16915241                   /usr/lib/x86_64-linux-gnu/libffi.so.6.0.1
7ff11adca000-7ff11adcb000 r--p 00006000 08:02 16915241                   /usr/lib/x86_64-linux-gnu/libffi.so.6.0.1
7ff11adcb000-7ff11adcc000 rw-p 00007000 08:02 16915241                   /usr/lib/x86_64-linux-gnu/libffi.so.6.0.1
7ff11adcc000-7ff11ade3000 r-xp 00000000 08:02 4195285                    /lib/x86_64-linux-gnu/libresolv-2.19.so
7ff11ade3000-7ff11afe3000 ---p 00017000 08:02 4195285                    /lib/x86_64-linux-gnu/libresolv-2.19.so
7ff11afe3000-7ff11afe4000 r--p 00017000 08:02 4195285                    /lib/x86_64-linux-gnu/libresolv-2.19.so
7ff11afe4000-7ff11afe5000 rw-p 00018000 08:02 4195285                    /lib/x86_64-linux-gnu/libresolv-2.19.so
7ff11afe5000-7ff11afe7000 rw-p 00000000 00:00 0 
7ff11afe7000-7ff11b007000 r-xp 00000000 08:02 4198238                    /lib/x86_64-linux-gnu/libselinux.so.1
7ff11b007000-7ff11b206000 ---p 00020000 08:02 4198238                    /lib/x86_64-linux-gnu/libselinux.so.1
7ff11b206000-7ff11b207000 r--p 0001f000 08:02 4198238                    /lib/x86_64-linux-gnu/libselinux.so.1
7ff11b207000-7ff11b208000 rw-p 00020000 08:02 4198238                    /lib/x86_64-linux-gnu/libselinux.so.1
7ff11b208000-7ff11b20a000 rw-p 00000000 00:00 0 
7ff11b20a000-7ff11b310000 r-xp 00000000 08:02 4198293                    /lib/x86_64-linux-gnu/libglib-2.0.so.0.4002.0
7ff11b310000-7ff11b50f000 ---p 00106000 08:02 4198293                    /lib/x86_64-linux-gnu/libglib-2.0.so.0.4002.0
7ff11b50f000-7ff11b510000 r--p 00105000 08:02 4198293                    /lib/x86_64-linux-gnu/libglib-2.0.so.0.4002.0
7ff11b510000-7ff11b511000 rw-p 00106000 08:02 4198293                    /lib/x86_64-linux-gnu/libglib-2.0.so.0.4002.0
7ff11b511000-7ff11b512000 rw-p 00000000 00:00 0 
7ff11b512000-7ff11b515000 r-xp 00000000 08:02 16908688                   /usr/lib/x86_64-linux-gnu/libgmodule-2.0.so.0.4002.0
7ff11b515000-7ff11b714000 ---p 00003000 08:02 16908688                   /usr/lib/x86_64-linux-gnu/libgmodule-2.0.so.0.4002.0
7ff11b714000-7ff11b715000 r--p 00002000 08:02 16908688                   /usr/lib/x86_64-linux-gnu/libgmodule-2.0.so.0.4002.0
7ff11b715000-7ff11b716000 rw-p 00003000 08:02 16908688                   /usr/lib/x86_64-linux-gnu/libgmodule-2.0.so.0.4002.0
7ff11b716000-7ff11b73d000 r-xp 00000000 08:02 4198276                    /lib/x86_64-linux-gnu/libexpat.so.1.6.0
7ff11b73d000-7ff11b93d000 ---p 00027000 08:02 4198276                    /lib/x86_64-linux-gnu/libexpat.so.1.6.0
7ff11b93d000-7ff11b93f000 r--p 00027000 08:02 4198276                    /lib/x86_64-linux-gnu/libexpat.so.1.6.0
7ff11b93f000-7ff11b940000 rw-p 00029000 08:02 4198276                    /lib/x86_64-linux-gnu/libexpat.so.1.6.0
7ff11b940000-7ff11b9dd000 r-xp 00000000 08:02 16912466                   /usr/lib/x86_64-linux-gnu/libfreetype.so.6.11.1
7ff11b9dd000-7ff11bbdc000 ---p 0009d000 08:02 16912466                   /usr/lib/x86_64-linux-gnu/libfreetype.so.6.11.1
7ff11bbdc000-7ff11bbe2000 r--p 0009c000 08:02 16912466                   /usr/lib/x86_64-linux-gnu/libfreetype.so.6.11.1
7ff11bbe2000-7ff11bbe3000 rw-p 000a2000 08:02 16912466                   /usr/lib/x86_64-linux-gnu/libfreetype.so.6.11.1
7ff11bbe3000-7ff11bbf2000 r-xp 00000000 08:02 16915034                   /usr/lib/x86_64-linux-gnu/libavahi-client.so.3.2.9
7ff11bbf2000-7ff11bdf2000 ---p 0000f000 08:02 16915034                   /usr/lib/x86_64-linux-gnu/libavahi-client.so.3.2.9
7ff11bdf2000-7ff11bdf3000 r--p 0000f000 08:02 16915034                   /usr/lib/x86_64-linux-gnu/libavahi-client.so.3.2.9
7ff11bdf3000-7ff11bdf4000 rw-p 00010000 08:02 16915034                   /usr/lib/x86_64-linux-gnu/libavahi-client.so.3.2.9
7ff11bdf4000-7ff11bdff000 r-xp 00000000 08:02 16915036                   /usr/lib/x86_64-linux-gnu/libavahi-common.so.3.5.3
7ff11bdff000-7ff11bffe000 ---p 0000b000 08:02 16915036                   /usr/lib/x86_64-linux-gnu/libavahi-common.so.3.5.3
7ff11bffe000-7ff11bfff000 r--p 0000a000 08:02 16915036                   /usr/lib/x86_64-linux-gnu/libavahi-common.so.3.5.3
7ff11bfff000-7ff11c000000 rw-p 0000b000 08:02 16915036                   /usr/lib/x86_64-linux-gnu/libavahi-common.so.3.5.3
7ff11c000000-7ff11c021000 rw-p 00000000 00:00 0 
7ff11c021000-7ff120000000 ---p 00000000 00:00 0 
7ff120039000-7ff12003c000 ---p 00000000 00:00 0 
7ff12003c000-7ff12013a000 rw-p 00000000 00:00 0                          [stack:11618]
7ff12013a000-7ff1201f1000 r-xp 00000000 08:02 16908510                   /usr/lib/x86_64-linux-gnu/libgnutls.so.26.22.6
7ff1201f1000-7ff1203f0000 ---p 000b7000 08:02 16908510                   /usr/lib/x86_64-linux-gnu/libgnutls.so.26.22.6
7ff1203f0000-7ff1203f6000 r--p 000b6000 08:02 16908510                   /usr/lib/x86_64-linux-gnu/libgnutls.so.26.22.6
7ff1203f6000-7ff1203f7000 rw-p 000bc000 08:02 16908510                   /usr/lib/x86_64-linux-gnu/libgnutls.so.26.22.6
7ff1203f7000-7ff1203f8000 rw-p 00000000 00:00 0 
7ff1203f8000-7ff12043c000 r-xp 00000000 08:02 16908948                   /usr/lib/x86_64-linux-gnu/libgssapi_krb5.so.2.2
7ff12043c000-7ff12063c000 ---p 00044000 08:02 16908948                   /usr/lib/x86_64-linux-gnu/libgssapi_krb5.so.2.2
7ff12063c000-7ff12063d000 r--p 00044000 08:02 16908948                   /usr/lib/x86_64-linux-gnu/libgssapi_krb5.so.2.2
7ff12063d000-7ff12063f000 rw-p 00045000 08:02 16908948                   /usr/lib/x86_64-linux-gnu/libgssapi_krb5.so.2.2
7ff12063f000-7ff12065c000 r-xp 00000000 08:02 16916109                   /usr/lib/x86_64-linux-gnu/libxcb.so.1.1.0
7ff12065c000-7ff12085c000 ---p 0001d000 08:02 16916109                   /usr/lib/x86_64-linux-gnu/libxcb.so.1.1.0
7ff12085c000-7ff12085d000 r--p 0001d000 08:02 16916109                   /usr/lib/x86_64-linux-gnu/libxcb.so.1.1.0
7ff12085d000-7ff12085e000 rw-p 0001e000 08:02 16916109                   /usr/lib/x86_64-linux-gnu/libxcb.so.1.1.0
7ff12085e000-7ff1208ad000 r-xp 00000000 08:02 16908713                   /usr/lib/x86_64-linux-gnu/libgobject-2.0.so.0.4002.0
7ff1208ad000-7ff120aad000 ---p 0004f000 08:02 16908713                   /usr/lib/x86_64-linux-gnu/libgobject-2.0.so.0.4002.0
7ff120aad000-7ff120aae000 r--p 0004f000 08:02 16908713                   /usr/lib/x86_64-linux-gnu/libgobject-2.0.so.0.4002.0
7ff120aae000-7ff120aaf000 rw-p 00050000 08:02 16908713                   /usr/lib/x86_64-linux-gnu/libgobject-2.0.so.0.4002.0
7ff120aaf000-7ff120c1b000 r-xp 00000000 08:02 16908720                   /usr/lib/x86_64-linux-gnu/libgio-2.0.so.0.4002.0
7ff120c1b000-7ff120e1a000 ---p 0016c000 08:02 16908720                   /usr/lib/x86_64-linux-gnu/libgio-2.0.so.0.4002.0
7ff120e1a000-7ff120e1e000 r--p 0016b000 08:02 16908720                   /usr/lib/x86_64-linux-gnu/libgio-2.0.so.0.4002.0
7ff120e1e000-7ff120e20000 rw-p 0016f000 08:02 16908720                   /usr/lib/x86_64-linux-gnu/libgio-2.0.so.0.4002.0
7ff120e20000-7ff120e22000 rw-p 00000000 00:00 0 
7ff120e22000-7ff120e5c000 r-xp 00000000 08:02 16912349                   /usr/lib/x86_64-linux-gnu/libfontconfig.so.1.8.0
7ff120e5c000-7ff12105b000 ---p 0003a000 08:02 16912349                   /usr/lib/x86_64-linux-gnu/libfontconfig.so.1.8.0
7ff12105b000-7ff12105d000 r--p 00039000 08:02 16912349                   /usr/lib/x86_64-linux-gnu/libfontconfig.so.1.8.0
7ff12105d000-7ff12105e000 rw-p 0003b000 08:02 16912349                   /usr/lib/x86_64-linux-gnu/libfontconfig.so.1.8.0
7ff12105e000-7ff1210ca000 r-xp 00000000 08:02 16908638                   /usr/lib/x86_64-linux-gnu/libcups.so.2
7ff1210ca000-7ff1212ca000 ---p 0006c000 08:02 16908638                   /usr/lib/x86_64-linux-gnu/libcups.so.2
7ff1212ca000-7ff1212d1000 r--p 0006c000 08:02 16908638                   /usr/lib/x86_64-linux-gnu/libcups.so.2
7ff1212d1000-7ff1212d2000 rw-p 00073000 08:02 16908638                   /usr/lib/x86_64-linux-gnu/libcups.so.2
7ff1212d2000-7ff1212e1000 r-xp 00000000 08:02 16914942                   /usr/lib/x86_64-linux-gnu/libXi.so.6.1.0
7ff1212e1000-7ff1214e0000 ---p 0000f000 08:02 16914942                   /usr/lib/x86_64-linux-gnu/libXi.so.6.1.0
7ff1214e0000-7ff1214e1000 r--p 0000e000 08:02 16914942                   /usr/lib/x86_64-linux-gnu/libXi.so.6.1.0
7ff1214e1000-7ff1214e2000 rw-p 0000f000 08:02 16914942                   /usr/lib/x86_64-linux-gnu/libXi.so.6.1.0
7ff1214e2000-7ff1214e7000 r-xp 00000000 08:02 16914967                   /usr/lib/x86_64-linux-gnu/libXtst.so.6.1.0
7ff1214e7000-7ff1216e6000 ---p 00005000 08:02 16914967                   /usr/lib/x86_64-linux-gnu/libXtst.so.6.1.0
7ff1216e6000-7ff1216e7000 r--p 00004000 08:02 16914967                   /usr/lib/x86_64-linux-gnu/libXtst.so.6.1.0
7ff1216e7000-7ff1216e8000 rw-p 00005000 08:02 16914967                   /usr/lib/x86_64-linux-gnu/libXtst.so.6.1.0
7ff1216e8000-7ff1216f1000 r-xp 00000000 08:02 16914948                   /usr/lib/x86_64-linux-gnu/libXrender.so.1.3.0
7ff1216f1000-7ff1218f0000 ---p 00009000 08:02 16914948                   /usr/lib/x86_64-linux-gnu/libXrender.so.1.3.0
7ff1218f0000-7ff1218f1000 r--p 00008000 08:02 16914948                   /usr/lib/x86_64-linux-gnu/libXrender.so.1.3.0
7ff1218f1000-7ff1218f2000 rw-p 00009000 08:02 16914948                   /usr/lib/x86_64-linux-gnu/libXrender.so.1.3.0
7ff1218f2000-7ff121a22000 r-xp 00000000 08:02 16914924                   /usr/lib/x86_64-linux-gnu/libX11.so.6.3.0
7ff121a22000-7ff121c22000 ---p 00130000 08:02 16914924                   /usr/lib/x86_64-linux-gnu/libX11.so.6.3.0
7ff121c22000-7ff121c23000 r--p 00130000 08:02 16914924                   /usr/lib/x86_64-linux-gnu/libX11.so.6.3.0
7ff121c23000-7ff121c27000 rw-p 00131000 08:02 16914924                   /usr/lib/x86_64-linux-gnu/libX11.so.6.3.0
7ff121c27000-7ff121c38000 r-xp 00000000 08:02 16909756                   /usr/lib/x86_64-linux-gnu/libXext.so.6.4.0
7ff121c38000-7ff121e37000 ---p 00011000 08:02 16909756                   /usr/lib/x86_64-linux-gnu/libXext.so.6.4.0
7ff121e37000-7ff121e38000 r--p 00010000 08:02 16909756                   /usr/lib/x86_64-linux-gnu/libXext.so.6.4.0
7ff121e38000-7ff121e39000 rw-p 00011000 08:02 16909756                   /usr/lib/x86_64-linux-gnu/libXext.so.6.4.0
7ff121e57000-7ff121e9f000 r-xp 00000000 08:02 17042372                   /usr/lib/jvm/java-7-openjdk-amd64/jre/lib/amd64/xawt/libmawt.so
7ff121e9f000-7ff12209e000 ---p 00048000 08:02 17042372                   /usr/lib/jvm/java-7-openjdk-amd64/jre/lib/amd64/xawt/libmawt.so
7ff12209e000-7ff12209f000 r--p 00047000 08:02 17042372                   /usr/lib/jvm/java-7-openjdk-amd64/jre/lib/amd64/xawt/libmawt.so
7ff12209f000-7ff1220a2000 rw-p 00048000 08:02 17042372                   /usr/lib/jvm/java-7-openjdk-amd64/jre/lib/amd64/xawt/libmawt.so
7ff1220a2000-7ff1220a3000 rw-p 00000000 00:00 0 
7ff1220a3000-7ff122143000 r-xp 00000000 08:02 17045653                   /usr/lib/jvm/java-7-openjdk-amd64/jre/lib/amd64/libawt.so
7ff122143000-7ff122343000 ---p 000a0000 08:02 17045653                   /usr/lib/jvm/java-7-openjdk-amd64/jre/lib/amd64/libawt.so
7ff122343000-7ff122344000 r--p 000a0000 08:02 17045653                   /usr/lib/jvm/java-7-openjdk-amd64/jre/lib/amd64/libawt.so
7ff122344000-7ff12234f000 rw-p 000a1000 08:02 17045653                   /usr/lib/jvm/java-7-openjdk-amd64/jre/lib/amd64/libawt.so
7ff12234f000-7ff122374000 rw-p 00000000 00:00 0 
7ff122374000-7ff122375000 ---p 00000000 00:00 0 
7ff122375000-7ff122475000 rw-p 00000000 00:00 0                          [stack:11617]
7ff122475000-7ff122478000 ---p 00000000 00:00 0 
7ff122478000-7ff122576000 rw-p 00000000 00:00 0                          [stack:11616]
7ff122576000-7ff122579000 ---p 00000000 00:00 0 
7ff122579000-7ff122677000 rw-p 00000000 00:00 0                          [stack:11615]
7ff122677000-7ff12267a000 ---p 00000000 00:00 0 
7ff12267a000-7ff122778000 rw-p 00000000 00:00 0                          [stack:11614]
7ff122778000-7ff12277b000 ---p 00000000 00:00 0 
7ff12277b000-7ff122879000 rw-p 00000000 00:00 0                          [stack:11613]
7ff122879000-7ff122b43000 r--p 00000000 08:02 16913797                   /usr/lib/locale/locale-archive
7ff122b43000-7ff122b46000 ---p 00000000 00:00 0 
7ff122b46000-7ff122c44000 rw-p 00000000 00:00 0                          [stack:11612]
7ff122c44000-7ff122c47000 ---p 00000000 00:00 0 
7ff122c47000-7ff122d45000 rw-p 00000000 00:00 0                          [stack:11611]
7ff122d45000-7ff122d46000 ---p 00000000 00:00 0 
7ff122d46000-7ff123dd9000 rw-p 00000000 00:00 0                          [stack:11610]
7ff123dd9000-7ff123f8a000 r--s 01d29000 08:02 17040002                   /usr/lib/jvm/java-7-openjdk-amd64/jre/lib/rt.jar
7ff123f8a000-7ff124000000 rw-p 00000000 00:00 0 
7ff124000000-7ff124021000 rw-p 00000000 00:00 0 
7ff124021000-7ff128000000 ---p 00000000 00:00 0 
7ff128008000-7ff128012000 r--s 000ae000 08:02 17041283                   /usr/lib/jvm/java-7-openjdk-amd64/jre/lib/resources.jar
7ff128012000-7ff12801c000 r--s 00203000 08:02 17041035                   /usr/lib/jvm/java-7-openjdk-amd64/jre/lib/charsets.jar
7ff12801c000-7ff12c7c8000 rw-p 00000000 00:00 0 
7ff12c7c8000-7ff12c7c9000 ---p 00000000 00:00 0 
7ff12c7c9000-7ff12c8c9000 rw-p 00000000 00:00 0                          [stack:11609]
7ff12c8c9000-7ff12c8ca000 ---p 00000000 00:00 0 
7ff12c8ca000-7ff12c9ca000 rw-p 00000000 00:00 0                          [stack:11608]
7ff12c9ca000-7ff12c9cb000 ---p 00000000 00:00 0 
7ff12c9cb000-7ff12cacb000 rw-p 00000000 00:00 0                          [stack:11607]
7ff12cacb000-7ff12cacc000 ---p 00000000 00:00 0 
7ff12cacc000-7ff12cbd7000 rw-p 00000000 00:00 0                          [stack:11606]
7ff12cbd7000-7ff12cc1f000 rw-p 00000000 00:00 0 
7ff12cc1f000-7ff12cc49000 rw-p 00000000 00:00 0 
7ff12cc49000-7ff12ceb4000 rw-p 00000000 00:00 0 
7ff12ceb4000-7ff12cec9000 rw-p 00000000 00:00 0 
7ff12cec9000-7ff12cfff000 rw-p 00000000 00:00 0 
7ff12cfff000-7ff12d000000 rw-p 00000000 00:00 0 
7ff12d000000-7ff12d270000 rwxp 00000000 00:00 0 
7ff12d270000-7ff1303fc000 rw-p 00000000 00:00 0 
7ff1303fc000-7ff134000000 ---p 00000000 00:00 0 
7ff134001000-7ff134006000 r--s 0004d000 08:02 17043674                   /usr/lib/jvm/java-7-openjdk-amd64/jre/lib/jsse.jar
7ff134006000-7ff134017000 r--s 00155000 08:02 29367542                   /home/christina/.m2/repository/net/java/dev/jna/jna-platform/4.1.0/jna-platform-4.1.0.jar
7ff134017000-7ff13401b000 r--s 000dc000 08:02 29629281                   /home/christina/.m2/repository/net/java/dev/jna/jna/4.1.0/jna-4.1.0.jar
7ff13401b000-7ff1340f4000 rw-p 00000000 00:00 0 
7ff1340f4000-7ff13413c000 rw-p 00000000 00:00 0 
7ff13413c000-7ff134166000 rw-p 00000000 00:00 0 
7ff134166000-7ff1343d2000 rw-p 00000000 00:00 0 
7ff1343d2000-7ff1343da000 r-xp 00000000 08:02 17045640                   /usr/lib/jvm/java-7-openjdk-amd64/jre/lib/amd64/libzip.so
7ff1343da000-7ff1345d9000 ---p 00008000 08:02 17045640                   /usr/lib/jvm/java-7-openjdk-amd64/jre/lib/amd64/libzip.so
7ff1345d9000-7ff1345da000 r--p 00007000 08:02 17045640                   /usr/lib/jvm/java-7-openjdk-amd64/jre/lib/amd64/libzip.so
7ff1345da000-7ff1345db000 rw-p 00008000 08:02 17045640                   /usr/lib/jvm/java-7-openjdk-amd64/jre/lib/amd64/libzip.so
7ff1345db000-7ff1345e6000 r-xp 00000000 08:02 4195290                    /lib/x86_64-linux-gnu/libnss_files-2.19.so
7ff1345e6000-7ff1347e5000 ---p 0000b000 08:02 4195290                    /lib/x86_64-linux-gnu/libnss_files-2.19.so
7ff1347e5000-7ff1347e6000 r--p 0000a000 08:02 4195290                    /lib/x86_64-linux-gnu/libnss_files-2.19.so
7ff1347e6000-7ff1347e7000 rw-p 0000b000 08:02 4195290                    /lib/x86_64-linux-gnu/libnss_files-2.19.so
7ff1347e7000-7ff1347f2000 r-xp 00000000 08:02 4195511                    /lib/x86_64-linux-gnu/libnss_nis-2.19.so
7ff1347f2000-7ff1349f1000 ---p 0000b000 08:02 4195511                    /lib/x86_64-linux-gnu/libnss_nis-2.19.so
7ff1349f1000-7ff1349f2000 r--p 0000a000 08:02 4195511                    /lib/x86_64-linux-gnu/libnss_nis-2.19.so
7ff1349f2000-7ff1349f3000 rw-p 0000b000 08:02 4195511                    /lib/x86_64-linux-gnu/libnss_nis-2.19.so
7ff1349f3000-7ff134a0a000 r-xp 00000000 08:02 4195500                    /lib/x86_64-linux-gnu/libnsl-2.19.so
7ff134a0a000-7ff134c09000 ---p 00017000 08:02 4195500                    /lib/x86_64-linux-gnu/libnsl-2.19.so
7ff134c09000-7ff134c0a000 r--p 00016000 08:02 4195500                    /lib/x86_64-linux-gnu/libnsl-2.19.so
7ff134c0a000-7ff134c0b000 rw-p 00017000 08:02 4195500                    /lib/x86_64-linux-gnu/libnsl-2.19.so
7ff134c0b000-7ff134c0d000 rw-p 00000000 00:00 0 
7ff134c0d000-7ff134c16000 r-xp 00000000 08:02 4195499                    /lib/x86_64-linux-gnu/libnss_compat-2.19.so
7ff134c16000-7ff134e15000 ---p 00009000 08:02 4195499                    /lib/x86_64-linux-gnu/libnss_compat-2.19.so
7ff134e15000-7ff134e16000 r--p 00008000 08:02 4195499                    /lib/x86_64-linux-gnu/libnss_compat-2.19.so
7ff134e16000-7ff134e17000 rw-p 00009000 08:02 4195499                    /lib/x86_64-linux-gnu/libnss_compat-2.19.so
7ff134e17000-7ff134e42000 r-xp 00000000 08:02 17045676                   /usr/lib/jvm/java-7-openjdk-amd64/jre/lib/amd64/libjava.so
7ff134e42000-7ff135041000 ---p 0002b000 08:02 17045676                   /usr/lib/jvm/java-7-openjdk-amd64/jre/lib/amd64/libjava.so
7ff135041000-7ff135042000 r--p 0002a000 08:02 17045676                   /usr/lib/jvm/java-7-openjdk-amd64/jre/lib/amd64/libjava.so
7ff135042000-7ff135044000 rw-p 0002b000 08:02 17045676                   /usr/lib/jvm/java-7-openjdk-amd64/jre/lib/amd64/libjava.so
7ff135044000-7ff135054000 r-xp 00000000 08:02 17045657                   /usr/lib/jvm/java-7-openjdk-amd64/jre/lib/amd64/libverify.so
7ff135054000-7ff135253000 ---p 00010000 08:02 17045657                   /usr/lib/jvm/java-7-openjdk-amd64/jre/lib/amd64/libverify.so
7ff135253000-7ff135255000 r--p 0000f000 08:02 17045657                   /usr/lib/jvm/java-7-openjdk-amd64/jre/lib/amd64/libverify.so
7ff135255000-7ff135256000 rw-p 00011000 08:02 17045657                   /usr/lib/jvm/java-7-openjdk-amd64/jre/lib/amd64/libverify.so
7ff135256000-7ff13525d000 r-xp 00000000 08:02 4195508                    /lib/x86_64-linux-gnu/librt-2.19.so
7ff13525d000-7ff13545c000 ---p 00007000 08:02 4195508                    /lib/x86_64-linux-gnu/librt-2.19.so
7ff13545c000-7ff13545d000 r--p 00006000 08:02 4195508                    /lib/x86_64-linux-gnu/librt-2.19.so
7ff13545d000-7ff13545e000 rw-p 00007000 08:02 4195508                    /lib/x86_64-linux-gnu/librt-2.19.so
7ff13545e000-7ff135474000 r-xp 00000000 08:02 4198231                    /lib/x86_64-linux-gnu/libgcc_s.so.1
7ff135474000-7ff135673000 ---p 00016000 08:02 4198231                    /lib/x86_64-linux-gnu/libgcc_s.so.1
7ff135673000-7ff135674000 rw-p 00015000 08:02 4198231                    /lib/x86_64-linux-gnu/libgcc_s.so.1
7ff135674000-7ff135779000 r-xp 00000000 08:02 4195289                    /lib/x86_64-linux-gnu/libm-2.19.so
7ff135779000-7ff135978000 ---p 00105000 08:02 4195289                    /lib/x86_64-linux-gnu/libm-2.19.so
7ff135978000-7ff135979000 r--p 00104000 08:02 4195289                    /lib/x86_64-linux-gnu/libm-2.19.so
7ff135979000-7ff13597a000 rw-p 00105000 08:02 4195289                    /lib/x86_64-linux-gnu/libm-2.19.so
7ff13597a000-7ff135a60000 r-xp 00000000 08:02 16908491                   /usr/lib/x86_64-linux-gnu/libstdc++.so.6.0.19
7ff135a60000-7ff135c5f000 ---p 000e6000 08:02 16908491                   /usr/lib/x86_64-linux-gnu/libstdc++.so.6.0.19
7ff135c5f000-7ff135c67000 r--p 000e5000 08:02 16908491                   /usr/lib/x86_64-linux-gnu/libstdc++.so.6.0.19
7ff135c67000-7ff135c69000 rw-p 000ed000 08:02 16908491                   /usr/lib/x86_64-linux-gnu/libstdc++.so.6.0.19
7ff135c69000-7ff135c7e000 rw-p 00000000 00:00 0 
7ff135c7e000-7ff136797000 r-xp 00000000 08:02 17045644                   /usr/lib/jvm/java-7-openjdk-amd64/jre/lib/amd64/server/libjvm.so
7ff136797000-7ff136997000 ---p 00b19000 08:02 17045644                   /usr/lib/jvm/java-7-openjdk-amd64/jre/lib/amd64/server/libjvm.so
7ff136997000-7ff136a31000 r--p 00b19000 08:02 17045644                   /usr/lib/jvm/java-7-openjdk-amd64/jre/lib/amd64/server/libjvm.so
7ff136a31000-7ff136a54000 rw-p 00bb3000 08:02 17045644                   /usr/lib/jvm/java-7-openjdk-amd64/jre/lib/amd64/server/libjvm.so
7ff136a54000-7ff136a82000 rw-p 00000000 00:00 0 
7ff136a82000-7ff136a9a000 r-xp 00000000 08:02 4198418                    /lib/x86_64-linux-gnu/libz.so.1.2.8
7ff136a9a000-7ff136c99000 ---p 00018000 08:02 4198418                    /lib/x86_64-linux-gnu/libz.so.1.2.8
7ff136c99000-7ff136c9a000 r--p 00017000 08:02 4198418                    /lib/x86_64-linux-gnu/libz.so.1.2.8
7ff136c9a000-7ff136c9b000 rw-p 00018000 08:02 4198418                    /lib/x86_64-linux-gnu/libz.so.1.2.8
7ff136c9b000-7ff136cb4000 r-xp 00000000 08:02 4195506                    /lib/x86_64-linux-gnu/libpthread-2.19.so
7ff136cb4000-7ff136eb3000 ---p 00019000 08:02 4195506                    /lib/x86_64-linux-gnu/libpthread-2.19.so
7ff136eb3000-7ff136eb4000 r--p 00018000 08:02 4195506                    /lib/x86_64-linux-gnu/libpthread-2.19.so
7ff136eb4000-7ff136eb5000 rw-p 00019000 08:02 4195506                    /lib/x86_64-linux-gnu/libpthread-2.19.so
7ff136eb5000-7ff136eb9000 rw-p 00000000 00:00 0 
7ff136eb9000-7ff136ebc000 r-xp 00000000 08:02 4195494                    /lib/x86_64-linux-gnu/libdl-2.19.so
7ff136ebc000-7ff1370bb000 ---p 00003000 08:02 4195494                    /lib/x86_64-linux-gnu/libdl-2.19.so
7ff1370bb000-7ff1370bc000 r--p 00002000 08:02 4195494                    /lib/x86_64-linux-gnu/libdl-2.19.so
7ff1370bc000-7ff1370bd000 rw-p 00003000 08:02 4195494                    /lib/x86_64-linux-gnu/libdl-2.19.so
7ff1370bd000-7ff137278000 r-xp 00000000 08:02 4195505                    /lib/x86_64-linux-gnu/libc-2.19.so
7ff137278000-7ff137477000 ---p 001bb000 08:02 4195505                    /lib/x86_64-linux-gnu/libc-2.19.so
7ff137477000-7ff13747b000 r--p 001ba000 08:02 4195505                    /lib/x86_64-linux-gnu/libc-2.19.so
7ff13747b000-7ff13747d000 rw-p 001be000 08:02 4195505                    /lib/x86_64-linux-gnu/libc-2.19.so
7ff13747d000-7ff137482000 rw-p 00000000 00:00 0 
7ff137482000-7ff13748f000 r-xp 00000000 08:02 17045642                   /usr/lib/jvm/java-7-openjdk-amd64/jre/lib/amd64/jli/libjli.so
7ff13748f000-7ff13768e000 ---p 0000d000 08:02 17045642                   /usr/lib/jvm/java-7-openjdk-amd64/jre/lib/amd64/jli/libjli.so
7ff13768e000-7ff13768f000 r--p 0000c000 08:02 17045642                   /usr/lib/jvm/java-7-openjdk-amd64/jre/lib/amd64/jli/libjli.so
7ff13768f000-7ff137690000 rw-p 0000d000 08:02 17045642                   /usr/lib/jvm/java-7-openjdk-amd64/jre/lib/amd64/jli/libjli.so
7ff137690000-7ff1376b3000 r-xp 00000000 08:02 4195502                    /lib/x86_64-linux-gnu/ld-2.19.so
7ff1376b3000-7ff1376b4000 rwxp 00000000 00:00 0 
7ff1376b4000-7ff1376c0000 r--s 00057000 08:02 2753038                    /home/christina/.m2/repository/uk/co/caprica/vlcj/3.10.1/vlcj-3.10.1.jar
7ff1376c0000-7ff1376c7000 r--s 00064000 08:02 1573221                    /home/christina/.m2/repository/org/apache/commons/commons-lang3/3.4/commons-lang3-3.4.jar
7ff1376c7000-7ff1376ca000 r--s 00023000 08:02 2360933                    /home/christina/.m2/repository/org/jdom/jdom/1.1/jdom-1.1.jar
7ff1376ca000-7ff1376cc000 r--s 00009000 08:02 2229732                    /home/christina/.m2/repository/org/slf4j/slf4j-api/1.7.21/slf4j-api-1.7.21.jar
7ff1376cc000-7ff1376d6000 rw-p 00000000 00:00 0 
7ff1376d6000-7ff13778c000 rw-p 00000000 00:00 0 
7ff13778c000-7ff13778f000 ---p 00000000 00:00 0 
7ff13778f000-7ff137892000 rw-p 00000000 00:00 0                          [stack:11605]
7ff137892000-7ff137896000 r--s 0003c000 08:02 17045630                   /usr/lib/jvm/java-7-openjdk-amd64/jre/lib/ext/sunpkcs11.jar
7ff137896000-7ff137898000 r--s 00012000 08:02 17045632                   /usr/lib/jvm/java-7-openjdk-amd64/jre/lib/ext/zipfs.jar
7ff137898000-7ff13789c000 r--s 00085000 08:02 17045627                   /usr/lib/jvm/java-7-openjdk-amd64/jre/lib/ext/localedata.jar
7ff13789c000-7ff13789f000 r--s 0000f000 08:02 17045631                   /usr/lib/jvm/java-7-openjdk-amd64/jre/lib/ext/icedtea-sound.jar
7ff13789f000-7ff1378a1000 r--s 00006000 08:02 17436325                   /usr/share/java/java-atk-wrapper.jar
7ff1378a1000-7ff1378a5000 r--s 00034000 08:02 17045629                   /usr/lib/jvm/java-7-openjdk-amd64/jre/lib/ext/sunjce_provider.jar
7ff1378a5000-7ff1378a6000 r--s 00002000 08:02 17045628                   /usr/lib/jvm/java-7-openjdk-amd64/jre/lib/ext/dnsns.jar
7ff1378a6000-7ff1378ae000 rw-s 00000000 08:02 13894333                   /tmp/hsperfdata_christina/11600
7ff1378ae000-7ff1378af000 rw-p 00000000 00:00 0 
7ff1378af000-7ff1378b0000 r--p 00000000 00:00 0 
7ff1378b0000-7ff1378b2000 rw-p 00000000 00:00 0 
7ff1378b2000-7ff1378b3000 r--p 00022000 08:02 4195502                    /lib/x86_64-linux-gnu/ld-2.19.so
7ff1378b3000-7ff1378b4000 rw-p 00023000 08:02 4195502                    /lib/x86_64-linux-gnu/ld-2.19.so
7ff1378b4000-7ff1378b5000 rw-p 00000000 00:00 0 
7fffefc50000-7fffefc71000 rw-p 00000000 00:00 0                          [stack]
7fffefde1000-7fffefde3000 r-xp 00000000 00:00 0                          [vdso]
ffffffffff600000-ffffffffff601000 r-xp 00000000 00:00 0                  [vsyscall]

VM Arguments:
java_command: org.scify.talkandplay.gui.ApplicationLauncher
Launcher Type: SUN_STANDARD

Environment Variables:
JAVA_HOME=/usr/lib/jvm/java-7-openjdk-amd64
PATH=/home/christina/bin:/usr/local/sbin:/usr/local/bin:/usr/sbin:/usr/bin:/sbin:/bin:/usr/games:/usr/local/games:/usr/local/etc/android-sdk-linux:/usr/local/etc/android-sdk-linux/tools
USERNAME=christina
LD_LIBRARY_PATH=/usr/lib/jvm/java-7-openjdk-amd64/jre/lib/amd64:/usr/lib/jvm/java-7-openjdk-amd64/jre/lib/i386:
SHELL=/bin/bash
DISPLAY=:0

Signal Handlers:
SIGSEGV: [libjvm.so+0x94bab0], sa_mask[0]=0x7ffbfeff, sa_flags=0x10000004
SIGBUS: [libjvm.so+0x94bab0], sa_mask[0]=0x7ffbfeff, sa_flags=0x10000004
SIGFPE: [libjvm.so+0x7c38b0], sa_mask[0]=0x7ffbfeff, sa_flags=0x10000004
SIGPIPE: [libjvm.so+0x7c38b0], sa_mask[0]=0x7ffbfeff, sa_flags=0x10000004
SIGXFSZ: [libjvm.so+0x7c38b0], sa_mask[0]=0x7ffbfeff, sa_flags=0x10000004
SIGILL: [libjvm.so+0x7c38b0], sa_mask[0]=0x7ffbfeff, sa_flags=0x10000004
SIGUSR1: SIG_DFL, sa_mask[0]=0x00000000, sa_flags=0x00000000
SIGUSR2: [libjvm.so+0x7c3750], sa_mask[0]=0x00000004, sa_flags=0x10000004
SIGHUP: [libjvm.so+0x7c3930], sa_mask[0]=0x7ffbfeff, sa_flags=0x10000004
SIGINT: SIG_IGN, sa_mask[0]=0x00000000, sa_flags=0x00000000
SIGTERM: [libjvm.so+0x7c3930], sa_mask[0]=0x7ffbfeff, sa_flags=0x10000004
SIGQUIT: [libjvm.so+0x7c3930], sa_mask[0]=0x7ffbfeff, sa_flags=0x10000004
SIGTRAP: SIG_DFL, sa_mask[0]=0x00000000, sa_flags=0x00000000


---------------  S Y S T E M  ---------------

OS:LinuxMint 17 (qiana)
uname:Linux 3.13.0-24-generic #47-Ubuntu SMP Fri May 2 23:30:00 UTC 2014 x86_64
libc:glibc 2.19 NPTL 2.19 
rlimit: STACK 8192k, CORE 0k, NPROC 61290, NOFILE 4096, AS infinity
load average:0.96 0.82 0.84

/proc/meminfo:
MemTotal:        8120420 kB
MemFree:         2593652 kB
Buffers:          174808 kB
Cached:          1612856 kB
SwapCached:            0 kB
Active:          4055940 kB
Inactive:        1189812 kB
Active(anon):    3459800 kB
Inactive(anon):   118508 kB
Active(file):     596140 kB
Inactive(file):  1071304 kB
Unevictable:          56 kB
Mlocked:              56 kB
SwapTotal:       4064252 kB
SwapFree:        4064252 kB
Dirty:               600 kB
Writeback:             0 kB
AnonPages:       3458140 kB
Mapped:           306232 kB
Shmem:            120224 kB
Slab:             119668 kB
SReclaimable:      82248 kB
SUnreclaim:        37420 kB
KernelStack:        5496 kB
PageTables:        49904 kB
NFS_Unstable:          0 kB
Bounce:                0 kB
WritebackTmp:          0 kB
CommitLimit:     8124460 kB
Committed_AS:    9499152 kB
VmallocTotal:   34359738367 kB
VmallocUsed:      142620 kB
VmallocChunk:   34359560800 kB
HardwareCorrupted:     0 kB
AnonHugePages:   1177600 kB
HugePages_Total:       0
HugePages_Free:        0
HugePages_Rsvd:        0
HugePages_Surp:        0
Hugepagesize:       2048 kB
DirectMap4k:       74624 kB
DirectMap2M:     8257536 kB


CPU:total 4 (4 cores per cpu, 1 threads per core) family 6 model 58 stepping 9, cmov, cx8, fxsr, mmx, sse, sse2, sse3, ssse3, sse4.1, sse4.2, popcnt, avx, aes, erms, tsc, tscinvbit, tscinv

/proc/cpuinfo:
processor	: 0
vendor_id	: GenuineIntel
cpu family	: 6
model		: 58
model name	: Intel(R) Core(TM) i5-3470 CPU @ 3.20GHz
stepping	: 9
microcode	: 0x12
cpu MHz		: 3201.000
cache size	: 6144 KB
physical id	: 0
siblings	: 4
core id		: 0
cpu cores	: 4
apicid		: 0
initial apicid	: 0
fpu		: yes
fpu_exception	: yes
cpuid level	: 13
wp		: yes
flags		: fpu vme de pse tsc msr pae mce cx8 apic sep mtrr pge mca cmov pat pse36 clflush dts acpi mmx fxsr sse sse2 ss ht tm pbe syscall nx rdtscp lm constant_tsc arch_perfmon pebs bts rep_good nopl xtopology nonstop_tsc aperfmperf eagerfpu pni pclmulqdq dtes64 monitor ds_cpl vmx smx est tm2 ssse3 cx16 xtpr pdcm pcid sse4_1 sse4_2 x2apic popcnt tsc_deadline_timer aes xsave avx f16c rdrand lahf_lm ida arat epb xsaveopt pln pts dtherm tpr_shadow vnmi flexpriority ept vpid fsgsbase smep erms
bogomips	: 6385.47
clflush size	: 64
cache_alignment	: 64
address sizes	: 36 bits physical, 48 bits virtual
power management:

processor	: 1
vendor_id	: GenuineIntel
cpu family	: 6
model		: 58
model name	: Intel(R) Core(TM) i5-3470 CPU @ 3.20GHz
stepping	: 9
microcode	: 0x12
cpu MHz		: 1600.000
cache size	: 6144 KB
physical id	: 0
siblings	: 4
core id		: 1
cpu cores	: 4
apicid		: 2
initial apicid	: 2
fpu		: yes
fpu_exception	: yes
cpuid level	: 13
wp		: yes
flags		: fpu vme de pse tsc msr pae mce cx8 apic sep mtrr pge mca cmov pat pse36 clflush dts acpi mmx fxsr sse sse2 ss ht tm pbe syscall nx rdtscp lm constant_tsc arch_perfmon pebs bts rep_good nopl xtopology nonstop_tsc aperfmperf eagerfpu pni pclmulqdq dtes64 monitor ds_cpl vmx smx est tm2 ssse3 cx16 xtpr pdcm pcid sse4_1 sse4_2 x2apic popcnt tsc_deadline_timer aes xsave avx f16c rdrand lahf_lm ida arat epb xsaveopt pln pts dtherm tpr_shadow vnmi flexpriority ept vpid fsgsbase smep erms
bogomips	: 6385.47
clflush size	: 64
cache_alignment	: 64
address sizes	: 36 bits physical, 48 bits virtual
power management:

processor	: 2
vendor_id	: GenuineIntel
cpu family	: 6
model		: 58
model name	: Intel(R) Core(TM) i5-3470 CPU @ 3.20GHz
stepping	: 9
microcode	: 0x12
cpu MHz		: 3201.000
cache size	: 6144 KB
physical id	: 0
siblings	: 4
core id		: 2
cpu cores	: 4
apicid		: 4
initial apicid	: 4
fpu		: yes
fpu_exception	: yes
cpuid level	: 13
wp		: yes
flags		: fpu vme de pse tsc msr pae mce cx8 apic sep mtrr pge mca cmov pat pse36 clflush dts acpi mmx fxsr sse sse2 ss ht tm pbe syscall nx rdtscp lm constant_tsc arch_perfmon pebs bts rep_good nopl xtopology nonstop_tsc aperfmperf eagerfpu pni pclmulqdq dtes64 monitor ds_cpl vmx smx est tm2 ssse3 cx16 xtpr pdcm pcid sse4_1 sse4_2 x2apic popcnt tsc_deadline_timer aes xsave avx f16c rdrand lahf_lm ida arat epb xsaveopt pln pts dtherm tpr_shadow vnmi flexpriority ept vpid fsgsbase smep erms
bogomips	: 6385.47
clflush size	: 64
cache_alignment	: 64
address sizes	: 36 bits physical, 48 bits virtual
power management:

processor	: 3
vendor_id	: GenuineIntel
cpu family	: 6
model		: 58
model name	: Intel(R) Core(TM) i5-3470 CPU @ 3.20GHz
stepping	: 9
microcode	: 0x12
cpu MHz		: 1600.000
cache size	: 6144 KB
physical id	: 0
siblings	: 4
core id		: 3
cpu cores	: 4
apicid		: 6
initial apicid	: 6
fpu		: yes
fpu_exception	: yes
cpuid level	: 13
wp		: yes
flags		: fpu vme de pse tsc msr pae mce cx8 apic sep mtrr pge mca cmov pat pse36 clflush dts acpi mmx fxsr sse sse2 ss ht tm pbe syscall nx rdtscp lm constant_tsc arch_perfmon pebs bts rep_good nopl xtopology nonstop_tsc aperfmperf eagerfpu pni pclmulqdq dtes64 monitor ds_cpl vmx smx est tm2 ssse3 cx16 xtpr pdcm pcid sse4_1 sse4_2 x2apic popcnt tsc_deadline_timer aes xsave avx f16c rdrand lahf_lm ida arat epb xsaveopt pln pts dtherm tpr_shadow vnmi flexpriority ept vpid fsgsbase smep erms
bogomips	: 6385.47
clflush size	: 64
cache_alignment	: 64
address sizes	: 36 bits physical, 48 bits virtual
power management:



Memory: 4k page, physical 8120420k(2593652k free), swap 4064252k(4064252k free)

vm_info: OpenJDK 64-Bit Server VM (24.79-b02) for linux-amd64 JRE (1.7.0_79-b14), built on Jul 24 2015 08:15:54 by "buildd" with gcc 4.8.2

time: Mon Jun 13 17:42:34 2016
elapsed time: 0 seconds

