#
# A fatal error has been detected by the Java Runtime Environment:
#
#  SIGSEGV (0xb) at pc=0x00007f310aabd414, pid=11639, tid=139848621639424
#
# JRE version: OpenJDK Runtime Environment (7.0_79-b14) (build 1.7.0_79-b14)
# Java VM: OpenJDK 64-Bit Server VM (24.79-b02 mixed mode linux-amd64 compressed oops)
# Derivative: IcedTea 2.5.6
# Distribution: Ubuntu 14.04 LTS, package 7u79-2.5.6-0ubuntu1.14.04.1
# Problematic frame:
# C  [libpthread.so.0+0xa414]  pthread_mutex_lock+0x4
#
# Failed to write core dump. Core dumps have been disabled. To enable core dumping, try "ulimit -c unlimited" before starting Java again
#
# If you would like to submit a bug report, please include
# instructions on how to reproduce the bug and visit:
#   http://icedtea.classpath.org/bugzilla
# The crash happened outside the Java Virtual Machine in native code.
# See problematic frame for where to report the bug.
#

---------------  T H R E A D  ---------------

Current thread (0x00007f310400a000):  JavaThread "main" [_thread_in_native, id=11644, stack(0x00007f310b5a4000,0x00007f310b6a5000)]

siginfo:si_signo=SIGSEGV: si_errno=0, si_code=1 (SEGV_MAPERR), si_addr=0x0000000000000010

Registers:
RAX=0x00007f310aabd410, RBX=0x00007f310b6a30e0, RCX=0x000000000000015b, RDX=0x00007f310b6a30d0
RSP=0x00007f310b6a3060, RBP=0x00007f31042007f0, RSI=0x00007f310b6a30c0, RDI=0x0000000000000000
R8 =0x00007f310b6a30e0, R9 =0x00000000000001fd, R10=0x00007f3104096a40, R11=0x00007f30e9785d07
R12=0x00007f310b6a30bc, R13=0x00007f310400a1d8, R14=0x00007f31043caec0, R15=0x00007f31041b3820
RIP=0x00007f310aabd414, EFLAGS=0x0000000000010206, CSGSFS=0x0000000000000033, ERR=0x0000000000000004
  TRAPNO=0x000000000000000e

Top of Stack: (sp=0x00007f310b6a3060)
0x00007f310b6a3060:   00007f31043caec0 00007f30e971e0da
0x00007f310b6a3070:   00007f310b6a30c0 00007f310b6a30d0
0x00007f310b6a3080:   00007f31043caec0 00007f31043cae80
0x00007f310b6a3090:   00007f31041b3820 00007f31043caec0
0x00007f310b6a30a0:   00007f31043cae80 00007f30e96fba42
0x00007f310b6a30b0:   00007f310b6a31e0 00007f310b4be515
0x00007f310b6a30c0:   0000015c0000015b 00007f3100000000
0x00007f310b6a30d0:   0000015500000154 00007f3100000000
0x00007f310b6a30e0:   00007f31041b3820 00007f31043cae80
0x00007f310b6a30f0:   00007f310b6a31e8 00007f310b6a3150
0x00007f310b6a3100:   00007f310b6a31e0 00007f30e9c329f7
0x00007f310b6a3110:   00007f310400a000 00007f31043cae80
0x00007f310b6a3120:   0000000779e045c0 0000000779e045c0
0x00007f310b6a3130:   0000000000000000 0000000779e045c0
0x00007f310b6a3140:   00007f310b6a31f8 00007f310400a000
0x00007f310b6a3150:   00007f310b6a31c0 00007f3101012d98
0x00007f310b6a3160:   00007f310400af58 00007f310400af58
0x00007f310b6a3170:   00007f31fffffffe 0000000000000000
0x00007f310b6a3180:   00007f310b6a3180 0000000779e045c0
0x00007f310b6a3190:   00007f310b6a31f8 0000000779e08fc8
0x00007f310b6a31a0:   0000000000000000 0000000779e045c0
0x00007f310b6a31b0:   0000000000000000 00007f310b6a31e0
0x00007f310b6a31c0:   00007f310b6a3240 00007f3101006233
0x00007f310b6a31d0:   00000007d6caa538 00007f310100ecdb
0x00007f310b6a31e0:   00000007d75c53e8 00000007d6ad2c60
0x00007f310b6a31f0:   00007f31041b3820 00007f3101006175
0x00007f310b6a3200:   00007f310b6a3200 0000000779da6314
0x00007f310b6a3210:   00007f310b6a3258 0000000779dc1ba0
0x00007f310b6a3220:   0000000000000000 0000000779da63e0
0x00007f310b6a3230:   00007f310b6a31e0 00007f310b6a3260
0x00007f310b6a3240:   00007f310b6a32a0 00007f3101006058
0x00007f310b6a3250:   0000000000000000 0000000000000000 

Instructions: (pc=0x00007f310aabd414)
0x00007f310aabd3f4:   0f 1f 40 00 c7 47 10 ff ff ff ff 31 c0 c3 66 2e
0x00007f310aabd404:   0f 1f 84 00 00 00 00 00 0f 1f 40 00 48 83 ec 08
0x00007f310aabd414:   8b 77 10 49 89 f8 89 f0 89 f2 25 7f 01 00 00 83
0x00007f310aabd424:   e2 7c 0f 85 bf 00 00 00 85 c0 75 70 8b 15 ee 30 

Register to memory mapping:

RAX=0x00007f310aabd410: pthread_mutex_lock+0 in /lib/x86_64-linux-gnu/libpthread.so.0 at 0x00007f310aab3000
RBX=0x00007f310b6a30e0 is pointing into the stack for thread: 0x00007f310400a000
RCX=0x000000000000015b is an unknown value
RDX=0x00007f310b6a30d0 is pointing into the stack for thread: 0x00007f310400a000
RSP=0x00007f310b6a3060 is pointing into the stack for thread: 0x00007f310400a000
RBP=0x00007f31042007f0 is an unknown value
RSI=0x00007f310b6a30c0 is pointing into the stack for thread: 0x00007f310400a000
RDI=0x0000000000000000 is an unknown value
R8 =0x00007f310b6a30e0 is pointing into the stack for thread: 0x00007f310400a000
R9 =0x00000000000001fd is an unknown value
R10=0x00007f3104096a40 is an unknown value
R11=0x00007f30e9785d07: <offset 0xabd07> in /usr/lib/x86_64-linux-gnu/libX11.so.6 at 0x00007f30e96da000
R12=0x00007f310b6a30bc is pointing into the stack for thread: 0x00007f310400a000
R13=0x00007f310400a1d8 is an unknown value
R14=0x00007f31043caec0 is an unknown value
R15=0x00007f31041b3820 is an unknown value


Stack: [0x00007f310b5a4000,0x00007f310b6a5000],  sp=0x00007f310b6a3060,  free space=1020k
Native frames: (J=compiled Java code, j=interpreted, Vv=VM code, C=native code)
C  [libpthread.so.0+0xa414]  pthread_mutex_lock+0x4
C  0x00007f31041ff800

Java frames: (J=compiled Java code, j=interpreted, Vv=VM code)
j  sun.awt.X11.XlibWrapper.XGetDefault(JLjava/lang/String;Ljava/lang/String;)Ljava/lang/String;+0
j  sun.awt.X11.XToolkit.initializeMultiClickTime()V+12
j  sun.awt.X11.XToolkit.getMultiClickTime()I+6
j  sun.awt.X11.XToolkit.initializeDesktopProperties()V+82
j  java.awt.Toolkit.getDesktopProperty(Ljava/lang/String;)Ljava/lang/Object;+32
j  sun.swing.SwingUtilities2$AATextInfo.getAATextInfo(Z)Lsun/swing/SwingUtilities2$AATextInfo;+11
j  javax.swing.plaf.metal.MetalLookAndFeel.initComponentDefaults(Ljavax/swing/UIDefaults;)V+12100
j  javax.swing.plaf.basic.BasicLookAndFeel.getDefaults()Ljavax/swing/UIDefaults;+25
j  javax.swing.plaf.metal.MetalLookAndFeel.getDefaults()Ljavax/swing/UIDefaults;+9
j  javax.swing.UIManager.setLookAndFeel(Ljavax/swing/LookAndFeel;)V+79
j  javax.swing.UIManager.setLookAndFeel(Ljava/lang/String;)V+16
j  javax.swing.UIManager.initializeDefaultLAF(Ljava/util/Properties;)V+55
j  javax.swing.UIManager.initialize()V+9
j  javax.swing.UIManager.maybeInitialize()V+22
j  javax.swing.UIManager.getLookAndFeelDefaults()Ljavax/swing/UIDefaults;+0
j  org.scify.talkandplay.gui.ApplicationLauncher.setUIFont(Ljavax/swing/plaf/FontUIResource;)V+0
j  org.scify.talkandplay.gui.ApplicationLauncher.main([Ljava/lang/String;)V+30
v  ~StubRoutines::call_stub

---------------  P R O C E S S  ---------------

Java Threads: ( => current thread )
  0x00007f3104209000 JavaThread "AWT-XAWT" daemon [_thread_in_native, id=11658, stack(0x00007f30c855a000,0x00007f30c865b000)]
  0x00007f31041e9800 JavaThread "Java2D Disposer" daemon [_thread_blocked, id=11657, stack(0x00007f30e80df000,0x00007f30e81e0000)]
  0x00007f31040ae800 JavaThread "Service Thread" daemon [_thread_blocked, id=11655, stack(0x00007f30ea23f000,0x00007f30ea340000)]
  0x00007f31040ac000 JavaThread "C2 CompilerThread1" daemon [_thread_blocked, id=11654, stack(0x00007f30ea340000,0x00007f30ea441000)]
  0x00007f31040a9800 JavaThread "C2 CompilerThread0" daemon [_thread_blocked, id=11653, stack(0x00007f30ea441000,0x00007f30ea542000)]
  0x00007f31040a7000 JavaThread "Signal Dispatcher" daemon [_thread_blocked, id=11652, stack(0x00007f30ea542000,0x00007f30ea643000)]
  0x00007f310407c000 JavaThread "Finalizer" daemon [_thread_blocked, id=11651, stack(0x00007f30ea90d000,0x00007f30eaa0e000)]
  0x00007f310407a000 JavaThread "Reference Handler" daemon [_thread_blocked, id=11650, stack(0x00007f30eaa0e000,0x00007f30eab0f000)]
=>0x00007f310400a000 JavaThread "main" [_thread_in_native, id=11644, stack(0x00007f310b5a4000,0x00007f310b6a5000)]

Other Threads:
  0x00007f3104075800 VMThread [stack: 0x00007f30eab0f000,0x00007f30eac10000] [id=11649]
  0x00007f31040b9800 WatcherThread [stack: 0x00007f30ea13e000,0x00007f30ea23f000] [id=11656]

VM state:not at safepoint (normal execution)

VM Mutex/Monitor currently owned by a thread: None

Heap
 PSYoungGen      total 37376K, used 11753K [0x00000007d6a80000, 0x00000007d9400000, 0x0000000800000000)
  eden space 32256K, 36% used [0x00000007d6a80000,0x00000007d75fa5c0,0x00000007d8a00000)
  from space 5120K, 0% used [0x00000007d8f00000,0x00000007d8f00000,0x00000007d9400000)
  to   space 5120K, 0% used [0x00000007d8a00000,0x00000007d8a00000,0x00000007d8f00000)
 ParOldGen       total 84480K, used 0K [0x0000000784000000, 0x0000000789280000, 0x00000007d6a80000)
  object space 84480K, 0% used [0x0000000784000000,0x0000000784000000,0x0000000789280000)
 PSPermGen       total 21504K, used 7368K [0x0000000779a00000, 0x000000077af00000, 0x0000000784000000)
  object space 21504K, 34% used [0x0000000779a00000,0x000000077a132238,0x000000077af00000)

Card table byte_map: [0x00007f3100bcc000,0x00007f3101000000] byte_map_base: 0x00007f30fcfff000

Polling page: 0x00007f310b6c7000

Code Cache  [0x00007f3101000000, 0x00007f3101270000, 0x00007f3104000000)
 total_blobs=377 nmethods=50 adapters=280 free_code_cache=48600Kb largest_free_block=49749440

Compilation events (10 events):
Event: 0.272 Thread 0x00007f31040ac000 nmethod 46 0x00007f310107f710 code [0x00007f310107f840, 0x00007f310107f8b8]
Event: 0.272 Thread 0x00007f31040ac000   47             java.lang.Class::searchMethods (90 bytes)
Event: 0.275 Thread 0x00007f31040a9800 nmethod 44 0x00007f310108b750 code [0x00007f310108b900, 0x00007f310108c5c8]
Event: 0.275 Thread 0x00007f31040ac000 nmethod 47 0x00007f310107ee50 code [0x00007f310107efe0, 0x00007f310107f350]
Event: 0.353 Thread 0x00007f31040a9800   48             java.util.HashMap::transfer (115 bytes)
Event: 0.356 Thread 0x00007f31040a9800 nmethod 48 0x00007f310107b9d0 code [0x00007f310107bb40, 0x00007f310107be28]
Event: 0.369 Thread 0x00007f31040ac000   49             java.util.HashMap::getEntry (86 bytes)
Event: 0.372 Thread 0x00007f31040ac000 nmethod 49 0x00007f310107b3d0 code [0x00007f310107b540, 0x00007f310107b768]
Event: 0.375 Thread 0x00007f31040a9800   50             java.util.ArrayList::access$100 (5 bytes)
Event: 0.375 Thread 0x00007f31040a9800 nmethod 50 0x00007f31010807d0 code [0x00007f3101080900, 0x00007f3101080958]

GC Heap History (0 events):
No events

Deoptimization events (8 events):
Event: 0.202 Thread 0x00007f310400a000 Uncommon trap: reason=class_check action=maybe_recompile pc=0x00007f3101072f3c method=java.util.Properties$LineReader.readLine()I @ 62
Event: 0.202 Thread 0x00007f310400a000 Uncommon trap: reason=class_check action=maybe_recompile pc=0x00007f3101072f3c method=java.util.Properties$LineReader.readLine()I @ 62
Event: 0.276 Thread 0x00007f310400a000 Uncommon trap: reason=bimorphic action=maybe_recompile pc=0x00007f3101078c3c method=java.util.HashMap.getEntry(Ljava/lang/Object;)Ljava/util/HashMap$Entry; @ 68
Event: 0.277 Thread 0x00007f310400a000 Uncommon trap: reason=bimorphic action=maybe_recompile pc=0x00007f3101078c3c method=java.util.HashMap.getEntry(Ljava/lang/Object;)Ljava/util/HashMap$Entry; @ 68
Event: 0.277 Thread 0x00007f310400a000 Uncommon trap: reason=bimorphic action=maybe_recompile pc=0x00007f3101078c3c method=java.util.HashMap.getEntry(Ljava/lang/Object;)Ljava/util/HashMap$Entry; @ 68
Event: 0.277 Thread 0x00007f310400a000 Uncommon trap: reason=bimorphic action=maybe_recompile pc=0x00007f3101078c3c method=java.util.HashMap.getEntry(Ljava/lang/Object;)Ljava/util/HashMap$Entry; @ 68
Event: 0.277 Thread 0x00007f310400a000 Uncommon trap: reason=bimorphic action=maybe_recompile pc=0x00007f3101079460 method=java.util.HashMap.getEntry(Ljava/lang/Object;)Ljava/util/HashMap$Entry; @ 68
Event: 0.384 Thread 0x00007f310400a000 Uncommon trap: reason=class_check action=maybe_recompile pc=0x00007f3101072f3c method=java.util.Properties$LineReader.readLine()I @ 62

Internal exceptions (10 events):
Event: 0.361 Thread 0x00007f310400a000 Threw 0x00000007d74f8c58 at /build/openjdk-7-FO0dNI/openjdk-7-7u79-2.5.6/build/openjdk/hotspot/src/share/vm/prims/jvm.cpp:1284
Event: 0.361 Thread 0x00007f310400a000 Threw 0x00000007d74fd900 at /build/openjdk-7-FO0dNI/openjdk-7-7u79-2.5.6/build/openjdk/hotspot/src/share/vm/prims/jvm.cpp:1284
Event: 0.362 Thread 0x00007f310400a000 Threw 0x00000007d7503d90 at /build/openjdk-7-FO0dNI/openjdk-7-7u79-2.5.6/build/openjdk/hotspot/src/share/vm/prims/jvm.cpp:1284
Event: 0.362 Thread 0x00007f310400a000 Threw 0x00000007d750a028 at /build/openjdk-7-FO0dNI/openjdk-7-7u79-2.5.6/build/openjdk/hotspot/src/share/vm/prims/jvm.cpp:1284
Event: 0.367 Thread 0x00007f310400a000 Threw 0x00000007d7536000 at /build/openjdk-7-FO0dNI/openjdk-7-7u79-2.5.6/build/openjdk/hotspot/src/share/vm/prims/jvm.cpp:1284
Event: 0.376 Thread 0x00007f310400a000 Threw 0x00000007d7576528 at /build/openjdk-7-FO0dNI/openjdk-7-7u79-2.5.6/build/openjdk/hotspot/src/share/vm/prims/jvm.cpp:1284
Event: 0.378 Thread 0x00007f310400a000 Threw 0x00000007d7580198 at /build/openjdk-7-FO0dNI/openjdk-7-7u79-2.5.6/build/openjdk/hotspot/src/share/vm/prims/jvm.cpp:1284
Event: 0.378 Thread 0x00007f310400a000 Threw 0x00000007d7585fc0 at /build/openjdk-7-FO0dNI/openjdk-7-7u79-2.5.6/build/openjdk/hotspot/src/share/vm/prims/jvm.cpp:1284
Event: 0.379 Thread 0x00007f310400a000 Threw 0x00000007d758bcb0 at /build/openjdk-7-FO0dNI/openjdk-7-7u79-2.5.6/build/openjdk/hotspot/src/share/vm/prims/jvm.cpp:1284
Event: 0.379 Thread 0x00007f310400a000 Threw 0x00000007d7591670 at /build/openjdk-7-FO0dNI/openjdk-7-7u79-2.5.6/build/openjdk/hotspot/src/share/vm/prims/jvm.cpp:1284

Events (10 events):
Event: 0.388 loading class 0x00007f31001a52b0
Event: 0.388 loading class 0x00007f31001a52b0 done
Event: 0.388 loading class 0x00007f30d803dc00
Event: 0.388 loading class 0x00007f30d803dc00 done
Event: 0.388 loading class 0x00007f30d803eb80
Event: 0.388 loading class 0x00007f30d803eb80 done
Event: 0.389 loading class 0x00007f30d804a490
Event: 0.389 loading class 0x00007f30d804a490 done
Event: 0.389 loading class 0x00007f30d805c7a0
Event: 0.389 loading class 0x00007f30d805c7a0 done


Dynamic libraries:
00400000-00401000 r-xp 00000000 08:02 17045711                           /usr/lib/jvm/java-7-openjdk-amd64/jre/bin/java
00600000-00601000 r--p 00000000 08:02 17045711                           /usr/lib/jvm/java-7-openjdk-amd64/jre/bin/java
00601000-00602000 rw-p 00001000 08:02 17045711                           /usr/lib/jvm/java-7-openjdk-amd64/jre/bin/java
0186a000-0188b000 rw-p 00000000 00:00 0                                  [heap]
779a00000-77af00000 rw-p 00000000 00:00 0 
77af00000-784000000 rw-p 00000000 00:00 0 
784000000-789280000 rw-p 00000000 00:00 0 
789280000-7d6a80000 rw-p 00000000 00:00 0 
7d6a80000-7d9400000 rw-p 00000000 00:00 0 
7d9400000-800000000 rw-p 00000000 00:00 0 
7f30b5fb5000-7f30b5fb7000 r-xp 00000000 08:02 16916095                   /usr/lib/x86_64-linux-gnu/libxcb-shm.so.0.0.0
7f30b5fb7000-7f30b61b6000 ---p 00002000 08:02 16916095                   /usr/lib/x86_64-linux-gnu/libxcb-shm.so.0.0.0
7f30b61b6000-7f30b61b7000 r--p 00001000 08:02 16916095                   /usr/lib/x86_64-linux-gnu/libxcb-shm.so.0.0.0
7f30b61b7000-7f30b61b8000 rw-p 00002000 08:02 16916095                   /usr/lib/x86_64-linux-gnu/libxcb-shm.so.0.0.0
7f30b61b8000-7f30b61be000 r-xp 00000000 08:02 16916107                   /usr/lib/x86_64-linux-gnu/libxcb-xv.so.0.0.0
7f30b61be000-7f30b63bd000 ---p 00006000 08:02 16916107                   /usr/lib/x86_64-linux-gnu/libxcb-xv.so.0.0.0
7f30b63bd000-7f30b63be000 r--p 00005000 08:02 16916107                   /usr/lib/x86_64-linux-gnu/libxcb-xv.so.0.0.0
7f30b63be000-7f30b63bf000 rw-p 00006000 08:02 16916107                   /usr/lib/x86_64-linux-gnu/libxcb-xv.so.0.0.0
7f30b63bf000-7f30b63c6000 r-xp 00000000 08:02 17304584                   /usr/lib/vlc/plugins/video_output/libxcb_xv_plugin.so
7f30b63c6000-7f30b65c5000 ---p 00007000 08:02 17304584                   /usr/lib/vlc/plugins/video_output/libxcb_xv_plugin.so
7f30b65c5000-7f30b65c6000 r--p 00006000 08:02 17304584                   /usr/lib/vlc/plugins/video_output/libxcb_xv_plugin.so
7f30b65c6000-7f30b65c7000 rw-p 00007000 08:02 17304584                   /usr/lib/vlc/plugins/video_output/libxcb_xv_plugin.so
7f30b65c7000-7f30b66b0000 r-xp 00000000 08:02 16915012                   /usr/lib/x86_64-linux-gnu/libasound.so.2.0.0
7f30b66b0000-7f30b68af000 ---p 000e9000 08:02 16915012                   /usr/lib/x86_64-linux-gnu/libasound.so.2.0.0
7f30b68af000-7f30b68b6000 r--p 000e8000 08:02 16915012                   /usr/lib/x86_64-linux-gnu/libasound.so.2.0.0
7f30b68b6000-7f30b68b7000 rw-p 000ef000 08:02 16915012                   /usr/lib/x86_64-linux-gnu/libasound.so.2.0.0
7f30b68b7000-7f30b68bc000 r-xp 00000000 08:02 17308513                   /usr/lib/vlc/plugins/audio_output/libalsa_plugin.so
7f30b68bc000-7f30b6abb000 ---p 00005000 08:02 17308513                   /usr/lib/vlc/plugins/audio_output/libalsa_plugin.so
7f30b6abb000-7f30b6abc000 r--p 00004000 08:02 17308513                   /usr/lib/vlc/plugins/audio_output/libalsa_plugin.so
7f30b6abc000-7f30b6abd000 rw-p 00005000 08:02 17308513                   /usr/lib/vlc/plugins/audio_output/libalsa_plugin.so
7f30b6abd000-7f30b6ac1000 r-xp 00000000 08:02 4195521                    /lib/x86_64-linux-gnu/libuuid.so.1.3.0
7f30b6ac1000-7f30b6cc0000 ---p 00004000 08:02 4195521                    /lib/x86_64-linux-gnu/libuuid.so.1.3.0
7f30b6cc0000-7f30b6cc1000 r--p 00003000 08:02 4195521                    /lib/x86_64-linux-gnu/libuuid.so.1.3.0
7f30b6cc1000-7f30b6cc2000 rw-p 00004000 08:02 4195521                    /lib/x86_64-linux-gnu/libuuid.so.1.3.0
7f30b6cc2000-7f30b6d21000 r-xp 00000000 08:02 16914965                   /usr/lib/x86_64-linux-gnu/libXt.so.6.0.0
7f30b6d21000-7f30b6f21000 ---p 0005f000 08:02 16914965                   /usr/lib/x86_64-linux-gnu/libXt.so.6.0.0
7f30b6f21000-7f30b6f22000 r--p 0005f000 08:02 16914965                   /usr/lib/x86_64-linux-gnu/libXt.so.6.0.0
7f30b6f22000-7f30b6f27000 rw-p 00060000 08:02 16914965                   /usr/lib/x86_64-linux-gnu/libXt.so.6.0.0
7f30b6f27000-7f30b6f28000 rw-p 00000000 00:00 0 
7f30b6f28000-7f30b6f3f000 r-xp 00000000 08:02 16914786                   /usr/lib/x86_64-linux-gnu/libICE.so.6.3.0
7f30b6f3f000-7f30b713e000 ---p 00017000 08:02 16914786                   /usr/lib/x86_64-linux-gnu/libICE.so.6.3.0
7f30b713e000-7f30b713f000 r--p 00016000 08:02 16914786                   /usr/lib/x86_64-linux-gnu/libICE.so.6.3.0
7f30b713f000-7f30b7140000 rw-p 00017000 08:02 16914786                   /usr/lib/x86_64-linux-gnu/libICE.so.6.3.0
7f30b7140000-7f30b7144000 rw-p 00000000 00:00 0 
7f30b7144000-7f30b7baa000 r-xp 00000000 08:02 16914876                   /usr/lib/x86_64-linux-gnu/libQtGui.so.4.8.6
7f30b7baa000-7f30b7daa000 ---p 00a66000 08:02 16914876                   /usr/lib/x86_64-linux-gnu/libQtGui.so.4.8.6
7f30b7daa000-7f30b7dec000 r--p 00a66000 08:02 16914876                   /usr/lib/x86_64-linux-gnu/libQtGui.so.4.8.6
7f30b7dec000-7f30b7df3000 rw-p 00aa8000 08:02 16914876                   /usr/lib/x86_64-linux-gnu/libQtGui.so.4.8.6
7f30b7df3000-7f30b7df7000 rw-p 00000000 00:00 0 
7f30b7df7000-7f30b7dfe000 r-xp 00000000 08:02 16915739                   /usr/lib/x86_64-linux-gnu/libogg.so.0.8.1
7f30b7dfe000-7f30b7ffe000 ---p 00007000 08:02 16915739                   /usr/lib/x86_64-linux-gnu/libogg.so.0.8.1
7f30b7ffe000-7f30b7fff000 r--p 00007000 08:02 16915739                   /usr/lib/x86_64-linux-gnu/libogg.so.0.8.1
7f30b7fff000-7f30b8000000 rw-p 00008000 08:02 16915739                   /usr/lib/x86_64-linux-gnu/libogg.so.0.8.1
7f30b8000000-7f30b8021000 rw-p 00000000 00:00 0 
7f30b8021000-7f30bc000000 ---p 00000000 00:00 0 
7f30bc04d000-7f30bc079000 r-xp 00000000 08:02 16916027                   /usr/lib/x86_64-linux-gnu/libvorbis.so.0.4.5
7f30bc079000-7f30bc278000 ---p 0002c000 08:02 16916027                   /usr/lib/x86_64-linux-gnu/libvorbis.so.0.4.5
7f30bc278000-7f30bc279000 r--p 0002b000 08:02 16916027                   /usr/lib/x86_64-linux-gnu/libvorbis.so.0.4.5
7f30bc279000-7f30bc27a000 rw-p 0002c000 08:02 16916027                   /usr/lib/x86_64-linux-gnu/libvorbis.so.0.4.5
7f30bc27a000-7f30bc52d000 r-xp 00000000 08:02 16916029                   /usr/lib/x86_64-linux-gnu/libvorbisenc.so.2.0.8
7f30bc52d000-7f30bc72c000 ---p 002b3000 08:02 16916029                   /usr/lib/x86_64-linux-gnu/libvorbisenc.so.2.0.8
7f30bc72c000-7f30bc748000 r--p 002b2000 08:02 16916029                   /usr/lib/x86_64-linux-gnu/libvorbisenc.so.2.0.8
7f30bc748000-7f30bc749000 rw-p 002ce000 08:02 16916029                   /usr/lib/x86_64-linux-gnu/libvorbisenc.so.2.0.8
7f30bc749000-7f30bc779000 r-xp 00000000 08:02 16912470                   /usr/lib/x86_64-linux-gnu/libFLAC.so.8.3.0
7f30bc779000-7f30bc978000 ---p 00030000 08:02 16912470                   /usr/lib/x86_64-linux-gnu/libFLAC.so.8.3.0
7f30bc978000-7f30bc979000 r--p 0002f000 08:02 16912470                   /usr/lib/x86_64-linux-gnu/libFLAC.so.8.3.0
7f30bc979000-7f30bc97a000 rw-p 00030000 08:02 16912470                   /usr/lib/x86_64-linux-gnu/libFLAC.so.8.3.0
7f30bc97a000-7f30bc97f000 r-xp 00000000 08:02 16915020                   /usr/lib/x86_64-linux-gnu/libasyncns.so.0.3.1
7f30bc97f000-7f30bcb7e000 ---p 00005000 08:02 16915020                   /usr/lib/x86_64-linux-gnu/libasyncns.so.0.3.1
7f30bcb7e000-7f30bcb7f000 r--p 00004000 08:02 16915020                   /usr/lib/x86_64-linux-gnu/libasyncns.so.0.3.1
7f30bcb7f000-7f30bcb80000 rw-p 00005000 08:02 16915020                   /usr/lib/x86_64-linux-gnu/libasyncns.so.0.3.1
7f30bcb80000-7f30bcbe1000 r-xp 00000000 08:02 16915920                   /usr/lib/x86_64-linux-gnu/libsndfile.so.1.0.25
7f30bcbe1000-7f30bcde1000 ---p 00061000 08:02 16915920                   /usr/lib/x86_64-linux-gnu/libsndfile.so.1.0.25
7f30bcde1000-7f30bcde3000 r--p 00061000 08:02 16915920                   /usr/lib/x86_64-linux-gnu/libsndfile.so.1.0.25
7f30bcde3000-7f30bcde4000 rw-p 00063000 08:02 16915920                   /usr/lib/x86_64-linux-gnu/libsndfile.so.1.0.25
7f30bcde4000-7f30bcde8000 rw-p 00000000 00:00 0 
7f30bcde8000-7f30bcdf0000 r-xp 00000000 08:02 4198415                    /lib/x86_64-linux-gnu/libwrap.so.0.7.6
7f30bcdf0000-7f30bcfef000 ---p 00008000 08:02 4198415                    /lib/x86_64-linux-gnu/libwrap.so.0.7.6
7f30bcfef000-7f30bcff0000 r--p 00007000 08:02 4198415                    /lib/x86_64-linux-gnu/libwrap.so.0.7.6
7f30bcff0000-7f30bcff1000 rw-p 00008000 08:02 4198415                    /lib/x86_64-linux-gnu/libwrap.so.0.7.6
7f30bcff1000-7f30bcff2000 rw-p 00000000 00:00 0 
7f30bd0f2000-7f30bd0f9000 r-xp 00000000 08:02 16914914                   /usr/lib/x86_64-linux-gnu/libSM.so.6.0.1
7f30bd0f9000-7f30bd2f8000 ---p 00007000 08:02 16914914                   /usr/lib/x86_64-linux-gnu/libSM.so.6.0.1
7f30bd2f8000-7f30bd2f9000 r--p 00006000 08:02 16914914                   /usr/lib/x86_64-linux-gnu/libSM.so.6.0.1
7f30bd2f9000-7f30bd2fa000 rw-p 00007000 08:02 16914914                   /usr/lib/x86_64-linux-gnu/libSM.so.6.0.1
7f30bd2fa000-7f30bd5d2000 r-xp 00000000 08:02 16914892                   /usr/lib/x86_64-linux-gnu/libQtCore.so.4.8.6
7f30bd5d2000-7f30bd7d2000 ---p 002d8000 08:02 16914892                   /usr/lib/x86_64-linux-gnu/libQtCore.so.4.8.6
7f30bd7d2000-7f30bd7dd000 r--p 002d8000 08:02 16914892                   /usr/lib/x86_64-linux-gnu/libQtCore.so.4.8.6
7f30bd7dd000-7f30bd7de000 rw-p 002e3000 08:02 16914892                   /usr/lib/x86_64-linux-gnu/libQtCore.so.4.8.6
7f30bd7de000-7f30bd7df000 rw-p 00000000 00:00 0 
7f30bd7df000-7f30bd7e9000 r-xp 00000000 08:02 4198174                    /lib/x86_64-linux-gnu/libjson-c.so.2.0.0
7f30bd7e9000-7f30bd9e8000 ---p 0000a000 08:02 4198174                    /lib/x86_64-linux-gnu/libjson-c.so.2.0.0
7f30bd9e8000-7f30bd9e9000 r--p 00009000 08:02 4198174                    /lib/x86_64-linux-gnu/libjson-c.so.2.0.0
7f30bd9e9000-7f30bd9ea000 rw-p 0000a000 08:02 4198174                    /lib/x86_64-linux-gnu/libjson-c.so.2.0.0
7f30bd9ea000-7f30bda50000 r-xp 00000000 08:02 17306819                   /usr/lib/x86_64-linux-gnu/pulseaudio/libpulsecommon-4.0.so
7f30bda50000-7f30bdc4f000 ---p 00066000 08:02 17306819                   /usr/lib/x86_64-linux-gnu/pulseaudio/libpulsecommon-4.0.so
7f30bdc4f000-7f30bdc50000 r--p 00065000 08:02 17306819                   /usr/lib/x86_64-linux-gnu/pulseaudio/libpulsecommon-4.0.so
7f30bdc50000-7f30bdc51000 rw-p 00066000 08:02 17306819                   /usr/lib/x86_64-linux-gnu/pulseaudio/libpulsecommon-4.0.so
7f30bdcb8000-7f30bdccf000 r-xp 00000000 08:02 16915032                   /usr/lib/x86_64-linux-gnu/libaudio.so.2.4
7f30bdccf000-7f30bdece000 ---p 00017000 08:02 16915032                   /usr/lib/x86_64-linux-gnu/libaudio.so.2.4
7f30bdece000-7f30bdecf000 r--p 00016000 08:02 16915032                   /usr/lib/x86_64-linux-gnu/libaudio.so.2.4
7f30bdecf000-7f30bded0000 rw-p 00017000 08:02 16915032                   /usr/lib/x86_64-linux-gnu/libaudio.so.2.4
7f30bded0000-7f30be132000 r-xp 00000000 08:02 17304260                   /usr/lib/vlc/plugins/gui/libqt4_plugin.so
7f30be132000-7f30be331000 ---p 00262000 08:02 17304260                   /usr/lib/vlc/plugins/gui/libqt4_plugin.so
7f30be331000-7f30be34a000 r--p 00261000 08:02 17304260                   /usr/lib/vlc/plugins/gui/libqt4_plugin.so
7f30be34a000-7f30be34e000 rw-p 0027a000 08:02 17304260                   /usr/lib/vlc/plugins/gui/libqt4_plugin.so
7f30be34e000-7f30be395000 r-xp 00000000 08:02 16909601                   /usr/lib/x86_64-linux-gnu/libpulse.so.0.16.2
7f30be395000-7f30be595000 ---p 00047000 08:02 16909601                   /usr/lib/x86_64-linux-gnu/libpulse.so.0.16.2
7f30be595000-7f30be596000 r--p 00047000 08:02 16909601                   /usr/lib/x86_64-linux-gnu/libpulse.so.0.16.2
7f30be596000-7f30be597000 rw-p 00048000 08:02 16909601                   /usr/lib/x86_64-linux-gnu/libpulse.so.0.16.2
7f30be597000-7f30be59a000 r-xp 00000000 08:02 16909602                   /usr/lib/x86_64-linux-gnu/libpulse-simple.so.0.0.4
7f30be59a000-7f30be799000 ---p 00003000 08:02 16909602                   /usr/lib/x86_64-linux-gnu/libpulse-simple.so.0.0.4
7f30be799000-7f30be79a000 r--p 00002000 08:02 16909602                   /usr/lib/x86_64-linux-gnu/libpulse-simple.so.0.0.4
7f30be79a000-7f30be79b000 rw-p 00003000 08:02 16909602                   /usr/lib/x86_64-linux-gnu/libpulse-simple.so.0.0.4
7f30be99a000-7f30be9a2000 r-xp 00000000 08:02 4198317                    /lib/x86_64-linux-gnu/libnih-dbus.so.1.0.0
7f30be9a2000-7f30beba2000 ---p 00008000 08:02 4198317                    /lib/x86_64-linux-gnu/libnih-dbus.so.1.0.0
7f30beba2000-7f30beba3000 r--p 00008000 08:02 4198317                    /lib/x86_64-linux-gnu/libnih-dbus.so.1.0.0
7f30beba3000-7f30beba4000 rw-p 00009000 08:02 4198317                    /lib/x86_64-linux-gnu/libnih-dbus.so.1.0.0
7f30beba4000-7f30bebbb000 r-xp 00000000 08:02 4198319                    /lib/x86_64-linux-gnu/libnih.so.1.0.0
7f30bebbb000-7f30bedba000 ---p 00017000 08:02 4198319                    /lib/x86_64-linux-gnu/libnih.so.1.0.0
7f30bedba000-7f30bedbb000 r--p 00016000 08:02 4198319                    /lib/x86_64-linux-gnu/libnih.so.1.0.0
7f30bedbb000-7f30bedbc000 rw-p 00017000 08:02 4198319                    /lib/x86_64-linux-gnu/libnih.so.1.0.0
7f30bedbc000-7f30bedd5000 r-xp 00000000 08:02 4195527                    /lib/x86_64-linux-gnu/libcgmanager.so.0.0.0
7f30bedd5000-7f30befd4000 ---p 00019000 08:02 4195527                    /lib/x86_64-linux-gnu/libcgmanager.so.0.0.0
7f30befd4000-7f30befd6000 r--p 00018000 08:02 4195527                    /lib/x86_64-linux-gnu/libcgmanager.so.0.0.0
7f30befd6000-7f30befd7000 rw-p 0001a000 08:02 4195527                    /lib/x86_64-linux-gnu/libcgmanager.so.0.0.0
7f30befd7000-7f30befe7000 r-xp 00000000 08:02 4194550                    /lib/x86_64-linux-gnu/libudev.so.1.3.5
7f30befe7000-7f30bf1e6000 ---p 00010000 08:02 4194550                    /lib/x86_64-linux-gnu/libudev.so.1.3.5
7f30bf1e6000-7f30bf1e7000 r--p 0000f000 08:02 4194550                    /lib/x86_64-linux-gnu/libudev.so.1.3.5
7f30bf1e7000-7f30bf1e8000 rw-p 00010000 08:02 4194550                    /lib/x86_64-linux-gnu/libudev.so.1.3.5
7f30bf1e8000-7f30bf1fd000 r-xp 00000000 08:02 4198409                    /lib/x86_64-linux-gnu/libusb-1.0.so.0.1.0
7f30bf1fd000-7f30bf3fd000 ---p 00015000 08:02 4198409                    /lib/x86_64-linux-gnu/libusb-1.0.so.0.1.0
7f30bf3fd000-7f30bf3fe000 r--p 00015000 08:02 4198409                    /lib/x86_64-linux-gnu/libusb-1.0.so.0.1.0
7f30bf3fe000-7f30bf3ff000 rw-p 00016000 08:02 4198409                    /lib/x86_64-linux-gnu/libusb-1.0.so.0.1.0
7f30bf3ff000-7f30bf44f000 r-xp 00000000 08:02 16915688                   /usr/lib/x86_64-linux-gnu/libmtp.so.9.1.0
7f30bf44f000-7f30bf64e000 ---p 00050000 08:02 16915688                   /usr/lib/x86_64-linux-gnu/libmtp.so.9.1.0
7f30bf64e000-7f30bf654000 r--p 0004f000 08:02 16915688                   /usr/lib/x86_64-linux-gnu/libmtp.so.9.1.0
7f30bf654000-7f30bf65e000 rw-p 00055000 08:02 16915688                   /usr/lib/x86_64-linux-gnu/libmtp.so.9.1.0
7f30bf65e000-7f30bf6e1000 r-xp 00000000 08:02 16915179                   /usr/lib/x86_64-linux-gnu/libdirac_encoder.so.0.1.0
7f30bf6e1000-7f30bf8e0000 ---p 00083000 08:02 16915179                   /usr/lib/x86_64-linux-gnu/libdirac_encoder.so.0.1.0
7f30bf8e0000-7f30bf8e3000 r--p 00082000 08:02 16915179                   /usr/lib/x86_64-linux-gnu/libdirac_encoder.so.0.1.0
7f30bf8e3000-7f30bf8e4000 rw-p 00085000 08:02 16915179                   /usr/lib/x86_64-linux-gnu/libdirac_encoder.so.0.1.0
7f30bf8e4000-7f30bf8e5000 rw-p 00000000 00:00 0 
7f30bf8e8000-7f30bf8ea000 r-xp 00000000 08:02 17308493                   /usr/lib/vlc/plugins/services_discovery/libmtp_plugin.so
7f30bf8ea000-7f30bfae9000 ---p 00002000 08:02 17308493                   /usr/lib/vlc/plugins/services_discovery/libmtp_plugin.so
7f30bfae9000-7f30bfaea000 r--p 00001000 08:02 17308493                   /usr/lib/vlc/plugins/services_discovery/libmtp_plugin.so
7f30bfaea000-7f30bfaeb000 rw-p 00002000 08:02 17308493                   /usr/lib/vlc/plugins/services_discovery/libmtp_plugin.so
7f30bfaeb000-7f30bfb1c000 r-xp 00000000 08:02 16915579                   /usr/lib/x86_64-linux-gnu/libidn.so.11.6.11
7f30bfb1c000-7f30bfd1c000 ---p 00031000 08:02 16915579                   /usr/lib/x86_64-linux-gnu/libidn.so.11.6.11
7f30bfd1c000-7f30bfd1d000 r--p 00031000 08:02 16915579                   /usr/lib/x86_64-linux-gnu/libidn.so.11.6.11
7f30bfd1d000-7f30bfd1e000 rw-p 00032000 08:02 16915579                   /usr/lib/x86_64-linux-gnu/libidn.so.11.6.11
7f30bfd1e000-7f30bfdfc000 r-xp 00000000 08:02 16909566                   /usr/lib/libvlccore.so.7.0.0
7f30bfdfc000-7f30bfffc000 ---p 000de000 08:02 16909566                   /usr/lib/libvlccore.so.7.0.0
7f30bfffc000-7f30bffff000 r--p 000de000 08:02 16909566                   /usr/lib/libvlccore.so.7.0.0
7f30bffff000-7f30c0000000 rw-p 000e1000 08:02 16909566                   /usr/lib/libvlccore.so.7.0.0
7f30c0000000-7f30c0021000 rw-p 00000000 00:00 0 
7f30c0021000-7f30c4000000 ---p 00000000 00:00 0 
7f30c4000000-7f30c4021000 rw-p 00000000 00:00 0 
7f30c4021000-7f30c8000000 ---p 00000000 00:00 0 
7f30c8025000-7f30c803f000 r-xp 00000000 08:02 16911282                   /usr/lib/libvlc.so.5.4.0
7f30c803f000-7f30c823e000 ---p 0001a000 08:02 16911282                   /usr/lib/libvlc.so.5.4.0
7f30c823e000-7f30c823f000 r--p 00019000 08:02 16911282                   /usr/lib/libvlc.so.5.4.0
7f30c823f000-7f30c8240000 rw-p 0001a000 08:02 16911282                   /usr/lib/libvlc.so.5.4.0
7f30c8240000-7f30c8257000 r-xp 00000000 08:02 13894334                   /tmp/jna--768653825/jna123734965887006379.tmp (deleted)
7f30c8257000-7f30c8356000 ---p 00017000 08:02 13894334                   /tmp/jna--768653825/jna123734965887006379.tmp (deleted)
7f30c8356000-7f30c8358000 rw-p 00016000 08:02 13894334                   /tmp/jna--768653825/jna123734965887006379.tmp (deleted)
7f30c8358000-7f30c8359000 r-xp 00000000 08:02 17045667                   /usr/lib/jvm/java-7-openjdk-amd64/jre/lib/amd64/libjawt.so
7f30c8359000-7f30c8558000 ---p 00001000 08:02 17045667                   /usr/lib/jvm/java-7-openjdk-amd64/jre/lib/amd64/libjawt.so
7f30c8558000-7f30c8559000 r--p 00000000 08:02 17045667                   /usr/lib/jvm/java-7-openjdk-amd64/jre/lib/amd64/libjawt.so
7f30c8559000-7f30c855a000 rw-p 00001000 08:02 17045667                   /usr/lib/jvm/java-7-openjdk-amd64/jre/lib/amd64/libjawt.so
7f30c855a000-7f30c855d000 ---p 00000000 00:00 0 
7f30c855d000-7f30c865b000 rw-p 00000000 00:00 0                          [stack:11658]
7f30c865b000-7f30c8660000 r-xp 00000000 08:02 16908996                   /usr/lib/x86_64-linux-gnu/libXfixes.so.3.1.0
7f30c8660000-7f30c885f000 ---p 00005000 08:02 16908996                   /usr/lib/x86_64-linux-gnu/libXfixes.so.3.1.0
7f30c885f000-7f30c8860000 r--p 00004000 08:02 16908996                   /usr/lib/x86_64-linux-gnu/libXfixes.so.3.1.0
7f30c8860000-7f30c8861000 rw-p 00005000 08:02 16908996                   /usr/lib/x86_64-linux-gnu/libXfixes.so.3.1.0
7f30c8861000-7f30c886a000 r-xp 00000000 08:02 16914935                   /usr/lib/x86_64-linux-gnu/libXcursor.so.1.0.2
7f30c886a000-7f30c8a69000 ---p 00009000 08:02 16914935                   /usr/lib/x86_64-linux-gnu/libXcursor.so.1.0.2
7f30c8a69000-7f30c8a6a000 r--p 00008000 08:02 16914935                   /usr/lib/x86_64-linux-gnu/libXcursor.so.1.0.2
7f30c8a6a000-7f30c8a6b000 rw-p 00009000 08:02 16914935                   /usr/lib/x86_64-linux-gnu/libXcursor.so.1.0.2
7f30c8a6b000-7f30c8a6f000 r-xp 00000000 08:02 4198287                    /lib/x86_64-linux-gnu/libgpg-error.so.0.10.0
7f30c8a6f000-7f30c8c6e000 ---p 00004000 08:02 4198287                    /lib/x86_64-linux-gnu/libgpg-error.so.0.10.0
7f30c8c6e000-7f30c8c6f000 r--p 00003000 08:02 4198287                    /lib/x86_64-linux-gnu/libgpg-error.so.0.10.0
7f30c8c6f000-7f30c8c70000 rw-p 00004000 08:02 4198287                    /lib/x86_64-linux-gnu/libgpg-error.so.0.10.0
7f30c8c70000-7f30c8c72000 r-xp 00000000 08:02 4198297                    /lib/x86_64-linux-gnu/libkeyutils.so.1.4
7f30c8c72000-7f30c8e72000 ---p 00002000 08:02 4198297                    /lib/x86_64-linux-gnu/libkeyutils.so.1.4
7f30c8e72000-7f30c8e73000 r--p 00002000 08:02 4198297                    /lib/x86_64-linux-gnu/libkeyutils.so.1.4
7f30c8e73000-7f30c8e74000 rw-p 00003000 08:02 4198297                    /lib/x86_64-linux-gnu/libkeyutils.so.1.4
7f30c8e74000-7f30c8eb1000 r-xp 00000000 08:02 4198358                    /lib/x86_64-linux-gnu/libpcre.so.3.13.1
7f30c8eb1000-7f30c90b0000 ---p 0003d000 08:02 4198358                    /lib/x86_64-linux-gnu/libpcre.so.3.13.1
7f30c90b0000-7f30c90b1000 r--p 0003c000 08:02 4198358                    /lib/x86_64-linux-gnu/libpcre.so.3.13.1
7f30c90b1000-7f30c90b2000 rw-p 0003d000 08:02 4198358                    /lib/x86_64-linux-gnu/libpcre.so.3.13.1
7f30c90b2000-7f30c90d7000 r-xp 00000000 08:02 4198370                    /lib/x86_64-linux-gnu/libpng12.so.0.50.0
7f30c90d7000-7f30c92d6000 ---p 00025000 08:02 4198370                    /lib/x86_64-linux-gnu/libpng12.so.0.50.0
7f30c92d6000-7f30c92d7000 r--p 00024000 08:02 4198370                    /lib/x86_64-linux-gnu/libpng12.so.0.50.0
7f30c92d7000-7f30c92d8000 rw-p 00025000 08:02 4198370                    /lib/x86_64-linux-gnu/libpng12.so.0.50.0
7f30c92d8000-7f30c931c000 r-xp 00000000 08:02 4198327                    /lib/x86_64-linux-gnu/libdbus-1.so.3.7.6
7f30c931c000-7f30c951b000 ---p 00044000 08:02 4198327                    /lib/x86_64-linux-gnu/libdbus-1.so.3.7.6
7f30c951b000-7f30c951c000 r--p 00043000 08:02 4198327                    /lib/x86_64-linux-gnu/libdbus-1.so.3.7.6
7f30c951c000-7f30c951d000 rw-p 00044000 08:02 4198327                    /lib/x86_64-linux-gnu/libdbus-1.so.3.7.6
7f30c951d000-7f30c9558000 r-xp 00000000 08:02 16915779                   /usr/lib/x86_64-linux-gnu/libp11-kit.so.0.0.0
7f30c9558000-7f30c9757000 ---p 0003b000 08:02 16915779                   /usr/lib/x86_64-linux-gnu/libp11-kit.so.0.0.0
7f30c9757000-7f30c975d000 r--p 0003a000 08:02 16915779                   /usr/lib/x86_64-linux-gnu/libp11-kit.so.0.0.0
7f30c975d000-7f30c975f000 rw-p 00040000 08:02 16915779                   /usr/lib/x86_64-linux-gnu/libp11-kit.so.0.0.0
7f30c975f000-7f30c9771000 r-xp 00000000 08:02 16920900                   /usr/lib/x86_64-linux-gnu/libtasn1.so.6.2.0
7f30c9771000-7f30c9971000 ---p 00012000 08:02 16920900                   /usr/lib/x86_64-linux-gnu/libtasn1.so.6.2.0
7f30c9971000-7f30c9972000 r--p 00012000 08:02 16920900                   /usr/lib/x86_64-linux-gnu/libtasn1.so.6.2.0
7f30c9972000-7f30c9973000 rw-p 00013000 08:02 16920900                   /usr/lib/x86_64-linux-gnu/libtasn1.so.6.2.0
7f30c9973000-7f30c99ef000 r-xp 00000000 08:02 4195551                    /lib/x86_64-linux-gnu/libgcrypt.so.11.8.2
7f30c99ef000-7f30c9bef000 ---p 0007c000 08:02 4195551                    /lib/x86_64-linux-gnu/libgcrypt.so.11.8.2
7f30c9bef000-7f30c9bf0000 r--p 0007c000 08:02 4195551                    /lib/x86_64-linux-gnu/libgcrypt.so.11.8.2
7f30c9bf0000-7f30c9bf3000 rw-p 0007d000 08:02 4195551                    /lib/x86_64-linux-gnu/libgcrypt.so.11.8.2
7f30c9bf3000-7f30c9bfd000 r-xp 00000000 08:02 16909493                   /usr/lib/x86_64-linux-gnu/libkrb5support.so.0.1
7f30c9bfd000-7f30c9dfc000 ---p 0000a000 08:02 16909493                   /usr/lib/x86_64-linux-gnu/libkrb5support.so.0.1
7f30c9dfc000-7f30c9dfd000 r--p 00009000 08:02 16909493                   /usr/lib/x86_64-linux-gnu/libkrb5support.so.0.1
7f30c9dfd000-7f30c9dfe000 rw-p 0000a000 08:02 16909493                   /usr/lib/x86_64-linux-gnu/libkrb5support.so.0.1
7f30c9dfe000-7f30c9e01000 r-xp 00000000 08:02 4194567                    /lib/x86_64-linux-gnu/libcom_err.so.2.1
7f30c9e01000-7f30ca000000 ---p 00003000 08:02 4194567                    /lib/x86_64-linux-gnu/libcom_err.so.2.1
7f30ca000000-7f30ca001000 r--p 00002000 08:02 4194567                    /lib/x86_64-linux-gnu/libcom_err.so.2.1
7f30ca001000-7f30ca002000 rw-p 00003000 08:02 4194567                    /lib/x86_64-linux-gnu/libcom_err.so.2.1
7f30ca002000-7f30ca02e000 r-xp 00000000 08:02 16908635                   /usr/lib/x86_64-linux-gnu/libk5crypto.so.3.1
7f30ca02e000-7f30ca22d000 ---p 0002c000 08:02 16908635                   /usr/lib/x86_64-linux-gnu/libk5crypto.so.3.1
7f30ca22d000-7f30ca22f000 r--p 0002b000 08:02 16908635                   /usr/lib/x86_64-linux-gnu/libk5crypto.so.3.1
7f30ca22f000-7f30ca230000 rw-p 0002d000 08:02 16908635                   /usr/lib/x86_64-linux-gnu/libk5crypto.so.3.1
7f30ca230000-7f30ca231000 rw-p 00000000 00:00 0 
7f30ca231000-7f30ca2ed000 r-xp 00000000 08:02 16909457                   /usr/lib/x86_64-linux-gnu/libkrb5.so.3.3
7f30ca2ed000-7f30ca4ed000 ---p 000bc000 08:02 16909457                   /usr/lib/x86_64-linux-gnu/libkrb5.so.3.3
7f30ca4ed000-7f30ca4fa000 r--p 000bc000 08:02 16909457                   /usr/lib/x86_64-linux-gnu/libkrb5.so.3.3
7f30ca4fa000-7f30ca4fc000 rw-p 000c9000 08:02 16909457                   /usr/lib/x86_64-linux-gnu/libkrb5.so.3.3
7f30ca4fc000-7f30ca501000 r-xp 00000000 08:02 16914939                   /usr/lib/x86_64-linux-gnu/libXdmcp.so.6.0.0
7f30ca501000-7f30ca700000 ---p 00005000 08:02 16914939                   /usr/lib/x86_64-linux-gnu/libXdmcp.so.6.0.0
7f30ca700000-7f30ca701000 r--p 00004000 08:02 16914939                   /usr/lib/x86_64-linux-gnu/libXdmcp.so.6.0.0
7f30ca701000-7f30ca702000 rw-p 00005000 08:02 16914939                   /usr/lib/x86_64-linux-gnu/libXdmcp.so.6.0.0
7f30ca702000-7f30ca704000 r-xp 00000000 08:02 16914928                   /usr/lib/x86_64-linux-gnu/libXau.so.6.0.0
7f30ca704000-7f30ca904000 ---p 00002000 08:02 16914928                   /usr/lib/x86_64-linux-gnu/libXau.so.6.0.0
7f30ca904000-7f30ca905000 r--p 00002000 08:02 16914928                   /usr/lib/x86_64-linux-gnu/libXau.so.6.0.0
7f30ca905000-7f30ca906000 rw-p 00003000 08:02 16914928                   /usr/lib/x86_64-linux-gnu/libXau.so.6.0.0
7f30ca906000-7f30ca90d000 r-xp 00000000 08:02 16915241                   /usr/lib/x86_64-linux-gnu/libffi.so.6.0.1
7f30ca90d000-7f30cab0c000 ---p 00007000 08:02 16915241                   /usr/lib/x86_64-linux-gnu/libffi.so.6.0.1
7f30cab0c000-7f30cab0d000 r--p 00006000 08:02 16915241                   /usr/lib/x86_64-linux-gnu/libffi.so.6.0.1
7f30cab0d000-7f30cab0e000 rw-p 00007000 08:02 16915241                   /usr/lib/x86_64-linux-gnu/libffi.so.6.0.1
7f30cab0e000-7f30cab25000 r-xp 00000000 08:02 4195285                    /lib/x86_64-linux-gnu/libresolv-2.19.so
7f30cab25000-7f30cad25000 ---p 00017000 08:02 4195285                    /lib/x86_64-linux-gnu/libresolv-2.19.so
7f30cad25000-7f30cad26000 r--p 00017000 08:02 4195285                    /lib/x86_64-linux-gnu/libresolv-2.19.so
7f30cad26000-7f30cad27000 rw-p 00018000 08:02 4195285                    /lib/x86_64-linux-gnu/libresolv-2.19.so
7f30cad27000-7f30cad29000 rw-p 00000000 00:00 0 
7f30cad29000-7f30cad49000 r-xp 00000000 08:02 4198238                    /lib/x86_64-linux-gnu/libselinux.so.1
7f30cad49000-7f30caf48000 ---p 00020000 08:02 4198238                    /lib/x86_64-linux-gnu/libselinux.so.1
7f30caf48000-7f30caf49000 r--p 0001f000 08:02 4198238                    /lib/x86_64-linux-gnu/libselinux.so.1
7f30caf49000-7f30caf4a000 rw-p 00020000 08:02 4198238                    /lib/x86_64-linux-gnu/libselinux.so.1
7f30caf4a000-7f30caf4c000 rw-p 00000000 00:00 0 
7f30caf4c000-7f30cb052000 r-xp 00000000 08:02 4198293                    /lib/x86_64-linux-gnu/libglib-2.0.so.0.4002.0
7f30cb052000-7f30cb251000 ---p 00106000 08:02 4198293                    /lib/x86_64-linux-gnu/libglib-2.0.so.0.4002.0
7f30cb251000-7f30cb252000 r--p 00105000 08:02 4198293                    /lib/x86_64-linux-gnu/libglib-2.0.so.0.4002.0
7f30cb252000-7f30cb253000 rw-p 00106000 08:02 4198293                    /lib/x86_64-linux-gnu/libglib-2.0.so.0.4002.0
7f30cb253000-7f30cb254000 rw-p 00000000 00:00 0 
7f30cb254000-7f30cb257000 r-xp 00000000 08:02 16908688                   /usr/lib/x86_64-linux-gnu/libgmodule-2.0.so.0.4002.0
7f30cb257000-7f30cb456000 ---p 00003000 08:02 16908688                   /usr/lib/x86_64-linux-gnu/libgmodule-2.0.so.0.4002.0
7f30cb456000-7f30cb457000 r--p 00002000 08:02 16908688                   /usr/lib/x86_64-linux-gnu/libgmodule-2.0.so.0.4002.0
7f30cb457000-7f30cb458000 rw-p 00003000 08:02 16908688                   /usr/lib/x86_64-linux-gnu/libgmodule-2.0.so.0.4002.0
7f30cb458000-7f30cb47f000 r-xp 00000000 08:02 4198276                    /lib/x86_64-linux-gnu/libexpat.so.1.6.0
7f30cb47f000-7f30cb67f000 ---p 00027000 08:02 4198276                    /lib/x86_64-linux-gnu/libexpat.so.1.6.0
7f30cb67f000-7f30cb681000 r--p 00027000 08:02 4198276                    /lib/x86_64-linux-gnu/libexpat.so.1.6.0
7f30cb681000-7f30cb682000 rw-p 00029000 08:02 4198276                    /lib/x86_64-linux-gnu/libexpat.so.1.6.0
7f30cb682000-7f30cb71f000 r-xp 00000000 08:02 16912466                   /usr/lib/x86_64-linux-gnu/libfreetype.so.6.11.1
7f30cb71f000-7f30cb91e000 ---p 0009d000 08:02 16912466                   /usr/lib/x86_64-linux-gnu/libfreetype.so.6.11.1
7f30cb91e000-7f30cb924000 r--p 0009c000 08:02 16912466                   /usr/lib/x86_64-linux-gnu/libfreetype.so.6.11.1
7f30cb924000-7f30cb925000 rw-p 000a2000 08:02 16912466                   /usr/lib/x86_64-linux-gnu/libfreetype.so.6.11.1
7f30cb925000-7f30cb934000 r-xp 00000000 08:02 16915034                   /usr/lib/x86_64-linux-gnu/libavahi-client.so.3.2.9
7f30cb934000-7f30cbb34000 ---p 0000f000 08:02 16915034                   /usr/lib/x86_64-linux-gnu/libavahi-client.so.3.2.9
7f30cbb34000-7f30cbb35000 r--p 0000f000 08:02 16915034                   /usr/lib/x86_64-linux-gnu/libavahi-client.so.3.2.9
7f30cbb35000-7f30cbb36000 rw-p 00010000 08:02 16915034                   /usr/lib/x86_64-linux-gnu/libavahi-client.so.3.2.9
7f30cbb36000-7f30cbb41000 r-xp 00000000 08:02 16915036                   /usr/lib/x86_64-linux-gnu/libavahi-common.so.3.5.3
7f30cbb41000-7f30cbd40000 ---p 0000b000 08:02 16915036                   /usr/lib/x86_64-linux-gnu/libavahi-common.so.3.5.3
7f30cbd40000-7f30cbd41000 r--p 0000a000 08:02 16915036                   /usr/lib/x86_64-linux-gnu/libavahi-common.so.3.5.3
7f30cbd41000-7f30cbd42000 rw-p 0000b000 08:02 16915036                   /usr/lib/x86_64-linux-gnu/libavahi-common.so.3.5.3
7f30cbd42000-7f30cbdf9000 r-xp 00000000 08:02 16908510                   /usr/lib/x86_64-linux-gnu/libgnutls.so.26.22.6
7f30cbdf9000-7f30cbff8000 ---p 000b7000 08:02 16908510                   /usr/lib/x86_64-linux-gnu/libgnutls.so.26.22.6
7f30cbff8000-7f30cbffe000 r--p 000b6000 08:02 16908510                   /usr/lib/x86_64-linux-gnu/libgnutls.so.26.22.6
7f30cbffe000-7f30cbfff000 rw-p 000bc000 08:02 16908510                   /usr/lib/x86_64-linux-gnu/libgnutls.so.26.22.6
7f30cbfff000-7f30cc000000 rw-p 00000000 00:00 0 
7f30cc000000-7f30cc1eb000 rw-p 00000000 00:00 0 
7f30cc1eb000-7f30d0000000 ---p 00000000 00:00 0 
7f30d0000000-7f30d0021000 rw-p 00000000 00:00 0 
7f30d0021000-7f30d4000000 ---p 00000000 00:00 0 
7f30d4000000-7f30d4021000 rw-p 00000000 00:00 0 
7f30d4021000-7f30d8000000 ---p 00000000 00:00 0 
7f30d8000000-7f30d81e6000 rw-p 00000000 00:00 0 
7f30d81e6000-7f30dc000000 ---p 00000000 00:00 0 
7f30dc000000-7f30dc021000 rw-p 00000000 00:00 0 
7f30dc021000-7f30e0000000 ---p 00000000 00:00 0 
7f30e0000000-7f30e0021000 rw-p 00000000 00:00 0 
7f30e0021000-7f30e4000000 ---p 00000000 00:00 0 
7f30e4000000-7f30e4021000 rw-p 00000000 00:00 0 
7f30e4021000-7f30e8000000 ---p 00000000 00:00 0 
7f30e80df000-7f30e80e2000 ---p 00000000 00:00 0 
7f30e80e2000-7f30e81e0000 rw-p 00000000 00:00 0                          [stack:11657]
7f30e81e0000-7f30e8224000 r-xp 00000000 08:02 16908948                   /usr/lib/x86_64-linux-gnu/libgssapi_krb5.so.2.2
7f30e8224000-7f30e8424000 ---p 00044000 08:02 16908948                   /usr/lib/x86_64-linux-gnu/libgssapi_krb5.so.2.2
7f30e8424000-7f30e8425000 r--p 00044000 08:02 16908948                   /usr/lib/x86_64-linux-gnu/libgssapi_krb5.so.2.2
7f30e8425000-7f30e8427000 rw-p 00045000 08:02 16908948                   /usr/lib/x86_64-linux-gnu/libgssapi_krb5.so.2.2
7f30e8427000-7f30e8444000 r-xp 00000000 08:02 16916109                   /usr/lib/x86_64-linux-gnu/libxcb.so.1.1.0
7f30e8444000-7f30e8644000 ---p 0001d000 08:02 16916109                   /usr/lib/x86_64-linux-gnu/libxcb.so.1.1.0
7f30e8644000-7f30e8645000 r--p 0001d000 08:02 16916109                   /usr/lib/x86_64-linux-gnu/libxcb.so.1.1.0
7f30e8645000-7f30e8646000 rw-p 0001e000 08:02 16916109                   /usr/lib/x86_64-linux-gnu/libxcb.so.1.1.0
7f30e8646000-7f30e8695000 r-xp 00000000 08:02 16908713                   /usr/lib/x86_64-linux-gnu/libgobject-2.0.so.0.4002.0
7f30e8695000-7f30e8895000 ---p 0004f000 08:02 16908713                   /usr/lib/x86_64-linux-gnu/libgobject-2.0.so.0.4002.0
7f30e8895000-7f30e8896000 r--p 0004f000 08:02 16908713                   /usr/lib/x86_64-linux-gnu/libgobject-2.0.so.0.4002.0
7f30e8896000-7f30e8897000 rw-p 00050000 08:02 16908713                   /usr/lib/x86_64-linux-gnu/libgobject-2.0.so.0.4002.0
7f30e8897000-7f30e8a03000 r-xp 00000000 08:02 16908720                   /usr/lib/x86_64-linux-gnu/libgio-2.0.so.0.4002.0
7f30e8a03000-7f30e8c02000 ---p 0016c000 08:02 16908720                   /usr/lib/x86_64-linux-gnu/libgio-2.0.so.0.4002.0
7f30e8c02000-7f30e8c06000 r--p 0016b000 08:02 16908720                   /usr/lib/x86_64-linux-gnu/libgio-2.0.so.0.4002.0
7f30e8c06000-7f30e8c08000 rw-p 0016f000 08:02 16908720                   /usr/lib/x86_64-linux-gnu/libgio-2.0.so.0.4002.0
7f30e8c08000-7f30e8c0a000 rw-p 00000000 00:00 0 
7f30e8c0a000-7f30e8c44000 r-xp 00000000 08:02 16912349                   /usr/lib/x86_64-linux-gnu/libfontconfig.so.1.8.0
7f30e8c44000-7f30e8e43000 ---p 0003a000 08:02 16912349                   /usr/lib/x86_64-linux-gnu/libfontconfig.so.1.8.0
7f30e8e43000-7f30e8e45000 r--p 00039000 08:02 16912349                   /usr/lib/x86_64-linux-gnu/libfontconfig.so.1.8.0
7f30e8e45000-7f30e8e46000 rw-p 0003b000 08:02 16912349                   /usr/lib/x86_64-linux-gnu/libfontconfig.so.1.8.0
7f30e8e46000-7f30e8eb2000 r-xp 00000000 08:02 16908638                   /usr/lib/x86_64-linux-gnu/libcups.so.2
7f30e8eb2000-7f30e90b2000 ---p 0006c000 08:02 16908638                   /usr/lib/x86_64-linux-gnu/libcups.so.2
7f30e90b2000-7f30e90b9000 r--p 0006c000 08:02 16908638                   /usr/lib/x86_64-linux-gnu/libcups.so.2
7f30e90b9000-7f30e90ba000 rw-p 00073000 08:02 16908638                   /usr/lib/x86_64-linux-gnu/libcups.so.2
7f30e90ba000-7f30e90c9000 r-xp 00000000 08:02 16914942                   /usr/lib/x86_64-linux-gnu/libXi.so.6.1.0
7f30e90c9000-7f30e92c8000 ---p 0000f000 08:02 16914942                   /usr/lib/x86_64-linux-gnu/libXi.so.6.1.0
7f30e92c8000-7f30e92c9000 r--p 0000e000 08:02 16914942                   /usr/lib/x86_64-linux-gnu/libXi.so.6.1.0
7f30e92c9000-7f30e92ca000 rw-p 0000f000 08:02 16914942                   /usr/lib/x86_64-linux-gnu/libXi.so.6.1.0
7f30e92ca000-7f30e92cf000 r-xp 00000000 08:02 16914967                   /usr/lib/x86_64-linux-gnu/libXtst.so.6.1.0
7f30e92cf000-7f30e94ce000 ---p 00005000 08:02 16914967                   /usr/lib/x86_64-linux-gnu/libXtst.so.6.1.0
7f30e94ce000-7f30e94cf000 r--p 00004000 08:02 16914967                   /usr/lib/x86_64-linux-gnu/libXtst.so.6.1.0
7f30e94cf000-7f30e94d0000 rw-p 00005000 08:02 16914967                   /usr/lib/x86_64-linux-gnu/libXtst.so.6.1.0
7f30e94d0000-7f30e94d9000 r-xp 00000000 08:02 16914948                   /usr/lib/x86_64-linux-gnu/libXrender.so.1.3.0
7f30e94d9000-7f30e96d8000 ---p 00009000 08:02 16914948                   /usr/lib/x86_64-linux-gnu/libXrender.so.1.3.0
7f30e96d8000-7f30e96d9000 r--p 00008000 08:02 16914948                   /usr/lib/x86_64-linux-gnu/libXrender.so.1.3.0
7f30e96d9000-7f30e96da000 rw-p 00009000 08:02 16914948                   /usr/lib/x86_64-linux-gnu/libXrender.so.1.3.0
7f30e96da000-7f30e980a000 r-xp 00000000 08:02 16914924                   /usr/lib/x86_64-linux-gnu/libX11.so.6.3.0
7f30e980a000-7f30e9a0a000 ---p 00130000 08:02 16914924                   /usr/lib/x86_64-linux-gnu/libX11.so.6.3.0
7f30e9a0a000-7f30e9a0b000 r--p 00130000 08:02 16914924                   /usr/lib/x86_64-linux-gnu/libX11.so.6.3.0
7f30e9a0b000-7f30e9a0f000 rw-p 00131000 08:02 16914924                   /usr/lib/x86_64-linux-gnu/libX11.so.6.3.0
7f30e9a0f000-7f30e9a20000 r-xp 00000000 08:02 16909756                   /usr/lib/x86_64-linux-gnu/libXext.so.6.4.0
7f30e9a20000-7f30e9c1f000 ---p 00011000 08:02 16909756                   /usr/lib/x86_64-linux-gnu/libXext.so.6.4.0
7f30e9c1f000-7f30e9c20000 r--p 00010000 08:02 16909756                   /usr/lib/x86_64-linux-gnu/libXext.so.6.4.0
7f30e9c20000-7f30e9c21000 rw-p 00011000 08:02 16909756                   /usr/lib/x86_64-linux-gnu/libXext.so.6.4.0
7f30e9c21000-7f30e9c69000 r-xp 00000000 08:02 17042372                   /usr/lib/jvm/java-7-openjdk-amd64/jre/lib/amd64/xawt/libmawt.so
7f30e9c69000-7f30e9e68000 ---p 00048000 08:02 17042372                   /usr/lib/jvm/java-7-openjdk-amd64/jre/lib/amd64/xawt/libmawt.so
7f30e9e68000-7f30e9e69000 r--p 00047000 08:02 17042372                   /usr/lib/jvm/java-7-openjdk-amd64/jre/lib/amd64/xawt/libmawt.so
7f30e9e69000-7f30e9e6c000 rw-p 00048000 08:02 17042372                   /usr/lib/jvm/java-7-openjdk-amd64/jre/lib/amd64/xawt/libmawt.so
7f30e9e6c000-7f30e9e6d000 rw-p 00000000 00:00 0 
7f30e9e6d000-7f30e9f0d000 r-xp 00000000 08:02 17045653                   /usr/lib/jvm/java-7-openjdk-amd64/jre/lib/amd64/libawt.so
7f30e9f0d000-7f30ea10d000 ---p 000a0000 08:02 17045653                   /usr/lib/jvm/java-7-openjdk-amd64/jre/lib/amd64/libawt.so
7f30ea10d000-7f30ea10e000 r--p 000a0000 08:02 17045653                   /usr/lib/jvm/java-7-openjdk-amd64/jre/lib/amd64/libawt.so
7f30ea10e000-7f30ea119000 rw-p 000a1000 08:02 17045653                   /usr/lib/jvm/java-7-openjdk-amd64/jre/lib/amd64/libawt.so
7f30ea119000-7f30ea13e000 rw-p 00000000 00:00 0 
7f30ea13e000-7f30ea13f000 ---p 00000000 00:00 0 
7f30ea13f000-7f30ea23f000 rw-p 00000000 00:00 0                          [stack:11656]
7f30ea23f000-7f30ea242000 ---p 00000000 00:00 0 
7f30ea242000-7f30ea340000 rw-p 00000000 00:00 0                          [stack:11655]
7f30ea340000-7f30ea343000 ---p 00000000 00:00 0 
7f30ea343000-7f30ea441000 rw-p 00000000 00:00 0                          [stack:11654]
7f30ea441000-7f30ea444000 ---p 00000000 00:00 0 
7f30ea444000-7f30ea542000 rw-p 00000000 00:00 0                          [stack:11653]
7f30ea542000-7f30ea545000 ---p 00000000 00:00 0 
7f30ea545000-7f30ea643000 rw-p 00000000 00:00 0                          [stack:11652]
7f30ea643000-7f30ea90d000 r--p 00000000 08:02 16913797                   /usr/lib/locale/locale-archive
7f30ea90d000-7f30ea910000 ---p 00000000 00:00 0 
7f30ea910000-7f30eaa0e000 rw-p 00000000 00:00 0                          [stack:11651]
7f30eaa0e000-7f30eaa11000 ---p 00000000 00:00 0 
7f30eaa11000-7f30eab0f000 rw-p 00000000 00:00 0                          [stack:11650]
7f30eab0f000-7f30eab10000 ---p 00000000 00:00 0 
7f30eab10000-7f30ebb1f000 rw-p 00000000 00:00 0                          [stack:11649]
7f30ebb1f000-7f30ebcd0000 r--s 01d29000 08:02 17040002                   /usr/lib/jvm/java-7-openjdk-amd64/jre/lib/rt.jar
7f30ebcd0000-7f30f0000000 rw-p 00000000 00:00 0 
7f30f0000000-7f30f0021000 rw-p 00000000 00:00 0 
7f30f0021000-7f30f4000000 ---p 00000000 00:00 0 
7f30f4000000-7f30f4021000 rw-p 00000000 00:00 0 
7f30f4021000-7f30f8000000 ---p 00000000 00:00 0 
7f30f8000000-7f30f8021000 rw-p 00000000 00:00 0 
7f30f8021000-7f30fc000000 ---p 00000000 00:00 0 
7f30fc000000-7f30fc021000 rw-p 00000000 00:00 0 
7f30fc021000-7f3100000000 ---p 00000000 00:00 0 
7f3100055000-7f310005a000 r--s 0004d000 08:02 17043674                   /usr/lib/jvm/java-7-openjdk-amd64/jre/lib/jsse.jar
7f310005a000-7f3100064000 r--s 000ae000 08:02 17041283                   /usr/lib/jvm/java-7-openjdk-amd64/jre/lib/resources.jar
7f3100064000-7f310006e000 r--s 00203000 08:02 17041035                   /usr/lib/jvm/java-7-openjdk-amd64/jre/lib/charsets.jar
7f310006e000-7f310007f000 r--s 00155000 08:02 29367542                   /home/christina/.m2/repository/net/java/dev/jna/jna-platform/4.1.0/jna-platform-4.1.0.jar
7f310007f000-7f3100083000 r--s 000dc000 08:02 29629281                   /home/christina/.m2/repository/net/java/dev/jna/jna/4.1.0/jna-4.1.0.jar
7f3100083000-7f3100633000 rw-p 00000000 00:00 0 
7f3100633000-7f3100634000 ---p 00000000 00:00 0 
7f3100634000-7f3100734000 rw-p 00000000 00:00 0                          [stack:11648]
7f3100734000-7f3100735000 ---p 00000000 00:00 0 
7f3100735000-7f3100835000 rw-p 00000000 00:00 0                          [stack:11647]
7f3100835000-7f3100836000 ---p 00000000 00:00 0 
7f3100836000-7f3100960000 rw-p 00000000 00:00 0                          [stack:11646]
7f3100960000-7f3100bcc000 rw-p 00000000 00:00 0 
7f3100bcc000-7f3100bd7000 rw-p 00000000 00:00 0 
7f3100bd7000-7f3100c1f000 rw-p 00000000 00:00 0 
7f3100c1f000-7f3100c49000 rw-p 00000000 00:00 0 
7f3100c49000-7f3100eb4000 rw-p 00000000 00:00 0 
7f3100eb4000-7f3100ec9000 rw-p 00000000 00:00 0 
7f3100ec9000-7f3100fff000 rw-p 00000000 00:00 0 
7f3100fff000-7f3101000000 rw-p 00000000 00:00 0 
7f3101000000-7f3101270000 rwxp 00000000 00:00 0 
7f3101270000-7f31043fc000 rw-p 00000000 00:00 0 
7f31043fc000-7f3108000000 ---p 00000000 00:00 0 
7f3108002000-7f3108096000 rw-p 00000000 00:00 0 
7f3108096000-7f3108097000 ---p 00000000 00:00 0 
7f3108097000-7f31081a2000 rw-p 00000000 00:00 0                          [stack:11645]
7f31081a2000-7f31081ea000 rw-p 00000000 00:00 0 
7f31081ea000-7f31081f2000 r-xp 00000000 08:02 17045640                   /usr/lib/jvm/java-7-openjdk-amd64/jre/lib/amd64/libzip.so
7f31081f2000-7f31083f1000 ---p 00008000 08:02 17045640                   /usr/lib/jvm/java-7-openjdk-amd64/jre/lib/amd64/libzip.so
7f31083f1000-7f31083f2000 r--p 00007000 08:02 17045640                   /usr/lib/jvm/java-7-openjdk-amd64/jre/lib/amd64/libzip.so
7f31083f2000-7f31083f3000 rw-p 00008000 08:02 17045640                   /usr/lib/jvm/java-7-openjdk-amd64/jre/lib/amd64/libzip.so
7f31083f3000-7f31083fe000 r-xp 00000000 08:02 4195290                    /lib/x86_64-linux-gnu/libnss_files-2.19.so
7f31083fe000-7f31085fd000 ---p 0000b000 08:02 4195290                    /lib/x86_64-linux-gnu/libnss_files-2.19.so
7f31085fd000-7f31085fe000 r--p 0000a000 08:02 4195290                    /lib/x86_64-linux-gnu/libnss_files-2.19.so
7f31085fe000-7f31085ff000 rw-p 0000b000 08:02 4195290                    /lib/x86_64-linux-gnu/libnss_files-2.19.so
7f31085ff000-7f310860a000 r-xp 00000000 08:02 4195511                    /lib/x86_64-linux-gnu/libnss_nis-2.19.so
7f310860a000-7f3108809000 ---p 0000b000 08:02 4195511                    /lib/x86_64-linux-gnu/libnss_nis-2.19.so
7f3108809000-7f310880a000 r--p 0000a000 08:02 4195511                    /lib/x86_64-linux-gnu/libnss_nis-2.19.so
7f310880a000-7f310880b000 rw-p 0000b000 08:02 4195511                    /lib/x86_64-linux-gnu/libnss_nis-2.19.so
7f310880b000-7f3108822000 r-xp 00000000 08:02 4195500                    /lib/x86_64-linux-gnu/libnsl-2.19.so
7f3108822000-7f3108a21000 ---p 00017000 08:02 4195500                    /lib/x86_64-linux-gnu/libnsl-2.19.so
7f3108a21000-7f3108a22000 r--p 00016000 08:02 4195500                    /lib/x86_64-linux-gnu/libnsl-2.19.so
7f3108a22000-7f3108a23000 rw-p 00017000 08:02 4195500                    /lib/x86_64-linux-gnu/libnsl-2.19.so
7f3108a23000-7f3108a25000 rw-p 00000000 00:00 0 
7f3108a25000-7f3108a2e000 r-xp 00000000 08:02 4195499                    /lib/x86_64-linux-gnu/libnss_compat-2.19.so
7f3108a2e000-7f3108c2d000 ---p 00009000 08:02 4195499                    /lib/x86_64-linux-gnu/libnss_compat-2.19.so
7f3108c2d000-7f3108c2e000 r--p 00008000 08:02 4195499                    /lib/x86_64-linux-gnu/libnss_compat-2.19.so
7f3108c2e000-7f3108c2f000 rw-p 00009000 08:02 4195499                    /lib/x86_64-linux-gnu/libnss_compat-2.19.so
7f3108c2f000-7f3108c5a000 r-xp 00000000 08:02 17045676                   /usr/lib/jvm/java-7-openjdk-amd64/jre/lib/amd64/libjava.so
7f3108c5a000-7f3108e59000 ---p 0002b000 08:02 17045676                   /usr/lib/jvm/java-7-openjdk-amd64/jre/lib/amd64/libjava.so
7f3108e59000-7f3108e5a000 r--p 0002a000 08:02 17045676                   /usr/lib/jvm/java-7-openjdk-amd64/jre/lib/amd64/libjava.so
7f3108e5a000-7f3108e5c000 rw-p 0002b000 08:02 17045676                   /usr/lib/jvm/java-7-openjdk-amd64/jre/lib/amd64/libjava.so
7f3108e5c000-7f3108e6c000 r-xp 00000000 08:02 17045657                   /usr/lib/jvm/java-7-openjdk-amd64/jre/lib/amd64/libverify.so
7f3108e6c000-7f310906b000 ---p 00010000 08:02 17045657                   /usr/lib/jvm/java-7-openjdk-amd64/jre/lib/amd64/libverify.so
7f310906b000-7f310906d000 r--p 0000f000 08:02 17045657                   /usr/lib/jvm/java-7-openjdk-amd64/jre/lib/amd64/libverify.so
7f310906d000-7f310906e000 rw-p 00011000 08:02 17045657                   /usr/lib/jvm/java-7-openjdk-amd64/jre/lib/amd64/libverify.so
7f310906e000-7f3109075000 r-xp 00000000 08:02 4195508                    /lib/x86_64-linux-gnu/librt-2.19.so
7f3109075000-7f3109274000 ---p 00007000 08:02 4195508                    /lib/x86_64-linux-gnu/librt-2.19.so
7f3109274000-7f3109275000 r--p 00006000 08:02 4195508                    /lib/x86_64-linux-gnu/librt-2.19.so
7f3109275000-7f3109276000 rw-p 00007000 08:02 4195508                    /lib/x86_64-linux-gnu/librt-2.19.so
7f3109276000-7f310928c000 r-xp 00000000 08:02 4198231                    /lib/x86_64-linux-gnu/libgcc_s.so.1
7f310928c000-7f310948b000 ---p 00016000 08:02 4198231                    /lib/x86_64-linux-gnu/libgcc_s.so.1
7f310948b000-7f310948c000 rw-p 00015000 08:02 4198231                    /lib/x86_64-linux-gnu/libgcc_s.so.1
7f310948c000-7f3109591000 r-xp 00000000 08:02 4195289                    /lib/x86_64-linux-gnu/libm-2.19.so
7f3109591000-7f3109790000 ---p 00105000 08:02 4195289                    /lib/x86_64-linux-gnu/libm-2.19.so
7f3109790000-7f3109791000 r--p 00104000 08:02 4195289                    /lib/x86_64-linux-gnu/libm-2.19.so
7f3109791000-7f3109792000 rw-p 00105000 08:02 4195289                    /lib/x86_64-linux-gnu/libm-2.19.so
7f3109792000-7f3109878000 r-xp 00000000 08:02 16908491                   /usr/lib/x86_64-linux-gnu/libstdc++.so.6.0.19
7f3109878000-7f3109a77000 ---p 000e6000 08:02 16908491                   /usr/lib/x86_64-linux-gnu/libstdc++.so.6.0.19
7f3109a77000-7f3109a7f000 r--p 000e5000 08:02 16908491                   /usr/lib/x86_64-linux-gnu/libstdc++.so.6.0.19
7f3109a7f000-7f3109a81000 rw-p 000ed000 08:02 16908491                   /usr/lib/x86_64-linux-gnu/libstdc++.so.6.0.19
7f3109a81000-7f3109a96000 rw-p 00000000 00:00 0 
7f3109a96000-7f310a5af000 r-xp 00000000 08:02 17045644                   /usr/lib/jvm/java-7-openjdk-amd64/jre/lib/amd64/server/libjvm.so
7f310a5af000-7f310a7af000 ---p 00b19000 08:02 17045644                   /usr/lib/jvm/java-7-openjdk-amd64/jre/lib/amd64/server/libjvm.so
7f310a7af000-7f310a849000 r--p 00b19000 08:02 17045644                   /usr/lib/jvm/java-7-openjdk-amd64/jre/lib/amd64/server/libjvm.so
7f310a849000-7f310a86c000 rw-p 00bb3000 08:02 17045644                   /usr/lib/jvm/java-7-openjdk-amd64/jre/lib/amd64/server/libjvm.so
7f310a86c000-7f310a89a000 rw-p 00000000 00:00 0 
7f310a89a000-7f310a8b2000 r-xp 00000000 08:02 4198418                    /lib/x86_64-linux-gnu/libz.so.1.2.8
7f310a8b2000-7f310aab1000 ---p 00018000 08:02 4198418                    /lib/x86_64-linux-gnu/libz.so.1.2.8
7f310aab1000-7f310aab2000 r--p 00017000 08:02 4198418                    /lib/x86_64-linux-gnu/libz.so.1.2.8
7f310aab2000-7f310aab3000 rw-p 00018000 08:02 4198418                    /lib/x86_64-linux-gnu/libz.so.1.2.8
7f310aab3000-7f310aacc000 r-xp 00000000 08:02 4195506                    /lib/x86_64-linux-gnu/libpthread-2.19.so
7f310aacc000-7f310accb000 ---p 00019000 08:02 4195506                    /lib/x86_64-linux-gnu/libpthread-2.19.so
7f310accb000-7f310accc000 r--p 00018000 08:02 4195506                    /lib/x86_64-linux-gnu/libpthread-2.19.so
7f310accc000-7f310accd000 rw-p 00019000 08:02 4195506                    /lib/x86_64-linux-gnu/libpthread-2.19.so
7f310accd000-7f310acd1000 rw-p 00000000 00:00 0 
7f310acd1000-7f310acd4000 r-xp 00000000 08:02 4195494                    /lib/x86_64-linux-gnu/libdl-2.19.so
7f310acd4000-7f310aed3000 ---p 00003000 08:02 4195494                    /lib/x86_64-linux-gnu/libdl-2.19.so
7f310aed3000-7f310aed4000 r--p 00002000 08:02 4195494                    /lib/x86_64-linux-gnu/libdl-2.19.so
7f310aed4000-7f310aed5000 rw-p 00003000 08:02 4195494                    /lib/x86_64-linux-gnu/libdl-2.19.so
7f310aed5000-7f310b090000 r-xp 00000000 08:02 4195505                    /lib/x86_64-linux-gnu/libc-2.19.so
7f310b090000-7f310b28f000 ---p 001bb000 08:02 4195505                    /lib/x86_64-linux-gnu/libc-2.19.so
7f310b28f000-7f310b293000 r--p 001ba000 08:02 4195505                    /lib/x86_64-linux-gnu/libc-2.19.so
7f310b293000-7f310b295000 rw-p 001be000 08:02 4195505                    /lib/x86_64-linux-gnu/libc-2.19.so
7f310b295000-7f310b29a000 rw-p 00000000 00:00 0 
7f310b29a000-7f310b2a7000 r-xp 00000000 08:02 17045642                   /usr/lib/jvm/java-7-openjdk-amd64/jre/lib/amd64/jli/libjli.so
7f310b2a7000-7f310b4a6000 ---p 0000d000 08:02 17045642                   /usr/lib/jvm/java-7-openjdk-amd64/jre/lib/amd64/jli/libjli.so
7f310b4a6000-7f310b4a7000 r--p 0000c000 08:02 17045642                   /usr/lib/jvm/java-7-openjdk-amd64/jre/lib/amd64/jli/libjli.so
7f310b4a7000-7f310b4a8000 rw-p 0000d000 08:02 17045642                   /usr/lib/jvm/java-7-openjdk-amd64/jre/lib/amd64/jli/libjli.so
7f310b4a8000-7f310b4cb000 r-xp 00000000 08:02 4195502                    /lib/x86_64-linux-gnu/ld-2.19.so
7f310b4cb000-7f310b4cc000 rwxp 00000000 00:00 0 
7f310b4cc000-7f310b4d8000 r--s 00057000 08:02 2753038                    /home/christina/.m2/repository/uk/co/caprica/vlcj/3.10.1/vlcj-3.10.1.jar
7f310b4d8000-7f310b4df000 r--s 00064000 08:02 1573221                    /home/christina/.m2/repository/org/apache/commons/commons-lang3/3.4/commons-lang3-3.4.jar
7f310b4df000-7f310b4e2000 r--s 00023000 08:02 2360933                    /home/christina/.m2/repository/org/jdom/jdom/1.1/jdom-1.1.jar
7f310b4e2000-7f310b4e4000 r--s 00009000 08:02 2229732                    /home/christina/.m2/repository/org/slf4j/slf4j-api/1.7.21/slf4j-api-1.7.21.jar
7f310b4e4000-7f310b4ee000 rw-p 00000000 00:00 0 
7f310b4ee000-7f310b5a4000 rw-p 00000000 00:00 0 
7f310b5a4000-7f310b5a7000 ---p 00000000 00:00 0 
7f310b5a7000-7f310b6aa000 rw-p 00000000 00:00 0                          [stack:11644]
7f310b6aa000-7f310b6ae000 r--s 0003c000 08:02 17045630                   /usr/lib/jvm/java-7-openjdk-amd64/jre/lib/ext/sunpkcs11.jar
7f310b6ae000-7f310b6b0000 r--s 00012000 08:02 17045632                   /usr/lib/jvm/java-7-openjdk-amd64/jre/lib/ext/zipfs.jar
7f310b6b0000-7f310b6b4000 r--s 00085000 08:02 17045627                   /usr/lib/jvm/java-7-openjdk-amd64/jre/lib/ext/localedata.jar
7f310b6b4000-7f310b6b7000 r--s 0000f000 08:02 17045631                   /usr/lib/jvm/java-7-openjdk-amd64/jre/lib/ext/icedtea-sound.jar
7f310b6b7000-7f310b6b9000 r--s 00006000 08:02 17436325                   /usr/share/java/java-atk-wrapper.jar
7f310b6b9000-7f310b6bd000 r--s 00034000 08:02 17045629                   /usr/lib/jvm/java-7-openjdk-amd64/jre/lib/ext/sunjce_provider.jar
7f310b6bd000-7f310b6be000 r--s 00002000 08:02 17045628                   /usr/lib/jvm/java-7-openjdk-amd64/jre/lib/ext/dnsns.jar
7f310b6be000-7f310b6c6000 rw-s 00000000 08:02 13894333                   /tmp/hsperfdata_christina/11639
7f310b6c6000-7f310b6c7000 rw-p 00000000 00:00 0 
7f310b6c7000-7f310b6c8000 r--p 00000000 00:00 0 
7f310b6c8000-7f310b6ca000 rw-p 00000000 00:00 0 
7f310b6ca000-7f310b6cb000 r--p 00022000 08:02 4195502                    /lib/x86_64-linux-gnu/ld-2.19.so
7f310b6cb000-7f310b6cc000 rw-p 00023000 08:02 4195502                    /lib/x86_64-linux-gnu/ld-2.19.so
7f310b6cc000-7f310b6cd000 rw-p 00000000 00:00 0 
7fffc2086000-7fffc20a7000 rw-p 00000000 00:00 0                          [stack]
7fffc20c5000-7fffc20c7000 r-xp 00000000 00:00 0                          [vdso]
ffffffffff600000-ffffffffff601000 r-xp 00000000 00:00 0                  [vsyscall]

VM Arguments:
java_command: org.scify.talkandplay.gui.ApplicationLauncher
Launcher Type: SUN_STANDARD

Environment Variables:
JAVA_HOME=/usr/lib/jvm/java-7-openjdk-amd64
PATH=/home/christina/bin:/usr/local/sbin:/usr/local/bin:/usr/sbin:/usr/bin:/sbin:/bin:/usr/games:/usr/local/games:/usr/local/etc/android-sdk-linux:/usr/local/etc/android-sdk-linux/tools
USERNAME=christina
LD_LIBRARY_PATH=/usr/lib/jvm/java-7-openjdk-amd64/jre/lib/amd64:/usr/lib/jvm/java-7-openjdk-amd64/jre/lib/i386:
SHELL=/bin/bash
DISPLAY=:0

Signal Handlers:
SIGSEGV: [libjvm.so+0x94bab0], sa_mask[0]=0x7ffbfeff, sa_flags=0x10000004
SIGBUS: [libjvm.so+0x94bab0], sa_mask[0]=0x7ffbfeff, sa_flags=0x10000004
SIGFPE: [libjvm.so+0x7c38b0], sa_mask[0]=0x7ffbfeff, sa_flags=0x10000004
SIGPIPE: [libjvm.so+0x7c38b0], sa_mask[0]=0x7ffbfeff, sa_flags=0x10000004
SIGXFSZ: [libjvm.so+0x7c38b0], sa_mask[0]=0x7ffbfeff, sa_flags=0x10000004
SIGILL: [libjvm.so+0x7c38b0], sa_mask[0]=0x7ffbfeff, sa_flags=0x10000004
SIGUSR1: SIG_DFL, sa_mask[0]=0x00000000, sa_flags=0x00000000
SIGUSR2: [libjvm.so+0x7c3750], sa_mask[0]=0x00000004, sa_flags=0x10000004
SIGHUP: [libjvm.so+0x7c3930], sa_mask[0]=0x7ffbfeff, sa_flags=0x10000004
SIGINT: SIG_IGN, sa_mask[0]=0x00000000, sa_flags=0x00000000
SIGTERM: [libjvm.so+0x7c3930], sa_mask[0]=0x7ffbfeff, sa_flags=0x10000004
SIGQUIT: [libjvm.so+0x7c3930], sa_mask[0]=0x7ffbfeff, sa_flags=0x10000004
SIGTRAP: SIG_DFL, sa_mask[0]=0x00000000, sa_flags=0x00000000


---------------  S Y S T E M  ---------------

OS:LinuxMint 17 (qiana)
uname:Linux 3.13.0-24-generic #47-Ubuntu SMP Fri May 2 23:30:00 UTC 2014 x86_64
libc:glibc 2.19 NPTL 2.19 
rlimit: STACK 8192k, CORE 0k, NPROC 61290, NOFILE 4096, AS infinity
load average:0.89 0.81 0.84

/proc/meminfo:
MemTotal:        8120420 kB
MemFree:         2594564 kB
Buffers:          174828 kB
Cached:          1613084 kB
SwapCached:            0 kB
Active:          4061224 kB
Inactive:        1189820 kB
Active(anon):    3465100 kB
Inactive(anon):   118508 kB
Active(file):     596124 kB
Inactive(file):  1071312 kB
Unevictable:          56 kB
Mlocked:              56 kB
SwapTotal:       4064252 kB
SwapFree:        4064252 kB
Dirty:               332 kB
Writeback:             0 kB
AnonPages:       3463456 kB
Mapped:           306096 kB
Shmem:            120224 kB
Slab:             119596 kB
SReclaimable:      82212 kB
SUnreclaim:        37384 kB
KernelStack:        5488 kB
PageTables:        49948 kB
NFS_Unstable:          0 kB
Bounce:                0 kB
WritebackTmp:          0 kB
CommitLimit:     8124460 kB
Committed_AS:    9493224 kB
VmallocTotal:   34359738367 kB
VmallocUsed:      142580 kB
VmallocChunk:   34359569344 kB
HardwareCorrupted:     0 kB
AnonHugePages:   1173504 kB
HugePages_Total:       0
HugePages_Free:        0
HugePages_Rsvd:        0
HugePages_Surp:        0
Hugepagesize:       2048 kB
DirectMap4k:       74624 kB
DirectMap2M:     8257536 kB


CPU:total 4 (4 cores per cpu, 1 threads per core) family 6 model 58 stepping 9, cmov, cx8, fxsr, mmx, sse, sse2, sse3, ssse3, sse4.1, sse4.2, popcnt, avx, aes, erms, tsc, tscinvbit, tscinv

/proc/cpuinfo:
processor	: 0
vendor_id	: GenuineIntel
cpu family	: 6
model		: 58
model name	: Intel(R) Core(TM) i5-3470 CPU @ 3.20GHz
stepping	: 9
microcode	: 0x12
cpu MHz		: 1600.000
cache size	: 6144 KB
physical id	: 0
siblings	: 4
core id		: 0
cpu cores	: 4
apicid		: 0
initial apicid	: 0
fpu		: yes
fpu_exception	: yes
cpuid level	: 13
wp		: yes
flags		: fpu vme de pse tsc msr pae mce cx8 apic sep mtrr pge mca cmov pat pse36 clflush dts acpi mmx fxsr sse sse2 ss ht tm pbe syscall nx rdtscp lm constant_tsc arch_perfmon pebs bts rep_good nopl xtopology nonstop_tsc aperfmperf eagerfpu pni pclmulqdq dtes64 monitor ds_cpl vmx smx est tm2 ssse3 cx16 xtpr pdcm pcid sse4_1 sse4_2 x2apic popcnt tsc_deadline_timer aes xsave avx f16c rdrand lahf_lm ida arat epb xsaveopt pln pts dtherm tpr_shadow vnmi flexpriority ept vpid fsgsbase smep erms
bogomips	: 6385.47
clflush size	: 64
cache_alignment	: 64
address sizes	: 36 bits physical, 48 bits virtual
power management:

processor	: 1
vendor_id	: GenuineIntel
cpu family	: 6
model		: 58
model name	: Intel(R) Core(TM) i5-3470 CPU @ 3.20GHz
stepping	: 9
microcode	: 0x12
cpu MHz		: 1600.000
cache size	: 6144 KB
physical id	: 0
siblings	: 4
core id		: 1
cpu cores	: 4
apicid		: 2
initial apicid	: 2
fpu		: yes
fpu_exception	: yes
cpuid level	: 13
wp		: yes
flags		: fpu vme de pse tsc msr pae mce cx8 apic sep mtrr pge mca cmov pat pse36 clflush dts acpi mmx fxsr sse sse2 ss ht tm pbe syscall nx rdtscp lm constant_tsc arch_perfmon pebs bts rep_good nopl xtopology nonstop_tsc aperfmperf eagerfpu pni pclmulqdq dtes64 monitor ds_cpl vmx smx est tm2 ssse3 cx16 xtpr pdcm pcid sse4_1 sse4_2 x2apic popcnt tsc_deadline_timer aes xsave avx f16c rdrand lahf_lm ida arat epb xsaveopt pln pts dtherm tpr_shadow vnmi flexpriority ept vpid fsgsbase smep erms
bogomips	: 6385.47
clflush size	: 64
cache_alignment	: 64
address sizes	: 36 bits physical, 48 bits virtual
power management:

processor	: 2
vendor_id	: GenuineIntel
cpu family	: 6
model		: 58
model name	: Intel(R) Core(TM) i5-3470 CPU @ 3.20GHz
stepping	: 9
microcode	: 0x12
cpu MHz		: 3201.000
cache size	: 6144 KB
physical id	: 0
siblings	: 4
core id		: 2
cpu cores	: 4
apicid		: 4
initial apicid	: 4
fpu		: yes
fpu_exception	: yes
cpuid level	: 13
wp		: yes
flags		: fpu vme de pse tsc msr pae mce cx8 apic sep mtrr pge mca cmov pat pse36 clflush dts acpi mmx fxsr sse sse2 ss ht tm pbe syscall nx rdtscp lm constant_tsc arch_perfmon pebs bts rep_good nopl xtopology nonstop_tsc aperfmperf eagerfpu pni pclmulqdq dtes64 monitor ds_cpl vmx smx est tm2 ssse3 cx16 xtpr pdcm pcid sse4_1 sse4_2 x2apic popcnt tsc_deadline_timer aes xsave avx f16c rdrand lahf_lm ida arat epb xsaveopt pln pts dtherm tpr_shadow vnmi flexpriority ept vpid fsgsbase smep erms
bogomips	: 6385.47
clflush size	: 64
cache_alignment	: 64
address sizes	: 36 bits physical, 48 bits virtual
power management:

processor	: 3
vendor_id	: GenuineIntel
cpu family	: 6
model		: 58
model name	: Intel(R) Core(TM) i5-3470 CPU @ 3.20GHz
stepping	: 9
microcode	: 0x12
cpu MHz		: 1600.000
cache size	: 6144 KB
physical id	: 0
siblings	: 4
core id		: 3
cpu cores	: 4
apicid		: 6
initial apicid	: 6
fpu		: yes
fpu_exception	: yes
cpuid level	: 13
wp		: yes
flags		: fpu vme de pse tsc msr pae mce cx8 apic sep mtrr pge mca cmov pat pse36 clflush dts acpi mmx fxsr sse sse2 ss ht tm pbe syscall nx rdtscp lm constant_tsc arch_perfmon pebs bts rep_good nopl xtopology nonstop_tsc aperfmperf eagerfpu pni pclmulqdq dtes64 monitor ds_cpl vmx smx est tm2 ssse3 cx16 xtpr pdcm pcid sse4_1 sse4_2 x2apic popcnt tsc_deadline_timer aes xsave avx f16c rdrand lahf_lm ida arat epb xsaveopt pln pts dtherm tpr_shadow vnmi flexpriority ept vpid fsgsbase smep erms
bogomips	: 6385.47
clflush size	: 64
cache_alignment	: 64
address sizes	: 36 bits physical, 48 bits virtual
power management:



Memory: 4k page, physical 8120420k(2594564k free), swap 4064252k(4064252k free)

vm_info: OpenJDK 64-Bit Server VM (24.79-b02) for linux-amd64 JRE (1.7.0_79-b14), built on Jul 24 2015 08:15:54 by "buildd" with gcc 4.8.2

time: Mon Jun 13 17:42:42 2016
elapsed time: 0 seconds

